[2026-03-29T08:27:35.338+0000] {processor.py:161} INFO - Started process (PID=169) to work on /opt/airflow/dags/frankfurter_dag.py
[2026-03-29T08:27:35.339+0000] {processor.py:830} INFO - Processing file /opt/airflow/dags/frankfurter_dag.py for tasks to queue
[2026-03-29T08:27:35.341+0000] {logging_mixin.py:188} INFO - [2026-03-29T08:27:35.341+0000] {dagbag.py:538} INFO - Filling up the DagBag from /opt/airflow/dags/frankfurter_dag.py
[2026-03-29T08:27:35.442+0000] {processor.py:840} INFO - DAG(s) 'frankfurter_exchange_rates' retrieved from /opt/airflow/dags/frankfurter_dag.py
[2026-03-29T08:27:35.452+0000] {logging_mixin.py:188} INFO - [2026-03-29T08:27:35.452+0000] {dag.py:3036} INFO - Sync 1 DAGs
[2026-03-29T08:27:35.461+0000] {logging_mixin.py:188} INFO - [2026-03-29T08:27:35.461+0000] {dag.py:3823} INFO - Setting next_dagrun for frankfurter_exchange_rates to 2026-03-28 00:00:00+00:00, run_after=2026-03-29 00:00:00+00:00
[2026-03-29T08:27:35.467+0000] {processor.py:183} INFO - Processing /opt/airflow/dags/frankfurter_dag.py took 0.131 seconds
[2026-03-29T08:28:05.591+0000] {processor.py:161} INFO - Started process (PID=174) to work on /opt/airflow/dags/frankfurter_dag.py
[2026-03-29T08:28:05.592+0000] {processor.py:830} INFO - Processing file /opt/airflow/dags/frankfurter_dag.py for tasks to queue
[2026-03-29T08:28:05.593+0000] {logging_mixin.py:188} INFO - [2026-03-29T08:28:05.593+0000] {dagbag.py:538} INFO - Filling up the DagBag from /opt/airflow/dags/frankfurter_dag.py
[2026-03-29T08:28:05.635+0000] {processor.py:840} INFO - DAG(s) 'frankfurter_exchange_rates' retrieved from /opt/airflow/dags/frankfurter_dag.py
[2026-03-29T08:28:05.730+0000] {logging_mixin.py:188} INFO - [2026-03-29T08:28:05.730+0000] {dag.py:3036} INFO - Sync 1 DAGs
[2026-03-29T08:28:05.738+0000] {logging_mixin.py:188} INFO - [2026-03-29T08:28:05.738+0000] {dag.py:3823} INFO - Setting next_dagrun for frankfurter_exchange_rates to 2026-03-28 00:00:00+00:00, run_after=2026-03-29 00:00:00+00:00
[2026-03-29T08:28:05.746+0000] {processor.py:183} INFO - Processing /opt/airflow/dags/frankfurter_dag.py took 0.161 seconds
[2026-03-29T08:28:36.017+0000] {processor.py:161} INFO - Started process (PID=179) to work on /opt/airflow/dags/frankfurter_dag.py
[2026-03-29T08:28:36.017+0000] {processor.py:830} INFO - Processing file /opt/airflow/dags/frankfurter_dag.py for tasks to queue
[2026-03-29T08:28:36.018+0000] {logging_mixin.py:188} INFO - [2026-03-29T08:28:36.018+0000] {dagbag.py:538} INFO - Filling up the DagBag from /opt/airflow/dags/frankfurter_dag.py
[2026-03-29T08:28:36.067+0000] {processor.py:840} INFO - DAG(s) 'frankfurter_exchange_rates' retrieved from /opt/airflow/dags/frankfurter_dag.py
[2026-03-29T08:28:36.078+0000] {logging_mixin.py:188} INFO - [2026-03-29T08:28:36.077+0000] {dag.py:3036} INFO - Sync 1 DAGs
[2026-03-29T08:28:36.086+0000] {logging_mixin.py:188} INFO - [2026-03-29T08:28:36.086+0000] {dag.py:3823} INFO - Setting next_dagrun for frankfurter_exchange_rates to 2026-03-28 00:00:00+00:00, run_after=2026-03-29 00:00:00+00:00
[2026-03-29T08:28:36.092+0000] {processor.py:183} INFO - Processing /opt/airflow/dags/frankfurter_dag.py took 0.079 seconds
[2026-03-29T08:29:06.297+0000] {processor.py:161} INFO - Started process (PID=184) to work on /opt/airflow/dags/frankfurter_dag.py
[2026-03-29T08:29:06.298+0000] {processor.py:830} INFO - Processing file /opt/airflow/dags/frankfurter_dag.py for tasks to queue
[2026-03-29T08:29:06.298+0000] {logging_mixin.py:188} INFO - [2026-03-29T08:29:06.298+0000] {dagbag.py:538} INFO - Filling up the DagBag from /opt/airflow/dags/frankfurter_dag.py
[2026-03-29T08:29:06.345+0000] {processor.py:840} INFO - DAG(s) 'frankfurter_exchange_rates' retrieved from /opt/airflow/dags/frankfurter_dag.py
[2026-03-29T08:29:06.360+0000] {logging_mixin.py:188} INFO - [2026-03-29T08:29:06.360+0000] {dag.py:3036} INFO - Sync 1 DAGs
[2026-03-29T08:29:06.372+0000] {logging_mixin.py:188} INFO - [2026-03-29T08:29:06.372+0000] {dag.py:3823} INFO - Setting next_dagrun for frankfurter_exchange_rates to 2026-03-28 00:00:00+00:00, run_after=2026-03-29 00:00:00+00:00
[2026-03-29T08:29:06.379+0000] {processor.py:183} INFO - Processing /opt/airflow/dags/frankfurter_dag.py took 0.085 seconds
[2026-03-29T08:29:36.658+0000] {processor.py:161} INFO - Started process (PID=189) to work on /opt/airflow/dags/frankfurter_dag.py
[2026-03-29T08:29:36.660+0000] {processor.py:830} INFO - Processing file /opt/airflow/dags/frankfurter_dag.py for tasks to queue
[2026-03-29T08:29:36.661+0000] {logging_mixin.py:188} INFO - [2026-03-29T08:29:36.661+0000] {dagbag.py:538} INFO - Filling up the DagBag from /opt/airflow/dags/frankfurter_dag.py
[2026-03-29T08:29:36.703+0000] {processor.py:840} INFO - DAG(s) 'frankfurter_exchange_rates' retrieved from /opt/airflow/dags/frankfurter_dag.py
[2026-03-29T08:29:36.719+0000] {logging_mixin.py:188} INFO - [2026-03-29T08:29:36.719+0000] {dag.py:3036} INFO - Sync 1 DAGs
[2026-03-29T08:29:36.729+0000] {logging_mixin.py:188} INFO - [2026-03-29T08:29:36.729+0000] {dag.py:3823} INFO - Setting next_dagrun for frankfurter_exchange_rates to 2026-03-28 00:00:00+00:00, run_after=2026-03-29 00:00:00+00:00
[2026-03-29T08:29:36.736+0000] {processor.py:183} INFO - Processing /opt/airflow/dags/frankfurter_dag.py took 0.083 seconds
[2026-03-29T08:30:06.941+0000] {processor.py:161} INFO - Started process (PID=198) to work on /opt/airflow/dags/frankfurter_dag.py
[2026-03-29T08:30:06.941+0000] {processor.py:830} INFO - Processing file /opt/airflow/dags/frankfurter_dag.py for tasks to queue
[2026-03-29T08:30:06.942+0000] {logging_mixin.py:188} INFO - [2026-03-29T08:30:06.941+0000] {dagbag.py:538} INFO - Filling up the DagBag from /opt/airflow/dags/frankfurter_dag.py
[2026-03-29T08:30:06.977+0000] {processor.py:840} INFO - DAG(s) 'frankfurter_exchange_rates' retrieved from /opt/airflow/dags/frankfurter_dag.py
[2026-03-29T08:30:06.991+0000] {logging_mixin.py:188} INFO - [2026-03-29T08:30:06.991+0000] {dag.py:3036} INFO - Sync 1 DAGs
[2026-03-29T08:30:07.001+0000] {logging_mixin.py:188} INFO - [2026-03-29T08:30:07.001+0000] {dag.py:3823} INFO - Setting next_dagrun for frankfurter_exchange_rates to 2026-03-29 00:00:00+00:00, run_after=2026-03-30 00:00:00+00:00
[2026-03-29T08:30:07.008+0000] {processor.py:183} INFO - Processing /opt/airflow/dags/frankfurter_dag.py took 0.069 seconds
[2026-03-29T08:30:37.233+0000] {processor.py:161} INFO - Started process (PID=203) to work on /opt/airflow/dags/frankfurter_dag.py
[2026-03-29T08:30:37.234+0000] {processor.py:830} INFO - Processing file /opt/airflow/dags/frankfurter_dag.py for tasks to queue
[2026-03-29T08:30:37.234+0000] {logging_mixin.py:188} INFO - [2026-03-29T08:30:37.234+0000] {dagbag.py:538} INFO - Filling up the DagBag from /opt/airflow/dags/frankfurter_dag.py
[2026-03-29T08:30:37.271+0000] {processor.py:840} INFO - DAG(s) 'frankfurter_exchange_rates' retrieved from /opt/airflow/dags/frankfurter_dag.py
[2026-03-29T08:30:37.283+0000] {logging_mixin.py:188} INFO - [2026-03-29T08:30:37.283+0000] {dag.py:3036} INFO - Sync 1 DAGs
[2026-03-29T08:30:37.292+0000] {logging_mixin.py:188} INFO - [2026-03-29T08:30:37.292+0000] {dag.py:3823} INFO - Setting next_dagrun for frankfurter_exchange_rates to 2026-03-29 00:00:00+00:00, run_after=2026-03-30 00:00:00+00:00
[2026-03-29T08:30:37.298+0000] {processor.py:183} INFO - Processing /opt/airflow/dags/frankfurter_dag.py took 0.068 seconds
[2026-03-29T08:31:07.541+0000] {processor.py:161} INFO - Started process (PID=208) to work on /opt/airflow/dags/frankfurter_dag.py
[2026-03-29T08:31:07.542+0000] {processor.py:830} INFO - Processing file /opt/airflow/dags/frankfurter_dag.py for tasks to queue
[2026-03-29T08:31:07.542+0000] {logging_mixin.py:188} INFO - [2026-03-29T08:31:07.542+0000] {dagbag.py:538} INFO - Filling up the DagBag from /opt/airflow/dags/frankfurter_dag.py
[2026-03-29T08:31:07.586+0000] {processor.py:840} INFO - DAG(s) 'frankfurter_exchange_rates' retrieved from /opt/airflow/dags/frankfurter_dag.py
[2026-03-29T08:31:07.598+0000] {logging_mixin.py:188} INFO - [2026-03-29T08:31:07.598+0000] {dag.py:3036} INFO - Sync 1 DAGs
[2026-03-29T08:31:07.607+0000] {logging_mixin.py:188} INFO - [2026-03-29T08:31:07.607+0000] {dag.py:3823} INFO - Setting next_dagrun for frankfurter_exchange_rates to 2026-03-29 00:00:00+00:00, run_after=2026-03-30 00:00:00+00:00
[2026-03-29T08:31:07.613+0000] {processor.py:183} INFO - Processing /opt/airflow/dags/frankfurter_dag.py took 0.076 seconds
[2026-03-29T08:31:37.872+0000] {processor.py:161} INFO - Started process (PID=213) to work on /opt/airflow/dags/frankfurter_dag.py
[2026-03-29T08:31:37.873+0000] {processor.py:830} INFO - Processing file /opt/airflow/dags/frankfurter_dag.py for tasks to queue
[2026-03-29T08:31:37.874+0000] {logging_mixin.py:188} INFO - [2026-03-29T08:31:37.873+0000] {dagbag.py:538} INFO - Filling up the DagBag from /opt/airflow/dags/frankfurter_dag.py
[2026-03-29T08:31:37.944+0000] {processor.py:840} INFO - DAG(s) 'frankfurter_exchange_rates' retrieved from /opt/airflow/dags/frankfurter_dag.py
[2026-03-29T08:31:37.968+0000] {logging_mixin.py:188} INFO - [2026-03-29T08:31:37.968+0000] {dag.py:3036} INFO - Sync 1 DAGs
[2026-03-29T08:31:37.985+0000] {logging_mixin.py:188} INFO - [2026-03-29T08:31:37.984+0000] {dag.py:3823} INFO - Setting next_dagrun for frankfurter_exchange_rates to 2026-03-29 00:00:00+00:00, run_after=2026-03-30 00:00:00+00:00
[2026-03-29T08:31:37.995+0000] {processor.py:183} INFO - Processing /opt/airflow/dags/frankfurter_dag.py took 0.129 seconds
[2026-03-29T08:32:08.187+0000] {processor.py:161} INFO - Started process (PID=218) to work on /opt/airflow/dags/frankfurter_dag.py
[2026-03-29T08:32:08.188+0000] {processor.py:830} INFO - Processing file /opt/airflow/dags/frankfurter_dag.py for tasks to queue
[2026-03-29T08:32:08.189+0000] {logging_mixin.py:188} INFO - [2026-03-29T08:32:08.189+0000] {dagbag.py:538} INFO - Filling up the DagBag from /opt/airflow/dags/frankfurter_dag.py
[2026-03-29T08:32:08.259+0000] {processor.py:840} INFO - DAG(s) 'frankfurter_exchange_rates' retrieved from /opt/airflow/dags/frankfurter_dag.py
[2026-03-29T08:32:08.274+0000] {logging_mixin.py:188} INFO - [2026-03-29T08:32:08.273+0000] {dag.py:3036} INFO - Sync 1 DAGs
[2026-03-29T08:32:08.285+0000] {logging_mixin.py:188} INFO - [2026-03-29T08:32:08.285+0000] {dag.py:3823} INFO - Setting next_dagrun for frankfurter_exchange_rates to 2026-03-29 00:00:00+00:00, run_after=2026-03-30 00:00:00+00:00
[2026-03-29T08:32:08.294+0000] {processor.py:183} INFO - Processing /opt/airflow/dags/frankfurter_dag.py took 0.110 seconds
[2026-03-29T08:32:38.606+0000] {processor.py:161} INFO - Started process (PID=223) to work on /opt/airflow/dags/frankfurter_dag.py
[2026-03-29T08:32:38.607+0000] {processor.py:830} INFO - Processing file /opt/airflow/dags/frankfurter_dag.py for tasks to queue
[2026-03-29T08:32:38.608+0000] {logging_mixin.py:188} INFO - [2026-03-29T08:32:38.608+0000] {dagbag.py:538} INFO - Filling up the DagBag from /opt/airflow/dags/frankfurter_dag.py
[2026-03-29T08:32:38.663+0000] {processor.py:840} INFO - DAG(s) 'frankfurter_exchange_rates' retrieved from /opt/airflow/dags/frankfurter_dag.py
[2026-03-29T08:32:38.680+0000] {logging_mixin.py:188} INFO - [2026-03-29T08:32:38.679+0000] {dag.py:3036} INFO - Sync 1 DAGs
[2026-03-29T08:32:38.689+0000] {logging_mixin.py:188} INFO - [2026-03-29T08:32:38.689+0000] {dag.py:3823} INFO - Setting next_dagrun for frankfurter_exchange_rates to 2026-03-29 00:00:00+00:00, run_after=2026-03-30 00:00:00+00:00
[2026-03-29T08:32:38.695+0000] {processor.py:183} INFO - Processing /opt/airflow/dags/frankfurter_dag.py took 0.095 seconds
[2026-03-29T08:33:08.906+0000] {processor.py:161} INFO - Started process (PID=228) to work on /opt/airflow/dags/frankfurter_dag.py
[2026-03-29T08:33:08.906+0000] {processor.py:830} INFO - Processing file /opt/airflow/dags/frankfurter_dag.py for tasks to queue
[2026-03-29T08:33:08.907+0000] {logging_mixin.py:188} INFO - [2026-03-29T08:33:08.907+0000] {dagbag.py:538} INFO - Filling up the DagBag from /opt/airflow/dags/frankfurter_dag.py
[2026-03-29T08:33:08.947+0000] {processor.py:840} INFO - DAG(s) 'frankfurter_exchange_rates' retrieved from /opt/airflow/dags/frankfurter_dag.py
[2026-03-29T08:33:08.959+0000] {logging_mixin.py:188} INFO - [2026-03-29T08:33:08.959+0000] {dag.py:3036} INFO - Sync 1 DAGs
[2026-03-29T08:33:08.967+0000] {logging_mixin.py:188} INFO - [2026-03-29T08:33:08.967+0000] {dag.py:3823} INFO - Setting next_dagrun for frankfurter_exchange_rates to 2026-03-29 00:00:00+00:00, run_after=2026-03-30 00:00:00+00:00
[2026-03-29T08:33:08.973+0000] {processor.py:183} INFO - Processing /opt/airflow/dags/frankfurter_dag.py took 0.071 seconds
[2026-03-29T08:33:39.268+0000] {processor.py:161} INFO - Started process (PID=233) to work on /opt/airflow/dags/frankfurter_dag.py
[2026-03-29T08:33:39.269+0000] {processor.py:830} INFO - Processing file /opt/airflow/dags/frankfurter_dag.py for tasks to queue
[2026-03-29T08:33:39.269+0000] {logging_mixin.py:188} INFO - [2026-03-29T08:33:39.269+0000] {dagbag.py:538} INFO - Filling up the DagBag from /opt/airflow/dags/frankfurter_dag.py
[2026-03-29T08:33:39.310+0000] {processor.py:840} INFO - DAG(s) 'frankfurter_exchange_rates' retrieved from /opt/airflow/dags/frankfurter_dag.py
[2026-03-29T08:33:39.325+0000] {logging_mixin.py:188} INFO - [2026-03-29T08:33:39.324+0000] {dag.py:3036} INFO - Sync 1 DAGs
[2026-03-29T08:33:39.335+0000] {logging_mixin.py:188} INFO - [2026-03-29T08:33:39.335+0000] {dag.py:3823} INFO - Setting next_dagrun for frankfurter_exchange_rates to 2026-03-29 00:00:00+00:00, run_after=2026-03-30 00:00:00+00:00
[2026-03-29T08:33:39.343+0000] {processor.py:183} INFO - Processing /opt/airflow/dags/frankfurter_dag.py took 0.077 seconds
[2026-03-29T08:34:09.590+0000] {processor.py:161} INFO - Started process (PID=238) to work on /opt/airflow/dags/frankfurter_dag.py
[2026-03-29T08:34:09.591+0000] {processor.py:830} INFO - Processing file /opt/airflow/dags/frankfurter_dag.py for tasks to queue
[2026-03-29T08:34:09.593+0000] {logging_mixin.py:188} INFO - [2026-03-29T08:34:09.592+0000] {dagbag.py:538} INFO - Filling up the DagBag from /opt/airflow/dags/frankfurter_dag.py
[2026-03-29T08:34:09.651+0000] {processor.py:840} INFO - DAG(s) 'frankfurter_exchange_rates' retrieved from /opt/airflow/dags/frankfurter_dag.py
[2026-03-29T08:34:09.663+0000] {logging_mixin.py:188} INFO - [2026-03-29T08:34:09.663+0000] {dag.py:3036} INFO - Sync 1 DAGs
[2026-03-29T08:34:09.671+0000] {logging_mixin.py:188} INFO - [2026-03-29T08:34:09.671+0000] {dag.py:3823} INFO - Setting next_dagrun for frankfurter_exchange_rates to 2026-03-29 00:00:00+00:00, run_after=2026-03-30 00:00:00+00:00
[2026-03-29T08:34:09.677+0000] {processor.py:183} INFO - Processing /opt/airflow/dags/frankfurter_dag.py took 0.093 seconds
[2026-03-29T08:34:39.896+0000] {processor.py:161} INFO - Started process (PID=243) to work on /opt/airflow/dags/frankfurter_dag.py
[2026-03-29T08:34:39.897+0000] {processor.py:830} INFO - Processing file /opt/airflow/dags/frankfurter_dag.py for tasks to queue
[2026-03-29T08:34:39.898+0000] {logging_mixin.py:188} INFO - [2026-03-29T08:34:39.897+0000] {dagbag.py:538} INFO - Filling up the DagBag from /opt/airflow/dags/frankfurter_dag.py
[2026-03-29T08:34:39.948+0000] {processor.py:840} INFO - DAG(s) 'frankfurter_exchange_rates' retrieved from /opt/airflow/dags/frankfurter_dag.py
[2026-03-29T08:34:39.959+0000] {logging_mixin.py:188} INFO - [2026-03-29T08:34:39.959+0000] {dag.py:3036} INFO - Sync 1 DAGs
[2026-03-29T08:34:39.968+0000] {logging_mixin.py:188} INFO - [2026-03-29T08:34:39.968+0000] {dag.py:3823} INFO - Setting next_dagrun for frankfurter_exchange_rates to 2026-03-29 00:00:00+00:00, run_after=2026-03-30 00:00:00+00:00
[2026-03-29T08:34:39.975+0000] {processor.py:183} INFO - Processing /opt/airflow/dags/frankfurter_dag.py took 0.083 seconds
[2026-03-29T08:35:10.226+0000] {processor.py:161} INFO - Started process (PID=250) to work on /opt/airflow/dags/frankfurter_dag.py
[2026-03-29T08:35:10.227+0000] {processor.py:830} INFO - Processing file /opt/airflow/dags/frankfurter_dag.py for tasks to queue
[2026-03-29T08:35:10.227+0000] {logging_mixin.py:188} INFO - [2026-03-29T08:35:10.227+0000] {dagbag.py:538} INFO - Filling up the DagBag from /opt/airflow/dags/frankfurter_dag.py
[2026-03-29T08:35:10.252+0000] {processor.py:840} INFO - DAG(s) 'frankfurter_exchange_rates' retrieved from /opt/airflow/dags/frankfurter_dag.py
[2026-03-29T08:35:10.261+0000] {logging_mixin.py:188} INFO - [2026-03-29T08:35:10.261+0000] {dag.py:3036} INFO - Sync 1 DAGs
[2026-03-29T08:35:10.268+0000] {logging_mixin.py:188} INFO - [2026-03-29T08:35:10.268+0000] {dag.py:3823} INFO - Setting next_dagrun for frankfurter_exchange_rates to 2026-03-29 00:00:00+00:00, run_after=2026-03-30 00:00:00+00:00
[2026-03-29T08:35:10.274+0000] {processor.py:183} INFO - Processing /opt/airflow/dags/frankfurter_dag.py took 0.050 seconds
[2026-03-29T08:35:40.536+0000] {processor.py:161} INFO - Started process (PID=255) to work on /opt/airflow/dags/frankfurter_dag.py
[2026-03-29T08:35:40.537+0000] {processor.py:830} INFO - Processing file /opt/airflow/dags/frankfurter_dag.py for tasks to queue
[2026-03-29T08:35:40.538+0000] {logging_mixin.py:188} INFO - [2026-03-29T08:35:40.537+0000] {dagbag.py:538} INFO - Filling up the DagBag from /opt/airflow/dags/frankfurter_dag.py
[2026-03-29T08:35:40.589+0000] {processor.py:840} INFO - DAG(s) 'frankfurter_exchange_rates' retrieved from /opt/airflow/dags/frankfurter_dag.py
[2026-03-29T08:35:40.601+0000] {logging_mixin.py:188} INFO - [2026-03-29T08:35:40.600+0000] {dag.py:3036} INFO - Sync 1 DAGs
[2026-03-29T08:35:40.610+0000] {logging_mixin.py:188} INFO - [2026-03-29T08:35:40.610+0000] {dag.py:3823} INFO - Setting next_dagrun for frankfurter_exchange_rates to 2026-03-29 00:00:00+00:00, run_after=2026-03-30 00:00:00+00:00
[2026-03-29T08:35:40.619+0000] {processor.py:183} INFO - Processing /opt/airflow/dags/frankfurter_dag.py took 0.088 seconds
[2026-03-29T08:36:10.846+0000] {processor.py:161} INFO - Started process (PID=260) to work on /opt/airflow/dags/frankfurter_dag.py
[2026-03-29T08:36:10.847+0000] {processor.py:830} INFO - Processing file /opt/airflow/dags/frankfurter_dag.py for tasks to queue
[2026-03-29T08:36:10.847+0000] {logging_mixin.py:188} INFO - [2026-03-29T08:36:10.847+0000] {dagbag.py:538} INFO - Filling up the DagBag from /opt/airflow/dags/frankfurter_dag.py
[2026-03-29T08:36:10.893+0000] {processor.py:840} INFO - DAG(s) 'frankfurter_exchange_rates' retrieved from /opt/airflow/dags/frankfurter_dag.py
[2026-03-29T08:36:10.907+0000] {logging_mixin.py:188} INFO - [2026-03-29T08:36:10.907+0000] {dag.py:3036} INFO - Sync 1 DAGs
[2026-03-29T08:36:10.921+0000] {logging_mixin.py:188} INFO - [2026-03-29T08:36:10.921+0000] {dag.py:3823} INFO - Setting next_dagrun for frankfurter_exchange_rates to 2026-03-29 00:00:00+00:00, run_after=2026-03-30 00:00:00+00:00
[2026-03-29T08:36:10.928+0000] {processor.py:183} INFO - Processing /opt/airflow/dags/frankfurter_dag.py took 0.087 seconds
[2026-03-29T08:36:41.102+0000] {processor.py:161} INFO - Started process (PID=265) to work on /opt/airflow/dags/frankfurter_dag.py
[2026-03-29T08:36:41.103+0000] {processor.py:830} INFO - Processing file /opt/airflow/dags/frankfurter_dag.py for tasks to queue
[2026-03-29T08:36:41.104+0000] {logging_mixin.py:188} INFO - [2026-03-29T08:36:41.103+0000] {dagbag.py:538} INFO - Filling up the DagBag from /opt/airflow/dags/frankfurter_dag.py
[2026-03-29T08:36:41.167+0000] {processor.py:840} INFO - DAG(s) 'frankfurter_exchange_rates' retrieved from /opt/airflow/dags/frankfurter_dag.py
[2026-03-29T08:36:41.184+0000] {logging_mixin.py:188} INFO - [2026-03-29T08:36:41.184+0000] {dag.py:3036} INFO - Sync 1 DAGs
[2026-03-29T08:36:41.193+0000] {logging_mixin.py:188} INFO - [2026-03-29T08:36:41.193+0000] {dag.py:3823} INFO - Setting next_dagrun for frankfurter_exchange_rates to 2026-03-29 00:00:00+00:00, run_after=2026-03-30 00:00:00+00:00
[2026-03-29T08:36:41.202+0000] {processor.py:183} INFO - Processing /opt/airflow/dags/frankfurter_dag.py took 0.106 seconds
[2026-03-29T08:37:11.437+0000] {processor.py:161} INFO - Started process (PID=270) to work on /opt/airflow/dags/frankfurter_dag.py
[2026-03-29T08:37:11.439+0000] {processor.py:830} INFO - Processing file /opt/airflow/dags/frankfurter_dag.py for tasks to queue
[2026-03-29T08:37:11.440+0000] {logging_mixin.py:188} INFO - [2026-03-29T08:37:11.440+0000] {dagbag.py:538} INFO - Filling up the DagBag from /opt/airflow/dags/frankfurter_dag.py
[2026-03-29T08:37:11.478+0000] {processor.py:840} INFO - DAG(s) 'frankfurter_exchange_rates' retrieved from /opt/airflow/dags/frankfurter_dag.py
[2026-03-29T08:37:11.487+0000] {logging_mixin.py:188} INFO - [2026-03-29T08:37:11.487+0000] {dag.py:3036} INFO - Sync 1 DAGs
[2026-03-29T08:37:11.495+0000] {logging_mixin.py:188} INFO - [2026-03-29T08:37:11.495+0000] {dag.py:3823} INFO - Setting next_dagrun for frankfurter_exchange_rates to 2026-03-29 00:00:00+00:00, run_after=2026-03-30 00:00:00+00:00
[2026-03-29T08:37:11.501+0000] {processor.py:183} INFO - Processing /opt/airflow/dags/frankfurter_dag.py took 0.068 seconds
[2026-03-29T08:37:41.759+0000] {processor.py:161} INFO - Started process (PID=275) to work on /opt/airflow/dags/frankfurter_dag.py
[2026-03-29T08:37:41.759+0000] {processor.py:830} INFO - Processing file /opt/airflow/dags/frankfurter_dag.py for tasks to queue
[2026-03-29T08:37:41.760+0000] {logging_mixin.py:188} INFO - [2026-03-29T08:37:41.760+0000] {dagbag.py:538} INFO - Filling up the DagBag from /opt/airflow/dags/frankfurter_dag.py
[2026-03-29T08:37:41.825+0000] {processor.py:840} INFO - DAG(s) 'frankfurter_exchange_rates' retrieved from /opt/airflow/dags/frankfurter_dag.py
[2026-03-29T08:37:41.844+0000] {logging_mixin.py:188} INFO - [2026-03-29T08:37:41.844+0000] {dag.py:3036} INFO - Sync 1 DAGs
[2026-03-29T08:37:41.857+0000] {logging_mixin.py:188} INFO - [2026-03-29T08:37:41.857+0000] {dag.py:3823} INFO - Setting next_dagrun for frankfurter_exchange_rates to 2026-03-29 00:00:00+00:00, run_after=2026-03-30 00:00:00+00:00
[2026-03-29T08:37:41.867+0000] {processor.py:183} INFO - Processing /opt/airflow/dags/frankfurter_dag.py took 0.116 seconds
[2026-03-29T08:38:12.111+0000] {processor.py:161} INFO - Started process (PID=280) to work on /opt/airflow/dags/frankfurter_dag.py
[2026-03-29T08:38:12.112+0000] {processor.py:830} INFO - Processing file /opt/airflow/dags/frankfurter_dag.py for tasks to queue
[2026-03-29T08:38:12.114+0000] {logging_mixin.py:188} INFO - [2026-03-29T08:38:12.113+0000] {dagbag.py:538} INFO - Filling up the DagBag from /opt/airflow/dags/frankfurter_dag.py
[2026-03-29T08:38:12.167+0000] {processor.py:840} INFO - DAG(s) 'frankfurter_exchange_rates' retrieved from /opt/airflow/dags/frankfurter_dag.py
[2026-03-29T08:38:12.183+0000] {logging_mixin.py:188} INFO - [2026-03-29T08:38:12.183+0000] {dag.py:3036} INFO - Sync 1 DAGs
[2026-03-29T08:38:12.193+0000] {logging_mixin.py:188} INFO - [2026-03-29T08:38:12.193+0000] {dag.py:3823} INFO - Setting next_dagrun for frankfurter_exchange_rates to 2026-03-29 00:00:00+00:00, run_after=2026-03-30 00:00:00+00:00
[2026-03-29T08:38:12.199+0000] {processor.py:183} INFO - Processing /opt/airflow/dags/frankfurter_dag.py took 0.096 seconds
[2026-03-29T08:38:42.419+0000] {processor.py:161} INFO - Started process (PID=285) to work on /opt/airflow/dags/frankfurter_dag.py
[2026-03-29T08:38:42.420+0000] {processor.py:830} INFO - Processing file /opt/airflow/dags/frankfurter_dag.py for tasks to queue
[2026-03-29T08:38:42.421+0000] {logging_mixin.py:188} INFO - [2026-03-29T08:38:42.421+0000] {dagbag.py:538} INFO - Filling up the DagBag from /opt/airflow/dags/frankfurter_dag.py
[2026-03-29T08:38:42.472+0000] {processor.py:840} INFO - DAG(s) 'frankfurter_exchange_rates' retrieved from /opt/airflow/dags/frankfurter_dag.py
[2026-03-29T08:38:42.486+0000] {logging_mixin.py:188} INFO - [2026-03-29T08:38:42.486+0000] {dag.py:3036} INFO - Sync 1 DAGs
[2026-03-29T08:38:42.496+0000] {logging_mixin.py:188} INFO - [2026-03-29T08:38:42.496+0000] {dag.py:3823} INFO - Setting next_dagrun for frankfurter_exchange_rates to 2026-03-29 00:00:00+00:00, run_after=2026-03-30 00:00:00+00:00
[2026-03-29T08:38:42.502+0000] {processor.py:183} INFO - Processing /opt/airflow/dags/frankfurter_dag.py took 0.088 seconds
[2026-03-29T08:39:12.742+0000] {processor.py:161} INFO - Started process (PID=290) to work on /opt/airflow/dags/frankfurter_dag.py
[2026-03-29T08:39:12.743+0000] {processor.py:830} INFO - Processing file /opt/airflow/dags/frankfurter_dag.py for tasks to queue
[2026-03-29T08:39:12.744+0000] {logging_mixin.py:188} INFO - [2026-03-29T08:39:12.743+0000] {dagbag.py:538} INFO - Filling up the DagBag from /opt/airflow/dags/frankfurter_dag.py
[2026-03-29T08:39:12.796+0000] {processor.py:840} INFO - DAG(s) 'frankfurter_exchange_rates' retrieved from /opt/airflow/dags/frankfurter_dag.py
[2026-03-29T08:39:12.812+0000] {logging_mixin.py:188} INFO - [2026-03-29T08:39:12.812+0000] {dag.py:3036} INFO - Sync 1 DAGs
[2026-03-29T08:39:12.826+0000] {logging_mixin.py:188} INFO - [2026-03-29T08:39:12.826+0000] {dag.py:3823} INFO - Setting next_dagrun for frankfurter_exchange_rates to 2026-03-29 00:00:00+00:00, run_after=2026-03-30 00:00:00+00:00
[2026-03-29T08:39:12.835+0000] {processor.py:183} INFO - Processing /opt/airflow/dags/frankfurter_dag.py took 0.095 seconds
[2026-03-29T08:39:43.038+0000] {processor.py:161} INFO - Started process (PID=295) to work on /opt/airflow/dags/frankfurter_dag.py
[2026-03-29T08:39:43.040+0000] {processor.py:830} INFO - Processing file /opt/airflow/dags/frankfurter_dag.py for tasks to queue
[2026-03-29T08:39:43.042+0000] {logging_mixin.py:188} INFO - [2026-03-29T08:39:43.042+0000] {dagbag.py:538} INFO - Filling up the DagBag from /opt/airflow/dags/frankfurter_dag.py
[2026-03-29T08:39:43.083+0000] {processor.py:840} INFO - DAG(s) 'frankfurter_exchange_rates' retrieved from /opt/airflow/dags/frankfurter_dag.py
[2026-03-29T08:39:43.093+0000] {logging_mixin.py:188} INFO - [2026-03-29T08:39:43.093+0000] {dag.py:3036} INFO - Sync 1 DAGs
[2026-03-29T08:39:43.102+0000] {logging_mixin.py:188} INFO - [2026-03-29T08:39:43.101+0000] {dag.py:3823} INFO - Setting next_dagrun for frankfurter_exchange_rates to 2026-03-29 00:00:00+00:00, run_after=2026-03-30 00:00:00+00:00
[2026-03-29T08:39:43.108+0000] {processor.py:183} INFO - Processing /opt/airflow/dags/frankfurter_dag.py took 0.073 seconds
[2026-03-29T08:40:16.001+0000] {processor.py:161} INFO - Started process (PID=169) to work on /opt/airflow/dags/frankfurter_dag.py
[2026-03-29T08:40:16.002+0000] {processor.py:830} INFO - Processing file /opt/airflow/dags/frankfurter_dag.py for tasks to queue
[2026-03-29T08:40:16.004+0000] {logging_mixin.py:188} INFO - [2026-03-29T08:40:16.003+0000] {dagbag.py:538} INFO - Filling up the DagBag from /opt/airflow/dags/frankfurter_dag.py
[2026-03-29T08:40:16.101+0000] {processor.py:840} INFO - DAG(s) 'frankfurter_exchange_rates' retrieved from /opt/airflow/dags/frankfurter_dag.py
[2026-03-29T08:40:16.270+0000] {logging_mixin.py:188} INFO - [2026-03-29T08:40:16.270+0000] {override.py:1769} INFO - Created Permission View: can edit on DAG:frankfurter_exchange_rates
[2026-03-29T08:40:16.276+0000] {logging_mixin.py:188} INFO - [2026-03-29T08:40:16.275+0000] {override.py:1769} INFO - Created Permission View: can read on DAG:frankfurter_exchange_rates
[2026-03-29T08:40:16.279+0000] {logging_mixin.py:188} INFO - [2026-03-29T08:40:16.279+0000] {override.py:1769} INFO - Created Permission View: can delete on DAG:frankfurter_exchange_rates
[2026-03-29T08:40:16.279+0000] {logging_mixin.py:188} INFO - [2026-03-29T08:40:16.279+0000] {dag.py:3036} INFO - Sync 1 DAGs
[2026-03-29T08:40:16.287+0000] {logging_mixin.py:188} INFO - [2026-03-29T08:40:16.287+0000] {dag.py:3058} INFO - Creating ORM DAG for frankfurter_exchange_rates
[2026-03-29T08:40:16.295+0000] {logging_mixin.py:188} INFO - [2026-03-29T08:40:16.294+0000] {dag.py:3823} INFO - Setting next_dagrun for frankfurter_exchange_rates to 2026-03-28 00:00:00+00:00, run_after=2026-03-29 00:00:00+00:00
[2026-03-29T08:40:16.304+0000] {processor.py:183} INFO - Processing /opt/airflow/dags/frankfurter_dag.py took 0.305 seconds
[2026-03-29T08:40:46.573+0000] {processor.py:161} INFO - Started process (PID=174) to work on /opt/airflow/dags/frankfurter_dag.py
[2026-03-29T08:40:46.574+0000] {processor.py:830} INFO - Processing file /opt/airflow/dags/frankfurter_dag.py for tasks to queue
[2026-03-29T08:40:46.575+0000] {logging_mixin.py:188} INFO - [2026-03-29T08:40:46.574+0000] {dagbag.py:538} INFO - Filling up the DagBag from /opt/airflow/dags/frankfurter_dag.py
[2026-03-29T08:40:46.633+0000] {processor.py:840} INFO - DAG(s) 'frankfurter_exchange_rates' retrieved from /opt/airflow/dags/frankfurter_dag.py
[2026-03-29T08:40:46.651+0000] {logging_mixin.py:188} INFO - [2026-03-29T08:40:46.651+0000] {dag.py:3036} INFO - Sync 1 DAGs
[2026-03-29T08:40:46.664+0000] {logging_mixin.py:188} INFO - [2026-03-29T08:40:46.664+0000] {dag.py:3823} INFO - Setting next_dagrun for frankfurter_exchange_rates to 2026-03-28 00:00:00+00:00, run_after=2026-03-29 00:00:00+00:00
[2026-03-29T08:40:46.672+0000] {processor.py:183} INFO - Processing /opt/airflow/dags/frankfurter_dag.py took 0.104 seconds
[2026-03-29T08:41:16.837+0000] {processor.py:161} INFO - Started process (PID=183) to work on /opt/airflow/dags/frankfurter_dag.py
[2026-03-29T08:41:16.837+0000] {processor.py:830} INFO - Processing file /opt/airflow/dags/frankfurter_dag.py for tasks to queue
[2026-03-29T08:41:16.838+0000] {logging_mixin.py:188} INFO - [2026-03-29T08:41:16.838+0000] {dagbag.py:538} INFO - Filling up the DagBag from /opt/airflow/dags/frankfurter_dag.py
[2026-03-29T08:41:16.875+0000] {processor.py:840} INFO - DAG(s) 'frankfurter_exchange_rates' retrieved from /opt/airflow/dags/frankfurter_dag.py
[2026-03-29T08:41:16.892+0000] {logging_mixin.py:188} INFO - [2026-03-29T08:41:16.892+0000] {dag.py:3036} INFO - Sync 1 DAGs
[2026-03-29T08:41:16.904+0000] {logging_mixin.py:188} INFO - [2026-03-29T08:41:16.904+0000] {dag.py:3823} INFO - Setting next_dagrun for frankfurter_exchange_rates to 2026-03-29 00:00:00+00:00, run_after=2026-03-30 00:00:00+00:00
[2026-03-29T08:41:16.917+0000] {processor.py:183} INFO - Processing /opt/airflow/dags/frankfurter_dag.py took 0.083 seconds
[2026-03-29T08:41:47.120+0000] {processor.py:161} INFO - Started process (PID=188) to work on /opt/airflow/dags/frankfurter_dag.py
[2026-03-29T08:41:47.121+0000] {processor.py:830} INFO - Processing file /opt/airflow/dags/frankfurter_dag.py for tasks to queue
[2026-03-29T08:41:47.122+0000] {logging_mixin.py:188} INFO - [2026-03-29T08:41:47.121+0000] {dagbag.py:538} INFO - Filling up the DagBag from /opt/airflow/dags/frankfurter_dag.py
[2026-03-29T08:41:47.168+0000] {processor.py:840} INFO - DAG(s) 'frankfurter_exchange_rates' retrieved from /opt/airflow/dags/frankfurter_dag.py
[2026-03-29T08:41:47.182+0000] {logging_mixin.py:188} INFO - [2026-03-29T08:41:47.182+0000] {dag.py:3036} INFO - Sync 1 DAGs
[2026-03-29T08:41:47.193+0000] {logging_mixin.py:188} INFO - [2026-03-29T08:41:47.193+0000] {dag.py:3823} INFO - Setting next_dagrun for frankfurter_exchange_rates to 2026-03-29 00:00:00+00:00, run_after=2026-03-30 00:00:00+00:00
[2026-03-29T08:41:47.200+0000] {processor.py:183} INFO - Processing /opt/airflow/dags/frankfurter_dag.py took 0.085 seconds
[2026-03-29T08:42:17.509+0000] {processor.py:161} INFO - Started process (PID=193) to work on /opt/airflow/dags/frankfurter_dag.py
[2026-03-29T08:42:17.511+0000] {processor.py:830} INFO - Processing file /opt/airflow/dags/frankfurter_dag.py for tasks to queue
[2026-03-29T08:42:17.515+0000] {logging_mixin.py:188} INFO - [2026-03-29T08:42:17.513+0000] {dagbag.py:538} INFO - Filling up the DagBag from /opt/airflow/dags/frankfurter_dag.py
[2026-03-29T08:42:17.656+0000] {processor.py:840} INFO - DAG(s) 'frankfurter_exchange_rates' retrieved from /opt/airflow/dags/frankfurter_dag.py
[2026-03-29T08:42:17.709+0000] {logging_mixin.py:188} INFO - [2026-03-29T08:42:17.709+0000] {dag.py:3036} INFO - Sync 1 DAGs
[2026-03-29T08:42:17.740+0000] {logging_mixin.py:188} INFO - [2026-03-29T08:42:17.740+0000] {dag.py:3823} INFO - Setting next_dagrun for frankfurter_exchange_rates to 2026-03-29 00:00:00+00:00, run_after=2026-03-30 00:00:00+00:00
[2026-03-29T08:42:17.753+0000] {processor.py:183} INFO - Processing /opt/airflow/dags/frankfurter_dag.py took 0.259 seconds
[2026-03-29T08:42:47.792+0000] {processor.py:161} INFO - Started process (PID=198) to work on /opt/airflow/dags/frankfurter_dag.py
[2026-03-29T08:42:47.793+0000] {processor.py:830} INFO - Processing file /opt/airflow/dags/frankfurter_dag.py for tasks to queue
[2026-03-29T08:42:47.794+0000] {logging_mixin.py:188} INFO - [2026-03-29T08:42:47.794+0000] {dagbag.py:538} INFO - Filling up the DagBag from /opt/airflow/dags/frankfurter_dag.py
[2026-03-29T08:42:47.856+0000] {processor.py:840} INFO - DAG(s) 'frankfurter_exchange_rates' retrieved from /opt/airflow/dags/frankfurter_dag.py
[2026-03-29T08:42:47.868+0000] {logging_mixin.py:188} INFO - [2026-03-29T08:42:47.868+0000] {dag.py:3036} INFO - Sync 1 DAGs
[2026-03-29T08:42:47.877+0000] {logging_mixin.py:188} INFO - [2026-03-29T08:42:47.877+0000] {dag.py:3823} INFO - Setting next_dagrun for frankfurter_exchange_rates to 2026-03-29 00:00:00+00:00, run_after=2026-03-30 00:00:00+00:00
[2026-03-29T08:42:47.882+0000] {processor.py:183} INFO - Processing /opt/airflow/dags/frankfurter_dag.py took 0.095 seconds
[2026-03-29T08:43:18.058+0000] {processor.py:161} INFO - Started process (PID=203) to work on /opt/airflow/dags/frankfurter_dag.py
[2026-03-29T08:43:18.059+0000] {processor.py:830} INFO - Processing file /opt/airflow/dags/frankfurter_dag.py for tasks to queue
[2026-03-29T08:43:18.060+0000] {logging_mixin.py:188} INFO - [2026-03-29T08:43:18.059+0000] {dagbag.py:538} INFO - Filling up the DagBag from /opt/airflow/dags/frankfurter_dag.py
[2026-03-29T08:43:18.123+0000] {processor.py:840} INFO - DAG(s) 'frankfurter_exchange_rates' retrieved from /opt/airflow/dags/frankfurter_dag.py
[2026-03-29T08:43:18.145+0000] {logging_mixin.py:188} INFO - [2026-03-29T08:43:18.144+0000] {dag.py:3036} INFO - Sync 1 DAGs
[2026-03-29T08:43:18.158+0000] {logging_mixin.py:188} INFO - [2026-03-29T08:43:18.158+0000] {dag.py:3823} INFO - Setting next_dagrun for frankfurter_exchange_rates to 2026-03-29 00:00:00+00:00, run_after=2026-03-30 00:00:00+00:00
[2026-03-29T08:43:18.168+0000] {processor.py:183} INFO - Processing /opt/airflow/dags/frankfurter_dag.py took 0.113 seconds
[2026-03-29T08:43:48.469+0000] {processor.py:161} INFO - Started process (PID=208) to work on /opt/airflow/dags/frankfurter_dag.py
[2026-03-29T08:43:48.472+0000] {processor.py:830} INFO - Processing file /opt/airflow/dags/frankfurter_dag.py for tasks to queue
[2026-03-29T08:43:48.475+0000] {logging_mixin.py:188} INFO - [2026-03-29T08:43:48.473+0000] {dagbag.py:538} INFO - Filling up the DagBag from /opt/airflow/dags/frankfurter_dag.py
[2026-03-29T08:43:48.536+0000] {processor.py:840} INFO - DAG(s) 'frankfurter_exchange_rates' retrieved from /opt/airflow/dags/frankfurter_dag.py
[2026-03-29T08:43:48.582+0000] {logging_mixin.py:188} INFO - [2026-03-29T08:43:48.582+0000] {dag.py:3036} INFO - Sync 1 DAGs
[2026-03-29T08:43:48.602+0000] {logging_mixin.py:188} INFO - [2026-03-29T08:43:48.602+0000] {dag.py:3823} INFO - Setting next_dagrun for frankfurter_exchange_rates to 2026-03-29 00:00:00+00:00, run_after=2026-03-30 00:00:00+00:00
[2026-03-29T08:43:48.624+0000] {processor.py:183} INFO - Processing /opt/airflow/dags/frankfurter_dag.py took 0.161 seconds
[2026-03-29T08:44:18.788+0000] {processor.py:161} INFO - Started process (PID=213) to work on /opt/airflow/dags/frankfurter_dag.py
[2026-03-29T08:44:18.789+0000] {processor.py:830} INFO - Processing file /opt/airflow/dags/frankfurter_dag.py for tasks to queue
[2026-03-29T08:44:18.790+0000] {logging_mixin.py:188} INFO - [2026-03-29T08:44:18.790+0000] {dagbag.py:538} INFO - Filling up the DagBag from /opt/airflow/dags/frankfurter_dag.py
[2026-03-29T08:44:18.872+0000] {processor.py:840} INFO - DAG(s) 'frankfurter_exchange_rates' retrieved from /opt/airflow/dags/frankfurter_dag.py
[2026-03-29T08:44:18.900+0000] {logging_mixin.py:188} INFO - [2026-03-29T08:44:18.900+0000] {dag.py:3036} INFO - Sync 1 DAGs
[2026-03-29T08:44:18.913+0000] {logging_mixin.py:188} INFO - [2026-03-29T08:44:18.913+0000] {dag.py:3823} INFO - Setting next_dagrun for frankfurter_exchange_rates to 2026-03-29 00:00:00+00:00, run_after=2026-03-30 00:00:00+00:00
[2026-03-29T08:44:18.922+0000] {processor.py:183} INFO - Processing /opt/airflow/dags/frankfurter_dag.py took 0.139 seconds
[2026-03-29T08:44:49.219+0000] {processor.py:161} INFO - Started process (PID=218) to work on /opt/airflow/dags/frankfurter_dag.py
[2026-03-29T08:44:49.220+0000] {processor.py:830} INFO - Processing file /opt/airflow/dags/frankfurter_dag.py for tasks to queue
[2026-03-29T08:44:49.221+0000] {logging_mixin.py:188} INFO - [2026-03-29T08:44:49.221+0000] {dagbag.py:538} INFO - Filling up the DagBag from /opt/airflow/dags/frankfurter_dag.py
[2026-03-29T08:44:49.272+0000] {processor.py:840} INFO - DAG(s) 'frankfurter_exchange_rates' retrieved from /opt/airflow/dags/frankfurter_dag.py
[2026-03-29T08:44:49.284+0000] {logging_mixin.py:188} INFO - [2026-03-29T08:44:49.284+0000] {dag.py:3036} INFO - Sync 1 DAGs
[2026-03-29T08:44:49.294+0000] {logging_mixin.py:188} INFO - [2026-03-29T08:44:49.294+0000] {dag.py:3823} INFO - Setting next_dagrun for frankfurter_exchange_rates to 2026-03-29 00:00:00+00:00, run_after=2026-03-30 00:00:00+00:00
[2026-03-29T08:44:49.300+0000] {processor.py:183} INFO - Processing /opt/airflow/dags/frankfurter_dag.py took 0.087 seconds
[2026-03-29T08:45:19.544+0000] {processor.py:161} INFO - Started process (PID=223) to work on /opt/airflow/dags/frankfurter_dag.py
[2026-03-29T08:45:19.545+0000] {processor.py:830} INFO - Processing file /opt/airflow/dags/frankfurter_dag.py for tasks to queue
[2026-03-29T08:45:19.546+0000] {logging_mixin.py:188} INFO - [2026-03-29T08:45:19.545+0000] {dagbag.py:538} INFO - Filling up the DagBag from /opt/airflow/dags/frankfurter_dag.py
[2026-03-29T08:45:19.580+0000] {processor.py:840} INFO - DAG(s) 'frankfurter_exchange_rates' retrieved from /opt/airflow/dags/frankfurter_dag.py
[2026-03-29T08:45:19.591+0000] {logging_mixin.py:188} INFO - [2026-03-29T08:45:19.591+0000] {dag.py:3036} INFO - Sync 1 DAGs
[2026-03-29T08:45:19.600+0000] {logging_mixin.py:188} INFO - [2026-03-29T08:45:19.600+0000] {dag.py:3823} INFO - Setting next_dagrun for frankfurter_exchange_rates to 2026-03-29 00:00:00+00:00, run_after=2026-03-30 00:00:00+00:00
[2026-03-29T08:45:19.606+0000] {processor.py:183} INFO - Processing /opt/airflow/dags/frankfurter_dag.py took 0.066 seconds
[2026-03-29T08:45:49.816+0000] {processor.py:161} INFO - Started process (PID=228) to work on /opt/airflow/dags/frankfurter_dag.py
[2026-03-29T08:45:49.817+0000] {processor.py:830} INFO - Processing file /opt/airflow/dags/frankfurter_dag.py for tasks to queue
[2026-03-29T08:45:49.817+0000] {logging_mixin.py:188} INFO - [2026-03-29T08:45:49.817+0000] {dagbag.py:538} INFO - Filling up the DagBag from /opt/airflow/dags/frankfurter_dag.py
[2026-03-29T08:45:49.852+0000] {processor.py:840} INFO - DAG(s) 'frankfurter_exchange_rates' retrieved from /opt/airflow/dags/frankfurter_dag.py
[2026-03-29T08:45:49.862+0000] {logging_mixin.py:188} INFO - [2026-03-29T08:45:49.862+0000] {dag.py:3036} INFO - Sync 1 DAGs
[2026-03-29T08:45:49.870+0000] {logging_mixin.py:188} INFO - [2026-03-29T08:45:49.870+0000] {dag.py:3823} INFO - Setting next_dagrun for frankfurter_exchange_rates to 2026-03-29 00:00:00+00:00, run_after=2026-03-30 00:00:00+00:00
[2026-03-29T08:45:49.875+0000] {processor.py:183} INFO - Processing /opt/airflow/dags/frankfurter_dag.py took 0.062 seconds
[2026-03-29T08:46:20.098+0000] {processor.py:161} INFO - Started process (PID=233) to work on /opt/airflow/dags/frankfurter_dag.py
[2026-03-29T08:46:20.099+0000] {processor.py:830} INFO - Processing file /opt/airflow/dags/frankfurter_dag.py for tasks to queue
[2026-03-29T08:46:20.100+0000] {logging_mixin.py:188} INFO - [2026-03-29T08:46:20.100+0000] {dagbag.py:538} INFO - Filling up the DagBag from /opt/airflow/dags/frankfurter_dag.py
[2026-03-29T08:46:20.156+0000] {processor.py:840} INFO - DAG(s) 'frankfurter_exchange_rates' retrieved from /opt/airflow/dags/frankfurter_dag.py
[2026-03-29T08:46:20.170+0000] {logging_mixin.py:188} INFO - [2026-03-29T08:46:20.170+0000] {dag.py:3036} INFO - Sync 1 DAGs
[2026-03-29T08:46:20.180+0000] {logging_mixin.py:188} INFO - [2026-03-29T08:46:20.180+0000] {dag.py:3823} INFO - Setting next_dagrun for frankfurter_exchange_rates to 2026-03-29 00:00:00+00:00, run_after=2026-03-30 00:00:00+00:00
[2026-03-29T08:46:20.187+0000] {processor.py:183} INFO - Processing /opt/airflow/dags/frankfurter_dag.py took 0.093 seconds
[2026-03-29T08:46:50.387+0000] {processor.py:161} INFO - Started process (PID=238) to work on /opt/airflow/dags/frankfurter_dag.py
[2026-03-29T08:46:50.390+0000] {processor.py:830} INFO - Processing file /opt/airflow/dags/frankfurter_dag.py for tasks to queue
[2026-03-29T08:46:50.391+0000] {logging_mixin.py:188} INFO - [2026-03-29T08:46:50.390+0000] {dagbag.py:538} INFO - Filling up the DagBag from /opt/airflow/dags/frankfurter_dag.py
[2026-03-29T08:46:50.449+0000] {processor.py:840} INFO - DAG(s) 'frankfurter_exchange_rates' retrieved from /opt/airflow/dags/frankfurter_dag.py
[2026-03-29T08:46:50.467+0000] {logging_mixin.py:188} INFO - [2026-03-29T08:46:50.467+0000] {dag.py:3036} INFO - Sync 1 DAGs
[2026-03-29T08:46:50.480+0000] {logging_mixin.py:188} INFO - [2026-03-29T08:46:50.480+0000] {dag.py:3823} INFO - Setting next_dagrun for frankfurter_exchange_rates to 2026-03-29 00:00:00+00:00, run_after=2026-03-30 00:00:00+00:00
[2026-03-29T08:46:50.488+0000] {processor.py:183} INFO - Processing /opt/airflow/dags/frankfurter_dag.py took 0.105 seconds
[2026-03-29T08:47:20.687+0000] {processor.py:161} INFO - Started process (PID=243) to work on /opt/airflow/dags/frankfurter_dag.py
[2026-03-29T08:47:20.689+0000] {processor.py:830} INFO - Processing file /opt/airflow/dags/frankfurter_dag.py for tasks to queue
[2026-03-29T08:47:20.691+0000] {logging_mixin.py:188} INFO - [2026-03-29T08:47:20.690+0000] {dagbag.py:538} INFO - Filling up the DagBag from /opt/airflow/dags/frankfurter_dag.py
[2026-03-29T08:47:20.734+0000] {processor.py:840} INFO - DAG(s) 'frankfurter_exchange_rates' retrieved from /opt/airflow/dags/frankfurter_dag.py
[2026-03-29T08:47:20.746+0000] {logging_mixin.py:188} INFO - [2026-03-29T08:47:20.746+0000] {dag.py:3036} INFO - Sync 1 DAGs
[2026-03-29T08:47:20.756+0000] {logging_mixin.py:188} INFO - [2026-03-29T08:47:20.755+0000] {dag.py:3823} INFO - Setting next_dagrun for frankfurter_exchange_rates to 2026-03-29 00:00:00+00:00, run_after=2026-03-30 00:00:00+00:00
[2026-03-29T08:47:20.762+0000] {processor.py:183} INFO - Processing /opt/airflow/dags/frankfurter_dag.py took 0.079 seconds
[2026-03-29T08:47:51.003+0000] {processor.py:161} INFO - Started process (PID=248) to work on /opt/airflow/dags/frankfurter_dag.py
[2026-03-29T08:47:51.004+0000] {processor.py:830} INFO - Processing file /opt/airflow/dags/frankfurter_dag.py for tasks to queue
[2026-03-29T08:47:51.006+0000] {logging_mixin.py:188} INFO - [2026-03-29T08:47:51.005+0000] {dagbag.py:538} INFO - Filling up the DagBag from /opt/airflow/dags/frankfurter_dag.py
[2026-03-29T08:47:51.058+0000] {processor.py:840} INFO - DAG(s) 'frankfurter_exchange_rates' retrieved from /opt/airflow/dags/frankfurter_dag.py
[2026-03-29T08:47:51.081+0000] {logging_mixin.py:188} INFO - [2026-03-29T08:47:51.081+0000] {dag.py:3036} INFO - Sync 1 DAGs
[2026-03-29T08:47:51.098+0000] {logging_mixin.py:188} INFO - [2026-03-29T08:47:51.098+0000] {dag.py:3823} INFO - Setting next_dagrun for frankfurter_exchange_rates to 2026-03-29 00:00:00+00:00, run_after=2026-03-30 00:00:00+00:00
[2026-03-29T08:47:51.107+0000] {processor.py:183} INFO - Processing /opt/airflow/dags/frankfurter_dag.py took 0.110 seconds
[2026-03-29T08:48:21.387+0000] {processor.py:161} INFO - Started process (PID=253) to work on /opt/airflow/dags/frankfurter_dag.py
[2026-03-29T08:48:21.388+0000] {processor.py:830} INFO - Processing file /opt/airflow/dags/frankfurter_dag.py for tasks to queue
[2026-03-29T08:48:21.389+0000] {logging_mixin.py:188} INFO - [2026-03-29T08:48:21.389+0000] {dagbag.py:538} INFO - Filling up the DagBag from /opt/airflow/dags/frankfurter_dag.py
[2026-03-29T08:48:21.436+0000] {processor.py:840} INFO - DAG(s) 'frankfurter_exchange_rates' retrieved from /opt/airflow/dags/frankfurter_dag.py
[2026-03-29T08:48:21.454+0000] {logging_mixin.py:188} INFO - [2026-03-29T08:48:21.453+0000] {dag.py:3036} INFO - Sync 1 DAGs
[2026-03-29T08:48:21.465+0000] {logging_mixin.py:188} INFO - [2026-03-29T08:48:21.465+0000] {dag.py:3823} INFO - Setting next_dagrun for frankfurter_exchange_rates to 2026-03-29 00:00:00+00:00, run_after=2026-03-30 00:00:00+00:00
[2026-03-29T08:48:21.472+0000] {processor.py:183} INFO - Processing /opt/airflow/dags/frankfurter_dag.py took 0.091 seconds
[2026-03-29T08:48:51.740+0000] {processor.py:161} INFO - Started process (PID=258) to work on /opt/airflow/dags/frankfurter_dag.py
[2026-03-29T08:48:51.741+0000] {processor.py:830} INFO - Processing file /opt/airflow/dags/frankfurter_dag.py for tasks to queue
[2026-03-29T08:48:51.742+0000] {logging_mixin.py:188} INFO - [2026-03-29T08:48:51.742+0000] {dagbag.py:538} INFO - Filling up the DagBag from /opt/airflow/dags/frankfurter_dag.py
[2026-03-29T08:48:51.789+0000] {processor.py:840} INFO - DAG(s) 'frankfurter_exchange_rates' retrieved from /opt/airflow/dags/frankfurter_dag.py
[2026-03-29T08:48:51.803+0000] {logging_mixin.py:188} INFO - [2026-03-29T08:48:51.802+0000] {dag.py:3036} INFO - Sync 1 DAGs
[2026-03-29T08:48:51.812+0000] {logging_mixin.py:188} INFO - [2026-03-29T08:48:51.812+0000] {dag.py:3823} INFO - Setting next_dagrun for frankfurter_exchange_rates to 2026-03-29 00:00:00+00:00, run_after=2026-03-30 00:00:00+00:00
[2026-03-29T08:48:51.819+0000] {processor.py:183} INFO - Processing /opt/airflow/dags/frankfurter_dag.py took 0.084 seconds
[2026-03-29T08:49:22.031+0000] {processor.py:161} INFO - Started process (PID=263) to work on /opt/airflow/dags/frankfurter_dag.py
[2026-03-29T08:49:22.032+0000] {processor.py:830} INFO - Processing file /opt/airflow/dags/frankfurter_dag.py for tasks to queue
[2026-03-29T08:49:22.033+0000] {logging_mixin.py:188} INFO - [2026-03-29T08:49:22.033+0000] {dagbag.py:538} INFO - Filling up the DagBag from /opt/airflow/dags/frankfurter_dag.py
[2026-03-29T08:49:22.082+0000] {processor.py:840} INFO - DAG(s) 'frankfurter_exchange_rates' retrieved from /opt/airflow/dags/frankfurter_dag.py
[2026-03-29T08:49:22.102+0000] {logging_mixin.py:188} INFO - [2026-03-29T08:49:22.102+0000] {dag.py:3036} INFO - Sync 1 DAGs
[2026-03-29T08:49:22.111+0000] {logging_mixin.py:188} INFO - [2026-03-29T08:49:22.110+0000] {dag.py:3823} INFO - Setting next_dagrun for frankfurter_exchange_rates to 2026-03-29 00:00:00+00:00, run_after=2026-03-30 00:00:00+00:00
[2026-03-29T08:49:22.117+0000] {processor.py:183} INFO - Processing /opt/airflow/dags/frankfurter_dag.py took 0.091 seconds
[2026-03-29T08:49:52.341+0000] {processor.py:161} INFO - Started process (PID=268) to work on /opt/airflow/dags/frankfurter_dag.py
[2026-03-29T08:49:52.345+0000] {processor.py:830} INFO - Processing file /opt/airflow/dags/frankfurter_dag.py for tasks to queue
[2026-03-29T08:49:52.346+0000] {logging_mixin.py:188} INFO - [2026-03-29T08:49:52.346+0000] {dagbag.py:538} INFO - Filling up the DagBag from /opt/airflow/dags/frankfurter_dag.py
[2026-03-29T08:49:52.406+0000] {processor.py:840} INFO - DAG(s) 'frankfurter_exchange_rates' retrieved from /opt/airflow/dags/frankfurter_dag.py
[2026-03-29T08:49:52.432+0000] {logging_mixin.py:188} INFO - [2026-03-29T08:49:52.432+0000] {dag.py:3036} INFO - Sync 1 DAGs
[2026-03-29T08:49:52.444+0000] {logging_mixin.py:188} INFO - [2026-03-29T08:49:52.444+0000] {dag.py:3823} INFO - Setting next_dagrun for frankfurter_exchange_rates to 2026-03-29 00:00:00+00:00, run_after=2026-03-30 00:00:00+00:00
[2026-03-29T08:49:52.452+0000] {processor.py:183} INFO - Processing /opt/airflow/dags/frankfurter_dag.py took 0.114 seconds
[2026-03-29T08:50:22.730+0000] {processor.py:161} INFO - Started process (PID=273) to work on /opt/airflow/dags/frankfurter_dag.py
[2026-03-29T08:50:22.733+0000] {processor.py:830} INFO - Processing file /opt/airflow/dags/frankfurter_dag.py for tasks to queue
[2026-03-29T08:50:22.733+0000] {logging_mixin.py:188} INFO - [2026-03-29T08:50:22.733+0000] {dagbag.py:538} INFO - Filling up the DagBag from /opt/airflow/dags/frankfurter_dag.py
[2026-03-29T08:50:22.778+0000] {processor.py:840} INFO - DAG(s) 'frankfurter_exchange_rates' retrieved from /opt/airflow/dags/frankfurter_dag.py
[2026-03-29T08:50:22.790+0000] {logging_mixin.py:188} INFO - [2026-03-29T08:50:22.790+0000] {dag.py:3036} INFO - Sync 1 DAGs
[2026-03-29T08:50:22.799+0000] {logging_mixin.py:188} INFO - [2026-03-29T08:50:22.799+0000] {dag.py:3823} INFO - Setting next_dagrun for frankfurter_exchange_rates to 2026-03-29 00:00:00+00:00, run_after=2026-03-30 00:00:00+00:00
[2026-03-29T08:50:22.805+0000] {processor.py:183} INFO - Processing /opt/airflow/dags/frankfurter_dag.py took 0.079 seconds
[2026-03-29T08:50:53.058+0000] {processor.py:161} INFO - Started process (PID=278) to work on /opt/airflow/dags/frankfurter_dag.py
[2026-03-29T08:50:53.060+0000] {processor.py:830} INFO - Processing file /opt/airflow/dags/frankfurter_dag.py for tasks to queue
[2026-03-29T08:50:53.061+0000] {logging_mixin.py:188} INFO - [2026-03-29T08:50:53.060+0000] {dagbag.py:538} INFO - Filling up the DagBag from /opt/airflow/dags/frankfurter_dag.py
[2026-03-29T08:50:53.115+0000] {processor.py:840} INFO - DAG(s) 'frankfurter_exchange_rates' retrieved from /opt/airflow/dags/frankfurter_dag.py
[2026-03-29T08:50:53.127+0000] {logging_mixin.py:188} INFO - [2026-03-29T08:50:53.127+0000] {dag.py:3036} INFO - Sync 1 DAGs
[2026-03-29T08:50:53.136+0000] {logging_mixin.py:188} INFO - [2026-03-29T08:50:53.136+0000] {dag.py:3823} INFO - Setting next_dagrun for frankfurter_exchange_rates to 2026-03-29 00:00:00+00:00, run_after=2026-03-30 00:00:00+00:00
[2026-03-29T08:50:53.143+0000] {processor.py:183} INFO - Processing /opt/airflow/dags/frankfurter_dag.py took 0.090 seconds
[2026-03-29T08:51:23.367+0000] {processor.py:161} INFO - Started process (PID=283) to work on /opt/airflow/dags/frankfurter_dag.py
[2026-03-29T08:51:23.368+0000] {processor.py:830} INFO - Processing file /opt/airflow/dags/frankfurter_dag.py for tasks to queue
[2026-03-29T08:51:23.368+0000] {logging_mixin.py:188} INFO - [2026-03-29T08:51:23.368+0000] {dagbag.py:538} INFO - Filling up the DagBag from /opt/airflow/dags/frankfurter_dag.py
[2026-03-29T08:51:23.407+0000] {processor.py:840} INFO - DAG(s) 'frankfurter_exchange_rates' retrieved from /opt/airflow/dags/frankfurter_dag.py
[2026-03-29T08:51:23.417+0000] {logging_mixin.py:188} INFO - [2026-03-29T08:51:23.417+0000] {dag.py:3036} INFO - Sync 1 DAGs
[2026-03-29T08:51:23.425+0000] {logging_mixin.py:188} INFO - [2026-03-29T08:51:23.425+0000] {dag.py:3823} INFO - Setting next_dagrun for frankfurter_exchange_rates to 2026-03-29 00:00:00+00:00, run_after=2026-03-30 00:00:00+00:00
[2026-03-29T08:51:23.431+0000] {processor.py:183} INFO - Processing /opt/airflow/dags/frankfurter_dag.py took 0.068 seconds
[2026-03-29T08:51:53.677+0000] {processor.py:161} INFO - Started process (PID=288) to work on /opt/airflow/dags/frankfurter_dag.py
[2026-03-29T08:51:53.678+0000] {processor.py:830} INFO - Processing file /opt/airflow/dags/frankfurter_dag.py for tasks to queue
[2026-03-29T08:51:53.678+0000] {logging_mixin.py:188} INFO - [2026-03-29T08:51:53.678+0000] {dagbag.py:538} INFO - Filling up the DagBag from /opt/airflow/dags/frankfurter_dag.py
[2026-03-29T08:51:53.730+0000] {processor.py:840} INFO - DAG(s) 'frankfurter_exchange_rates' retrieved from /opt/airflow/dags/frankfurter_dag.py
[2026-03-29T08:51:53.752+0000] {logging_mixin.py:188} INFO - [2026-03-29T08:51:53.752+0000] {dag.py:3036} INFO - Sync 1 DAGs
[2026-03-29T08:51:53.768+0000] {logging_mixin.py:188} INFO - [2026-03-29T08:51:53.768+0000] {dag.py:3823} INFO - Setting next_dagrun for frankfurter_exchange_rates to 2026-03-29 00:00:00+00:00, run_after=2026-03-30 00:00:00+00:00
[2026-03-29T08:51:53.783+0000] {processor.py:183} INFO - Processing /opt/airflow/dags/frankfurter_dag.py took 0.108 seconds
[2026-03-29T08:52:24.005+0000] {processor.py:161} INFO - Started process (PID=293) to work on /opt/airflow/dags/frankfurter_dag.py
[2026-03-29T08:52:24.007+0000] {processor.py:830} INFO - Processing file /opt/airflow/dags/frankfurter_dag.py for tasks to queue
[2026-03-29T08:52:24.009+0000] {logging_mixin.py:188} INFO - [2026-03-29T08:52:24.009+0000] {dagbag.py:538} INFO - Filling up the DagBag from /opt/airflow/dags/frankfurter_dag.py
[2026-03-29T08:52:24.080+0000] {processor.py:840} INFO - DAG(s) 'frankfurter_exchange_rates' retrieved from /opt/airflow/dags/frankfurter_dag.py
[2026-03-29T08:52:24.112+0000] {logging_mixin.py:188} INFO - [2026-03-29T08:52:24.112+0000] {dag.py:3036} INFO - Sync 1 DAGs
[2026-03-29T08:52:24.132+0000] {logging_mixin.py:188} INFO - [2026-03-29T08:52:24.132+0000] {dag.py:3823} INFO - Setting next_dagrun for frankfurter_exchange_rates to 2026-03-29 00:00:00+00:00, run_after=2026-03-30 00:00:00+00:00
[2026-03-29T08:52:24.141+0000] {processor.py:183} INFO - Processing /opt/airflow/dags/frankfurter_dag.py took 0.141 seconds
[2026-03-29T08:52:54.392+0000] {processor.py:161} INFO - Started process (PID=298) to work on /opt/airflow/dags/frankfurter_dag.py
[2026-03-29T08:52:54.394+0000] {processor.py:830} INFO - Processing file /opt/airflow/dags/frankfurter_dag.py for tasks to queue
[2026-03-29T08:52:54.395+0000] {logging_mixin.py:188} INFO - [2026-03-29T08:52:54.394+0000] {dagbag.py:538} INFO - Filling up the DagBag from /opt/airflow/dags/frankfurter_dag.py
[2026-03-29T08:52:54.445+0000] {processor.py:840} INFO - DAG(s) 'frankfurter_exchange_rates' retrieved from /opt/airflow/dags/frankfurter_dag.py
[2026-03-29T08:52:54.457+0000] {logging_mixin.py:188} INFO - [2026-03-29T08:52:54.457+0000] {dag.py:3036} INFO - Sync 1 DAGs
[2026-03-29T08:52:54.465+0000] {logging_mixin.py:188} INFO - [2026-03-29T08:52:54.465+0000] {dag.py:3823} INFO - Setting next_dagrun for frankfurter_exchange_rates to 2026-03-29 00:00:00+00:00, run_after=2026-03-30 00:00:00+00:00
[2026-03-29T08:52:54.472+0000] {processor.py:183} INFO - Processing /opt/airflow/dags/frankfurter_dag.py took 0.084 seconds
[2026-03-29T08:53:24.748+0000] {processor.py:161} INFO - Started process (PID=303) to work on /opt/airflow/dags/frankfurter_dag.py
[2026-03-29T08:53:24.749+0000] {processor.py:830} INFO - Processing file /opt/airflow/dags/frankfurter_dag.py for tasks to queue
[2026-03-29T08:53:24.749+0000] {logging_mixin.py:188} INFO - [2026-03-29T08:53:24.749+0000] {dagbag.py:538} INFO - Filling up the DagBag from /opt/airflow/dags/frankfurter_dag.py
[2026-03-29T08:53:24.808+0000] {processor.py:840} INFO - DAG(s) 'frankfurter_exchange_rates' retrieved from /opt/airflow/dags/frankfurter_dag.py
[2026-03-29T08:53:24.846+0000] {logging_mixin.py:188} INFO - [2026-03-29T08:53:24.846+0000] {dag.py:3036} INFO - Sync 1 DAGs
[2026-03-29T08:53:24.863+0000] {logging_mixin.py:188} INFO - [2026-03-29T08:53:24.863+0000] {dag.py:3823} INFO - Setting next_dagrun for frankfurter_exchange_rates to 2026-03-29 00:00:00+00:00, run_after=2026-03-30 00:00:00+00:00
[2026-03-29T08:53:24.872+0000] {processor.py:183} INFO - Processing /opt/airflow/dags/frankfurter_dag.py took 0.132 seconds
[2026-03-29T08:53:55.061+0000] {processor.py:161} INFO - Started process (PID=308) to work on /opt/airflow/dags/frankfurter_dag.py
[2026-03-29T08:53:55.061+0000] {processor.py:830} INFO - Processing file /opt/airflow/dags/frankfurter_dag.py for tasks to queue
[2026-03-29T08:53:55.062+0000] {logging_mixin.py:188} INFO - [2026-03-29T08:53:55.062+0000] {dagbag.py:538} INFO - Filling up the DagBag from /opt/airflow/dags/frankfurter_dag.py
[2026-03-29T08:53:55.119+0000] {processor.py:840} INFO - DAG(s) 'frankfurter_exchange_rates' retrieved from /opt/airflow/dags/frankfurter_dag.py
[2026-03-29T08:53:55.134+0000] {logging_mixin.py:188} INFO - [2026-03-29T08:53:55.134+0000] {dag.py:3036} INFO - Sync 1 DAGs
[2026-03-29T08:53:55.146+0000] {logging_mixin.py:188} INFO - [2026-03-29T08:53:55.146+0000] {dag.py:3823} INFO - Setting next_dagrun for frankfurter_exchange_rates to 2026-03-29 00:00:00+00:00, run_after=2026-03-30 00:00:00+00:00
[2026-03-29T08:53:55.154+0000] {processor.py:183} INFO - Processing /opt/airflow/dags/frankfurter_dag.py took 0.096 seconds
[2026-03-29T08:54:25.378+0000] {processor.py:161} INFO - Started process (PID=313) to work on /opt/airflow/dags/frankfurter_dag.py
[2026-03-29T08:54:25.379+0000] {processor.py:830} INFO - Processing file /opt/airflow/dags/frankfurter_dag.py for tasks to queue
[2026-03-29T08:54:25.380+0000] {logging_mixin.py:188} INFO - [2026-03-29T08:54:25.380+0000] {dagbag.py:538} INFO - Filling up the DagBag from /opt/airflow/dags/frankfurter_dag.py
[2026-03-29T08:54:25.432+0000] {processor.py:840} INFO - DAG(s) 'frankfurter_exchange_rates' retrieved from /opt/airflow/dags/frankfurter_dag.py
[2026-03-29T08:54:25.447+0000] {logging_mixin.py:188} INFO - [2026-03-29T08:54:25.447+0000] {dag.py:3036} INFO - Sync 1 DAGs
[2026-03-29T08:54:25.459+0000] {logging_mixin.py:188} INFO - [2026-03-29T08:54:25.459+0000] {dag.py:3823} INFO - Setting next_dagrun for frankfurter_exchange_rates to 2026-03-29 00:00:00+00:00, run_after=2026-03-30 00:00:00+00:00
[2026-03-29T08:54:25.467+0000] {processor.py:183} INFO - Processing /opt/airflow/dags/frankfurter_dag.py took 0.093 seconds
[2026-03-29T08:54:55.696+0000] {processor.py:161} INFO - Started process (PID=318) to work on /opt/airflow/dags/frankfurter_dag.py
[2026-03-29T08:54:55.697+0000] {processor.py:830} INFO - Processing file /opt/airflow/dags/frankfurter_dag.py for tasks to queue
[2026-03-29T08:54:55.698+0000] {logging_mixin.py:188} INFO - [2026-03-29T08:54:55.698+0000] {dagbag.py:538} INFO - Filling up the DagBag from /opt/airflow/dags/frankfurter_dag.py
[2026-03-29T08:54:55.759+0000] {processor.py:840} INFO - DAG(s) 'frankfurter_exchange_rates' retrieved from /opt/airflow/dags/frankfurter_dag.py
[2026-03-29T08:54:55.774+0000] {logging_mixin.py:188} INFO - [2026-03-29T08:54:55.774+0000] {dag.py:3036} INFO - Sync 1 DAGs
[2026-03-29T08:54:55.789+0000] {logging_mixin.py:188} INFO - [2026-03-29T08:54:55.789+0000] {dag.py:3823} INFO - Setting next_dagrun for frankfurter_exchange_rates to 2026-03-29 00:00:00+00:00, run_after=2026-03-30 00:00:00+00:00
[2026-03-29T08:54:55.795+0000] {processor.py:183} INFO - Processing /opt/airflow/dags/frankfurter_dag.py took 0.105 seconds
[2026-03-29T08:55:26.026+0000] {processor.py:161} INFO - Started process (PID=323) to work on /opt/airflow/dags/frankfurter_dag.py
[2026-03-29T08:55:26.027+0000] {processor.py:830} INFO - Processing file /opt/airflow/dags/frankfurter_dag.py for tasks to queue
[2026-03-29T08:55:26.027+0000] {logging_mixin.py:188} INFO - [2026-03-29T08:55:26.027+0000] {dagbag.py:538} INFO - Filling up the DagBag from /opt/airflow/dags/frankfurter_dag.py
[2026-03-29T08:55:26.057+0000] {processor.py:840} INFO - DAG(s) 'frankfurter_exchange_rates' retrieved from /opt/airflow/dags/frankfurter_dag.py
[2026-03-29T08:55:26.067+0000] {logging_mixin.py:188} INFO - [2026-03-29T08:55:26.067+0000] {dag.py:3036} INFO - Sync 1 DAGs
[2026-03-29T08:55:26.075+0000] {logging_mixin.py:188} INFO - [2026-03-29T08:55:26.075+0000] {dag.py:3823} INFO - Setting next_dagrun for frankfurter_exchange_rates to 2026-03-29 00:00:00+00:00, run_after=2026-03-30 00:00:00+00:00
[2026-03-29T08:55:26.083+0000] {processor.py:183} INFO - Processing /opt/airflow/dags/frankfurter_dag.py took 0.059 seconds
[2026-03-29T08:55:56.417+0000] {processor.py:161} INFO - Started process (PID=328) to work on /opt/airflow/dags/frankfurter_dag.py
[2026-03-29T08:55:56.419+0000] {processor.py:830} INFO - Processing file /opt/airflow/dags/frankfurter_dag.py for tasks to queue
[2026-03-29T08:55:56.420+0000] {logging_mixin.py:188} INFO - [2026-03-29T08:55:56.420+0000] {dagbag.py:538} INFO - Filling up the DagBag from /opt/airflow/dags/frankfurter_dag.py
[2026-03-29T08:55:56.492+0000] {processor.py:840} INFO - DAG(s) 'frankfurter_exchange_rates' retrieved from /opt/airflow/dags/frankfurter_dag.py
[2026-03-29T08:55:56.513+0000] {logging_mixin.py:188} INFO - [2026-03-29T08:55:56.512+0000] {dag.py:3036} INFO - Sync 1 DAGs
[2026-03-29T08:55:56.526+0000] {logging_mixin.py:188} INFO - [2026-03-29T08:55:56.525+0000] {dag.py:3823} INFO - Setting next_dagrun for frankfurter_exchange_rates to 2026-03-29 00:00:00+00:00, run_after=2026-03-30 00:00:00+00:00
[2026-03-29T08:55:56.540+0000] {processor.py:183} INFO - Processing /opt/airflow/dags/frankfurter_dag.py took 0.126 seconds
[2026-03-29T08:56:26.754+0000] {processor.py:161} INFO - Started process (PID=333) to work on /opt/airflow/dags/frankfurter_dag.py
[2026-03-29T08:56:26.756+0000] {processor.py:830} INFO - Processing file /opt/airflow/dags/frankfurter_dag.py for tasks to queue
[2026-03-29T08:56:26.758+0000] {logging_mixin.py:188} INFO - [2026-03-29T08:56:26.756+0000] {dagbag.py:538} INFO - Filling up the DagBag from /opt/airflow/dags/frankfurter_dag.py
[2026-03-29T08:56:26.849+0000] {processor.py:840} INFO - DAG(s) 'frankfurter_exchange_rates' retrieved from /opt/airflow/dags/frankfurter_dag.py
[2026-03-29T08:56:26.881+0000] {logging_mixin.py:188} INFO - [2026-03-29T08:56:26.881+0000] {dag.py:3036} INFO - Sync 1 DAGs
[2026-03-29T08:56:26.908+0000] {logging_mixin.py:188} INFO - [2026-03-29T08:56:26.908+0000] {dag.py:3823} INFO - Setting next_dagrun for frankfurter_exchange_rates to 2026-03-29 00:00:00+00:00, run_after=2026-03-30 00:00:00+00:00
[2026-03-29T08:56:26.920+0000] {processor.py:183} INFO - Processing /opt/airflow/dags/frankfurter_dag.py took 0.174 seconds
[2026-03-29T08:56:57.177+0000] {processor.py:161} INFO - Started process (PID=338) to work on /opt/airflow/dags/frankfurter_dag.py
[2026-03-29T08:56:57.178+0000] {processor.py:830} INFO - Processing file /opt/airflow/dags/frankfurter_dag.py for tasks to queue
[2026-03-29T08:56:57.178+0000] {logging_mixin.py:188} INFO - [2026-03-29T08:56:57.178+0000] {dagbag.py:538} INFO - Filling up the DagBag from /opt/airflow/dags/frankfurter_dag.py
[2026-03-29T08:56:57.244+0000] {processor.py:840} INFO - DAG(s) 'frankfurter_exchange_rates' retrieved from /opt/airflow/dags/frankfurter_dag.py
[2026-03-29T08:56:57.260+0000] {logging_mixin.py:188} INFO - [2026-03-29T08:56:57.260+0000] {dag.py:3036} INFO - Sync 1 DAGs
[2026-03-29T08:56:57.281+0000] {logging_mixin.py:188} INFO - [2026-03-29T08:56:57.281+0000] {dag.py:3823} INFO - Setting next_dagrun for frankfurter_exchange_rates to 2026-03-29 00:00:00+00:00, run_after=2026-03-30 00:00:00+00:00
[2026-03-29T08:56:57.297+0000] {processor.py:183} INFO - Processing /opt/airflow/dags/frankfurter_dag.py took 0.124 seconds
