[2026-03-29T08:27:35.308+0000] {manager.py:469} INFO - Processing files using up to 2 processes at a time 
[2026-03-29T08:27:35.309+0000] {manager.py:470} INFO - Process each file at most once every 30 seconds
[2026-03-29T08:27:35.309+0000] {manager.py:471} INFO - Checking for new files in /opt/airflow/dags every 300 seconds
[2026-03-29T08:27:35.309+0000] {manager.py:738} INFO - Searching for files in /opt/airflow/dags
[2026-03-29T08:27:35.310+0000] {manager.py:741} INFO - There are 1 files in /opt/airflow/dags
[2026-03-29T08:27:35.353+0000] {manager.py:879} INFO - 
================================================================================
DAG File Processing Stats

File Path                               PID  Runtime      # DAGs    # Errors  Last Runtime    Last Run
------------------------------------  -----  ---------  --------  ----------  --------------  ----------
/opt/airflow/dags/frankfurter_dag.py    169  0.02s             0           0
================================================================================
[2026-03-29T08:28:05.577+0000] {manager.py:879} INFO - 
================================================================================
DAG File Processing Stats

File Path                               PID  Runtime      # DAGs    # Errors  Last Runtime    Last Run
------------------------------------  -----  ---------  --------  ----------  --------------  -------------------
/opt/airflow/dags/frankfurter_dag.py    174  0.01s             1           0  0.14s           2026-03-29T08:27:35
================================================================================
[2026-03-29T08:28:36.004+0000] {manager.py:879} INFO - 
================================================================================
DAG File Processing Stats

File Path                               PID  Runtime      # DAGs    # Errors  Last Runtime    Last Run
------------------------------------  -----  ---------  --------  ----------  --------------  -------------------
/opt/airflow/dags/frankfurter_dag.py    179  0.01s             1           0  0.18s           2026-03-29T08:28:05
================================================================================
[2026-03-29T08:29:06.292+0000] {manager.py:879} INFO - 
================================================================================
DAG File Processing Stats

File Path                               PID  Runtime      # DAGs    # Errors  Last Runtime    Last Run
------------------------------------  -----  ---------  --------  ----------  --------------  -------------------
/opt/airflow/dags/frankfurter_dag.py    184  0.01s             1           0  0.10s           2026-03-29T08:28:36
================================================================================
[2026-03-29T08:29:36.629+0000] {manager.py:879} INFO - 
================================================================================
DAG File Processing Stats

File Path                               PID  Runtime      # DAGs    # Errors  Last Runtime    Last Run
------------------------------------  -----  ---------  --------  ----------  --------------  -------------------
/opt/airflow/dags/frankfurter_dag.py    189  0.01s             1           0  0.10s           2026-03-29T08:29:06
================================================================================
[2026-03-29T08:30:06.933+0000] {manager.py:879} INFO - 
================================================================================
DAG File Processing Stats

File Path                               PID  Runtime      # DAGs    # Errors  Last Runtime    Last Run
------------------------------------  -----  ---------  --------  ----------  --------------  -------------------
/opt/airflow/dags/frankfurter_dag.py    198  0.01s             1           0  0.12s           2026-03-29T08:29:36
================================================================================
[2026-03-29T08:30:37.225+0000] {manager.py:879} INFO - 
================================================================================
DAG File Processing Stats

File Path                               PID  Runtime      # DAGs    # Errors  Last Runtime    Last Run
------------------------------------  -----  ---------  --------  ----------  --------------  -------------------
/opt/airflow/dags/frankfurter_dag.py    203  0.00s             1           0  0.09s           2026-03-29T08:30:07
================================================================================
[2026-03-29T08:31:07.531+0000] {manager.py:879} INFO - 
================================================================================
DAG File Processing Stats

File Path                               PID  Runtime      # DAGs    # Errors  Last Runtime    Last Run
------------------------------------  -----  ---------  --------  ----------  --------------  -------------------
/opt/airflow/dags/frankfurter_dag.py    208  0.01s             1           0  0.08s           2026-03-29T08:30:37
================================================================================
[2026-03-29T08:31:37.859+0000] {manager.py:879} INFO - 
================================================================================
DAG File Processing Stats

File Path                               PID  Runtime      # DAGs    # Errors  Last Runtime    Last Run
------------------------------------  -----  ---------  --------  ----------  --------------  -------------------
/opt/airflow/dags/frankfurter_dag.py    213  0.01s             1           0  0.09s           2026-03-29T08:31:07
================================================================================
[2026-03-29T08:32:08.181+0000] {manager.py:879} INFO - 
================================================================================
DAG File Processing Stats

File Path                               PID  Runtime      # DAGs    # Errors  Last Runtime    Last Run
------------------------------------  -----  ---------  --------  ----------  --------------  -------------------
/opt/airflow/dags/frankfurter_dag.py    218  0.01s             1           0  0.15s           2026-03-29T08:31:37
================================================================================
[2026-03-29T08:32:35.524+0000] {manager.py:738} INFO - Searching for files in /opt/airflow/dags
[2026-03-29T08:32:35.535+0000] {manager.py:741} INFO - There are 1 files in /opt/airflow/dags
[2026-03-29T08:32:38.595+0000] {manager.py:879} INFO - 
================================================================================
DAG File Processing Stats

File Path                               PID  Runtime      # DAGs    # Errors  Last Runtime    Last Run
------------------------------------  -----  ---------  --------  ----------  --------------  -------------------
/opt/airflow/dags/frankfurter_dag.py    223  0.01s             1           0  0.13s           2026-03-29T08:32:08
================================================================================
[2026-03-29T08:33:08.896+0000] {manager.py:879} INFO - 
================================================================================
DAG File Processing Stats

File Path                               PID  Runtime      # DAGs    # Errors  Last Runtime    Last Run
------------------------------------  -----  ---------  --------  ----------  --------------  -------------------
/opt/airflow/dags/frankfurter_dag.py    228  0.01s             1           0  0.11s           2026-03-29T08:32:38
================================================================================
[2026-03-29T08:33:39.260+0000] {manager.py:879} INFO - 
================================================================================
DAG File Processing Stats

File Path                               PID  Runtime      # DAGs    # Errors  Last Runtime    Last Run
------------------------------------  -----  ---------  --------  ----------  --------------  -------------------
/opt/airflow/dags/frankfurter_dag.py    233  0.01s             1           0  0.09s           2026-03-29T08:33:08
================================================================================
[2026-03-29T08:34:09.577+0000] {manager.py:879} INFO - 
================================================================================
DAG File Processing Stats

File Path                               PID  Runtime      # DAGs    # Errors  Last Runtime    Last Run
------------------------------------  -----  ---------  --------  ----------  --------------  -------------------
/opt/airflow/dags/frankfurter_dag.py    238  0.02s             1           0  0.09s           2026-03-29T08:33:39
================================================================================
[2026-03-29T08:34:39.886+0000] {manager.py:879} INFO - 
================================================================================
DAG File Processing Stats

File Path                               PID  Runtime      # DAGs    # Errors  Last Runtime    Last Run
------------------------------------  -----  ---------  --------  ----------  --------------  -------------------
/opt/airflow/dags/frankfurter_dag.py    243  0.01s             1           0  0.12s           2026-03-29T08:34:09
================================================================================
[2026-03-29T08:35:10.219+0000] {manager.py:879} INFO - 
================================================================================
DAG File Processing Stats

File Path                               PID  Runtime      # DAGs    # Errors  Last Runtime    Last Run
------------------------------------  -----  ---------  --------  ----------  --------------  -------------------
/opt/airflow/dags/frankfurter_dag.py    250  0.01s             1           0  0.10s           2026-03-29T08:34:39
================================================================================
[2026-03-29T08:35:40.524+0000] {manager.py:879} INFO - 
================================================================================
DAG File Processing Stats

File Path                               PID  Runtime      # DAGs    # Errors  Last Runtime    Last Run
------------------------------------  -----  ---------  --------  ----------  --------------  -------------------
/opt/airflow/dags/frankfurter_dag.py    255  0.01s             1           0  0.06s           2026-03-29T08:35:10
================================================================================
[2026-03-29T08:36:10.833+0000] {manager.py:879} INFO - 
================================================================================
DAG File Processing Stats

File Path                               PID  Runtime      # DAGs    # Errors  Last Runtime    Last Run
------------------------------------  -----  ---------  --------  ----------  --------------  -------------------
/opt/airflow/dags/frankfurter_dag.py    260  0.01s             1           0  0.11s           2026-03-29T08:35:40
================================================================================
[2026-03-29T08:36:41.091+0000] {manager.py:879} INFO - 
================================================================================
DAG File Processing Stats

File Path                               PID  Runtime      # DAGs    # Errors  Last Runtime    Last Run
------------------------------------  -----  ---------  --------  ----------  --------------  -------------------
/opt/airflow/dags/frankfurter_dag.py    265  0.01s             1           0  0.11s           2026-03-29T08:36:10
================================================================================
[2026-03-29T08:37:11.428+0000] {manager.py:879} INFO - 
================================================================================
DAG File Processing Stats

File Path                               PID  Runtime      # DAGs    # Errors  Last Runtime    Last Run
------------------------------------  -----  ---------  --------  ----------  --------------  -------------------
/opt/airflow/dags/frankfurter_dag.py    270  0.01s             1           0  0.13s           2026-03-29T08:36:41
================================================================================
[2026-03-29T08:37:35.655+0000] {manager.py:738} INFO - Searching for files in /opt/airflow/dags
[2026-03-29T08:37:35.662+0000] {manager.py:741} INFO - There are 1 files in /opt/airflow/dags
[2026-03-29T08:37:41.746+0000] {manager.py:879} INFO - 
================================================================================
DAG File Processing Stats

File Path                               PID  Runtime      # DAGs    # Errors  Last Runtime    Last Run
------------------------------------  -----  ---------  --------  ----------  --------------  -------------------
/opt/airflow/dags/frankfurter_dag.py    275  0.01s             1           0  0.08s           2026-03-29T08:37:11
================================================================================
[2026-03-29T08:38:12.096+0000] {manager.py:879} INFO - 
================================================================================
DAG File Processing Stats

File Path                               PID  Runtime      # DAGs    # Errors  Last Runtime    Last Run
------------------------------------  -----  ---------  --------  ----------  --------------  -------------------
/opt/airflow/dags/frankfurter_dag.py    280  0.01s             1           0  0.14s           2026-03-29T08:37:41
================================================================================
[2026-03-29T08:38:42.408+0000] {manager.py:879} INFO - 
================================================================================
DAG File Processing Stats

File Path                               PID  Runtime      # DAGs    # Errors  Last Runtime    Last Run
------------------------------------  -----  ---------  --------  ----------  --------------  -------------------
/opt/airflow/dags/frankfurter_dag.py    285  0.01s             1           0  0.12s           2026-03-29T08:38:12
================================================================================
[2026-03-29T08:39:12.733+0000] {manager.py:879} INFO - 
================================================================================
DAG File Processing Stats

File Path                               PID  Runtime      # DAGs    # Errors  Last Runtime    Last Run
------------------------------------  -----  ---------  --------  ----------  --------------  -------------------
/opt/airflow/dags/frankfurter_dag.py    290  0.00s             1           0  0.11s           2026-03-29T08:38:42
================================================================================
[2026-03-29T08:39:43.029+0000] {manager.py:879} INFO - 
================================================================================
DAG File Processing Stats

File Path                               PID  Runtime      # DAGs    # Errors  Last Runtime    Last Run
------------------------------------  -----  ---------  --------  ----------  --------------  -------------------
/opt/airflow/dags/frankfurter_dag.py    295  0.01s             1           0  0.11s           2026-03-29T08:39:12
================================================================================
[2026-03-29T08:40:04.753+0000] {manager.py:451} INFO - Exiting gracefully upon receiving signal 15
[2026-03-29T08:40:15.975+0000] {manager.py:469} INFO - Processing files using up to 2 processes at a time 
[2026-03-29T08:40:15.975+0000] {manager.py:470} INFO - Process each file at most once every 30 seconds
[2026-03-29T08:40:15.975+0000] {manager.py:471} INFO - Checking for new files in /opt/airflow/dags every 300 seconds
[2026-03-29T08:40:15.976+0000] {manager.py:738} INFO - Searching for files in /opt/airflow/dags
[2026-03-29T08:40:15.977+0000] {manager.py:741} INFO - There are 1 files in /opt/airflow/dags
[2026-03-29T08:40:16.011+0000] {manager.py:879} INFO - 
================================================================================
DAG File Processing Stats

File Path                               PID  Runtime      # DAGs    # Errors  Last Runtime    Last Run
------------------------------------  -----  ---------  --------  ----------  --------------  ----------
/opt/airflow/dags/frankfurter_dag.py    169  0.01s             0           0
================================================================================
[2026-03-29T08:40:46.222+0000] {manager.py:879} INFO - 
================================================================================
DAG File Processing Stats

File Path                             PID    Runtime      # DAGs    # Errors  Last Runtime    Last Run
------------------------------------  -----  ---------  --------  ----------  --------------  -------------------
/opt/airflow/dags/frankfurter_dag.py                           1           0  0.31s           2026-03-29T08:40:16
================================================================================
[2026-03-29T08:41:16.831+0000] {manager.py:879} INFO - 
================================================================================
DAG File Processing Stats

File Path                               PID  Runtime      # DAGs    # Errors  Last Runtime    Last Run
------------------------------------  -----  ---------  --------  ----------  --------------  -------------------
/opt/airflow/dags/frankfurter_dag.py    183  0.00s             1           0  0.15s           2026-03-29T08:40:46
================================================================================
[2026-03-29T08:41:47.111+0000] {manager.py:879} INFO - 
================================================================================
DAG File Processing Stats

File Path                               PID  Runtime      # DAGs    # Errors  Last Runtime    Last Run
------------------------------------  -----  ---------  --------  ----------  --------------  -------------------
/opt/airflow/dags/frankfurter_dag.py    188  0.01s             1           0  0.10s           2026-03-29T08:41:16
================================================================================
[2026-03-29T08:42:17.480+0000] {manager.py:879} INFO - 
================================================================================
DAG File Processing Stats

File Path                               PID  Runtime      # DAGs    # Errors  Last Runtime    Last Run
------------------------------------  -----  ---------  --------  ----------  --------------  -------------------
/opt/airflow/dags/frankfurter_dag.py    193  0.02s             1           0  0.10s           2026-03-29T08:41:47
================================================================================
[2026-03-29T08:42:47.779+0000] {manager.py:879} INFO - 
================================================================================
DAG File Processing Stats

File Path                               PID  Runtime      # DAGs    # Errors  Last Runtime    Last Run
------------------------------------  -----  ---------  --------  ----------  --------------  -------------------
/opt/airflow/dags/frankfurter_dag.py    198  0.01s             1           0  0.30s           2026-03-29T08:42:17
================================================================================
[2026-03-29T08:43:18.049+0000] {manager.py:879} INFO - 
================================================================================
DAG File Processing Stats

File Path                               PID  Runtime      # DAGs    # Errors  Last Runtime    Last Run
------------------------------------  -----  ---------  --------  ----------  --------------  -------------------
/opt/airflow/dags/frankfurter_dag.py    203  0.01s             1           0  0.12s           2026-03-29T08:42:47
================================================================================
[2026-03-29T08:43:48.451+0000] {manager.py:879} INFO - 
================================================================================
DAG File Processing Stats

File Path                               PID  Runtime      # DAGs    # Errors  Last Runtime    Last Run
------------------------------------  -----  ---------  --------  ----------  --------------  -------------------
/opt/airflow/dags/frankfurter_dag.py    208  0.01s             1           0  0.13s           2026-03-29T08:43:18
================================================================================
[2026-03-29T08:44:18.777+0000] {manager.py:879} INFO - 
================================================================================
DAG File Processing Stats

File Path                               PID  Runtime      # DAGs    # Errors  Last Runtime    Last Run
------------------------------------  -----  ---------  --------  ----------  --------------  -------------------
/opt/airflow/dags/frankfurter_dag.py    213  0.02s             1           0  0.20s           2026-03-29T08:43:48
================================================================================
[2026-03-29T08:44:49.203+0000] {manager.py:879} INFO - 
================================================================================
DAG File Processing Stats

File Path                               PID  Runtime      # DAGs    # Errors  Last Runtime    Last Run
------------------------------------  -----  ---------  --------  ----------  --------------  -------------------
/opt/airflow/dags/frankfurter_dag.py    218  0.01s             1           0  0.17s           2026-03-29T08:44:18
================================================================================
[2026-03-29T08:45:16.486+0000] {manager.py:738} INFO - Searching for files in /opt/airflow/dags
[2026-03-29T08:45:16.492+0000] {manager.py:741} INFO - There are 1 files in /opt/airflow/dags
[2026-03-29T08:45:19.534+0000] {manager.py:879} INFO - 
================================================================================
DAG File Processing Stats

File Path                               PID  Runtime      # DAGs    # Errors  Last Runtime    Last Run
------------------------------------  -----  ---------  --------  ----------  --------------  -------------------
/opt/airflow/dags/frankfurter_dag.py    223  0.01s             1           0  0.11s           2026-03-29T08:44:49
================================================================================
[2026-03-29T08:45:49.804+0000] {manager.py:879} INFO - 
================================================================================
DAG File Processing Stats

File Path                               PID  Runtime      # DAGs    # Errors  Last Runtime    Last Run
------------------------------------  -----  ---------  --------  ----------  --------------  -------------------
/opt/airflow/dags/frankfurter_dag.py    228  0.01s             1           0  0.08s           2026-03-29T08:45:19
================================================================================
[2026-03-29T08:46:20.088+0000] {manager.py:879} INFO - 
================================================================================
DAG File Processing Stats

File Path                               PID  Runtime      # DAGs    # Errors  Last Runtime    Last Run
------------------------------------  -----  ---------  --------  ----------  --------------  -------------------
/opt/airflow/dags/frankfurter_dag.py    233  0.01s             1           0  0.08s           2026-03-29T08:45:49
================================================================================
[2026-03-29T08:46:50.375+0000] {manager.py:879} INFO - 
================================================================================
DAG File Processing Stats

File Path                               PID  Runtime      # DAGs    # Errors  Last Runtime    Last Run
------------------------------------  -----  ---------  --------  ----------  --------------  -------------------
/opt/airflow/dags/frankfurter_dag.py    238  0.02s             1           0  0.12s           2026-03-29T08:46:20
================================================================================
[2026-03-29T08:47:20.675+0000] {manager.py:879} INFO - 
================================================================================
DAG File Processing Stats

File Path                               PID  Runtime      # DAGs    # Errors  Last Runtime    Last Run
------------------------------------  -----  ---------  --------  ----------  --------------  -------------------
/opt/airflow/dags/frankfurter_dag.py    243  0.01s             1           0  0.13s           2026-03-29T08:46:50
================================================================================
[2026-03-29T08:47:50.991+0000] {manager.py:879} INFO - 
================================================================================
DAG File Processing Stats

File Path                               PID  Runtime      # DAGs    # Errors  Last Runtime    Last Run
------------------------------------  -----  ---------  --------  ----------  --------------  -------------------
/opt/airflow/dags/frankfurter_dag.py    248  0.02s             1           0  0.11s           2026-03-29T08:47:20
================================================================================
[2026-03-29T08:48:21.370+0000] {manager.py:879} INFO - 
================================================================================
DAG File Processing Stats

File Path                               PID  Runtime      # DAGs    # Errors  Last Runtime    Last Run
------------------------------------  -----  ---------  --------  ----------  --------------  -------------------
/opt/airflow/dags/frankfurter_dag.py    253  0.01s             1           0  0.14s           2026-03-29T08:47:51
================================================================================
[2026-03-29T08:48:51.727+0000] {manager.py:879} INFO - 
================================================================================
DAG File Processing Stats

File Path                               PID  Runtime      # DAGs    # Errors  Last Runtime    Last Run
------------------------------------  -----  ---------  --------  ----------  --------------  -------------------
/opt/airflow/dags/frankfurter_dag.py    258  0.01s             1           0  0.12s           2026-03-29T08:48:21
================================================================================
[2026-03-29T08:49:22.021+0000] {manager.py:879} INFO - 
================================================================================
DAG File Processing Stats

File Path                               PID  Runtime      # DAGs    # Errors  Last Runtime    Last Run
------------------------------------  -----  ---------  --------  ----------  --------------  -------------------
/opt/airflow/dags/frankfurter_dag.py    263  0.01s             1           0  0.11s           2026-03-29T08:48:51
================================================================================
[2026-03-29T08:49:52.326+0000] {manager.py:879} INFO - 
================================================================================
DAG File Processing Stats

File Path                               PID  Runtime      # DAGs    # Errors  Last Runtime    Last Run
------------------------------------  -----  ---------  --------  ----------  --------------  -------------------
/opt/airflow/dags/frankfurter_dag.py    268  0.02s             1           0  0.11s           2026-03-29T08:49:22
================================================================================
[2026-03-29T08:50:16.591+0000] {manager.py:738} INFO - Searching for files in /opt/airflow/dags
[2026-03-29T08:50:16.599+0000] {manager.py:741} INFO - There are 1 files in /opt/airflow/dags
[2026-03-29T08:50:22.723+0000] {manager.py:879} INFO - 
================================================================================
DAG File Processing Stats

File Path                               PID  Runtime      # DAGs    # Errors  Last Runtime    Last Run
------------------------------------  -----  ---------  --------  ----------  --------------  -------------------
/opt/airflow/dags/frankfurter_dag.py    273  0.02s             1           0  0.15s           2026-03-29T08:49:52
================================================================================
[2026-03-29T08:50:53.045+0000] {manager.py:879} INFO - 
================================================================================
DAG File Processing Stats

File Path                               PID  Runtime      # DAGs    # Errors  Last Runtime    Last Run
------------------------------------  -----  ---------  --------  ----------  --------------  -------------------
/opt/airflow/dags/frankfurter_dag.py    278  0.01s             1           0  0.12s           2026-03-29T08:50:22
================================================================================
[2026-03-29T08:51:23.359+0000] {manager.py:879} INFO - 
================================================================================
DAG File Processing Stats

File Path                               PID  Runtime      # DAGs    # Errors  Last Runtime    Last Run
------------------------------------  -----  ---------  --------  ----------  --------------  -------------------
/opt/airflow/dags/frankfurter_dag.py    283  0.01s             1           0  0.12s           2026-03-29T08:50:53
================================================================================
[2026-03-29T08:51:53.670+0000] {manager.py:879} INFO - 
================================================================================
DAG File Processing Stats

File Path                               PID  Runtime      # DAGs    # Errors  Last Runtime    Last Run
------------------------------------  -----  ---------  --------  ----------  --------------  -------------------
/opt/airflow/dags/frankfurter_dag.py    288  0.00s             1           0  0.08s           2026-03-29T08:51:23
================================================================================
[2026-03-29T08:52:23.992+0000] {manager.py:879} INFO - 
================================================================================
DAG File Processing Stats

File Path                               PID  Runtime      # DAGs    # Errors  Last Runtime    Last Run
------------------------------------  -----  ---------  --------  ----------  --------------  -------------------
/opt/airflow/dags/frankfurter_dag.py    293  0.02s             1           0  0.12s           2026-03-29T08:51:53
================================================================================
[2026-03-29T08:52:54.380+0000] {manager.py:879} INFO - 
================================================================================
DAG File Processing Stats

File Path                               PID  Runtime      # DAGs    # Errors  Last Runtime    Last Run
------------------------------------  -----  ---------  --------  ----------  --------------  -------------------
/opt/airflow/dags/frankfurter_dag.py    298  0.01s             1           0  0.18s           2026-03-29T08:52:24
================================================================================
[2026-03-29T08:53:24.728+0000] {manager.py:879} INFO - 
================================================================================
DAG File Processing Stats

File Path                               PID  Runtime      # DAGs    # Errors  Last Runtime    Last Run
------------------------------------  -----  ---------  --------  ----------  --------------  -------------------
/opt/airflow/dags/frankfurter_dag.py    303  0.02s             1           0  0.11s           2026-03-29T08:52:54
================================================================================
[2026-03-29T08:53:55.054+0000] {manager.py:879} INFO - 
================================================================================
DAG File Processing Stats

File Path                               PID  Runtime      # DAGs    # Errors  Last Runtime    Last Run
------------------------------------  -----  ---------  --------  ----------  --------------  -------------------
/opt/airflow/dags/frankfurter_dag.py    308  0.01s             1           0  0.17s           2026-03-29T08:53:24
================================================================================
[2026-03-29T08:54:25.370+0000] {manager.py:879} INFO - 
================================================================================
DAG File Processing Stats

File Path                               PID  Runtime      # DAGs    # Errors  Last Runtime    Last Run
------------------------------------  -----  ---------  --------  ----------  --------------  -------------------
/opt/airflow/dags/frankfurter_dag.py    313  0.01s             1           0  0.12s           2026-03-29T08:53:55
================================================================================
[2026-03-29T08:54:55.681+0000] {manager.py:879} INFO - 
================================================================================
DAG File Processing Stats

File Path                               PID  Runtime      # DAGs    # Errors  Last Runtime    Last Run
------------------------------------  -----  ---------  --------  ----------  --------------  -------------------
/opt/airflow/dags/frankfurter_dag.py    318  0.01s             1           0  0.11s           2026-03-29T08:54:25
================================================================================
[2026-03-29T08:55:16.905+0000] {manager.py:738} INFO - Searching for files in /opt/airflow/dags
[2026-03-29T08:55:16.911+0000] {manager.py:741} INFO - There are 1 files in /opt/airflow/dags
[2026-03-29T08:55:26.019+0000] {manager.py:879} INFO - 
================================================================================
DAG File Processing Stats

File Path                               PID  Runtime      # DAGs    # Errors  Last Runtime    Last Run
------------------------------------  -----  ---------  --------  ----------  --------------  -------------------
/opt/airflow/dags/frankfurter_dag.py    323  0.00s             1           0  0.13s           2026-03-29T08:54:55
================================================================================
[2026-03-29T08:55:56.401+0000] {manager.py:879} INFO - 
================================================================================
DAG File Processing Stats

File Path                               PID  Runtime      # DAGs    # Errors  Last Runtime    Last Run
------------------------------------  -----  ---------  --------  ----------  --------------  -------------------
/opt/airflow/dags/frankfurter_dag.py    328  0.02s             1           0  0.07s           2026-03-29T08:55:26
================================================================================
[2026-03-29T08:56:26.737+0000] {manager.py:879} INFO - 
================================================================================
DAG File Processing Stats

File Path                               PID  Runtime      # DAGs    # Errors  Last Runtime    Last Run
------------------------------------  -----  ---------  --------  ----------  --------------  -------------------
/opt/airflow/dags/frankfurter_dag.py    333  0.02s             1           0  0.16s           2026-03-29T08:55:56
================================================================================
[2026-03-29T08:56:57.165+0000] {manager.py:879} INFO - 
================================================================================
DAG File Processing Stats

File Path                               PID  Runtime      # DAGs    # Errors  Last Runtime    Last Run
------------------------------------  -----  ---------  --------  ----------  --------------  -------------------
/opt/airflow/dags/frankfurter_dag.py    338  0.01s             1           0  0.21s           2026-03-29T08:56:26
================================================================================
