[2026-04-20T16:45:36.499+0000] {taskinstance.py:1956} INFO - Dependencies all met for dep_context=non-requeueable deps ti=<TaskInstance: frankfurter_exchange_rates.fetch_rates scheduled__2026-04-19T00:00:00+00:00 [queued]>
[2026-04-20T16:45:36.501+0000] {taskinstance.py:1956} INFO - Dependencies all met for dep_context=requeueable deps ti=<TaskInstance: frankfurter_exchange_rates.fetch_rates scheduled__2026-04-19T00:00:00+00:00 [queued]>
[2026-04-20T16:45:36.502+0000] {taskinstance.py:2170} INFO - Starting attempt 1 of 2
[2026-04-20T16:45:36.505+0000] {taskinstance.py:2191} INFO - Executing <Task(PythonOperator): fetch_rates> on 2026-04-19 00:00:00+00:00
[2026-04-20T16:45:36.507+0000] {standard_task_runner.py:60} INFO - Started process 213 to run task
[2026-04-20T16:45:36.509+0000] {standard_task_runner.py:87} INFO - Running: ['***', 'tasks', 'run', 'frankfurter_exchange_rates', 'fetch_rates', 'scheduled__2026-04-19T00:00:00+00:00', '--job-id', '2', '--raw', '--subdir', 'DAGS_FOLDER/frankfurter_dag.py', '--cfg-path', '/tmp/tmpxy1pucg2']
[2026-04-20T16:45:36.509+0000] {standard_task_runner.py:88} INFO - Job 2: Subtask fetch_rates
[2026-04-20T16:45:36.528+0000] {task_command.py:423} INFO - Running <TaskInstance: frankfurter_exchange_rates.fetch_rates scheduled__2026-04-19T00:00:00+00:00 [running]> on host f7a9624355af
[2026-04-20T16:45:36.552+0000] {taskinstance.py:2480} INFO - Exporting env vars: AIRFLOW_CTX_DAG_OWNER='***' AIRFLOW_CTX_DAG_ID='frankfurter_exchange_rates' AIRFLOW_CTX_TASK_ID='fetch_rates' AIRFLOW_CTX_EXECUTION_DATE='2026-04-19T00:00:00+00:00' AIRFLOW_CTX_TRY_NUMBER='1' AIRFLOW_CTX_DAG_RUN_ID='scheduled__2026-04-19T00:00:00+00:00'
[2026-04-20T16:45:36.906+0000] {python.py:201} INFO - Done. Returned value was: {'amount': 1.0, 'base': 'EUR', 'date': '2026-04-17', 'rates': {'AUD': 1.6438, 'BRL': 5.8707, 'CAD': 1.6129, 'CHF': 0.9231, 'CNY': 8.0483, 'CZK': 24.317, 'DKK': 7.4734, 'GBP': 0.87168, 'HKD': 9.2382, 'HUF': 362.7, 'IDR': 20267.48, 'ILS': 3.5262, 'INR': 109.5025, 'ISK': 144.0, 'JPY': 187.72, 'KRW': 1744.76, 'MXN': 20.3144, 'MYR': 4.6628, 'NOK': 11.017, 'NZD': 2.0032, 'PHP': 70.865, 'PLN': 4.2328, 'RON': 5.0989, 'SEK': 10.803, 'SGD': 1.5009, 'THB': 37.839, 'TRY': 52.9272, 'USD': 1.1797, 'ZAR': 19.3293}}
[2026-04-20T16:45:36.926+0000] {taskinstance.py:1138} INFO - Marking task as SUCCESS. dag_id=frankfurter_exchange_rates, task_id=fetch_rates, execution_date=20260419T000000, start_date=20260420T164536, end_date=20260420T164536
[2026-04-20T16:45:36.949+0000] {local_task_job_runner.py:234} INFO - Task exited with return code 0
[2026-04-20T16:45:36.962+0000] {taskinstance.py:3280} INFO - 1 downstream tasks scheduled from follow-on schedule check
[2026-04-20T17:19:42.677+0000] {taskinstance.py:1956} INFO - Dependencies all met for dep_context=non-requeueable deps ti=<TaskInstance: frankfurter_exchange_rates.fetch_rates scheduled__2026-04-19T00:00:00+00:00 [queued]>
[2026-04-20T17:19:42.680+0000] {taskinstance.py:1956} INFO - Dependencies all met for dep_context=requeueable deps ti=<TaskInstance: frankfurter_exchange_rates.fetch_rates scheduled__2026-04-19T00:00:00+00:00 [queued]>
[2026-04-20T17:19:42.680+0000] {taskinstance.py:2170} INFO - Starting attempt 1 of 2
[2026-04-20T17:19:42.683+0000] {taskinstance.py:2191} INFO - Executing <Task(PythonOperator): fetch_rates> on 2026-04-19 00:00:00+00:00
[2026-04-20T17:19:42.685+0000] {standard_task_runner.py:60} INFO - Started process 177 to run task
[2026-04-20T17:19:42.687+0000] {standard_task_runner.py:87} INFO - Running: ['***', 'tasks', 'run', 'frankfurter_exchange_rates', 'fetch_rates', 'scheduled__2026-04-19T00:00:00+00:00', '--job-id', '2', '--raw', '--subdir', 'DAGS_FOLDER/frankfurter_dag.py', '--cfg-path', '/tmp/tmp9nknslat']
[2026-04-20T17:19:42.688+0000] {standard_task_runner.py:88} INFO - Job 2: Subtask fetch_rates
[2026-04-20T17:19:42.706+0000] {task_command.py:423} INFO - Running <TaskInstance: frankfurter_exchange_rates.fetch_rates scheduled__2026-04-19T00:00:00+00:00 [running]> on host e56095cf499a
[2026-04-20T17:19:42.734+0000] {taskinstance.py:2480} INFO - Exporting env vars: AIRFLOW_CTX_DAG_OWNER='***' AIRFLOW_CTX_DAG_ID='frankfurter_exchange_rates' AIRFLOW_CTX_TASK_ID='fetch_rates' AIRFLOW_CTX_EXECUTION_DATE='2026-04-19T00:00:00+00:00' AIRFLOW_CTX_TRY_NUMBER='1' AIRFLOW_CTX_DAG_RUN_ID='scheduled__2026-04-19T00:00:00+00:00'
[2026-04-20T17:19:43.026+0000] {python.py:201} INFO - Done. Returned value was: {'amount': 1.0, 'base': 'EUR', 'date': '2026-04-17', 'rates': {'AUD': 1.6438, 'BRL': 5.8707, 'CAD': 1.6129, 'CHF': 0.9231, 'CNY': 8.0483, 'CZK': 24.317, 'DKK': 7.4734, 'GBP': 0.87168, 'HKD': 9.2382, 'HUF': 362.7, 'IDR': 20267.48, 'ILS': 3.5262, 'INR': 109.5025, 'ISK': 144.0, 'JPY': 187.72, 'KRW': 1744.76, 'MXN': 20.3144, 'MYR': 4.6628, 'NOK': 11.017, 'NZD': 2.0032, 'PHP': 70.865, 'PLN': 4.2328, 'RON': 5.0989, 'SEK': 10.803, 'SGD': 1.5009, 'THB': 37.839, 'TRY': 52.9272, 'USD': 1.1797, 'ZAR': 19.3293}}
[2026-04-20T17:19:43.040+0000] {taskinstance.py:1138} INFO - Marking task as SUCCESS. dag_id=frankfurter_exchange_rates, task_id=fetch_rates, execution_date=20260419T000000, start_date=20260420T171942, end_date=20260420T171943
[2026-04-20T17:19:43.088+0000] {local_task_job_runner.py:234} INFO - Task exited with return code 0
[2026-04-20T17:19:43.104+0000] {taskinstance.py:3280} INFO - 1 downstream tasks scheduled from follow-on schedule check
