[2026-04-20T16:42:27.682+0000] {processor.py:161} INFO - Started process (PID=169) to work on /opt/airflow/dags/frankfurter_dag.py
[2026-04-20T16:42:27.683+0000] {processor.py:830} INFO - Processing file /opt/airflow/dags/frankfurter_dag.py for tasks to queue
[2026-04-20T16:42:27.683+0000] {logging_mixin.py:188} INFO - [2026-04-20T16:42:27.683+0000] {dagbag.py:538} INFO - Filling up the DagBag from /opt/airflow/dags/frankfurter_dag.py
[2026-04-20T16:42:28.429+0000] {processor.py:840} INFO - DAG(s) 'frankfurter_exchange_rates' retrieved from /opt/airflow/dags/frankfurter_dag.py
[2026-04-20T16:42:28.521+0000] {logging_mixin.py:188} INFO - [2026-04-20T16:42:28.521+0000] {override.py:1769} INFO - Created Permission View: can edit on DAG:frankfurter_exchange_rates
[2026-04-20T16:42:28.525+0000] {logging_mixin.py:188} INFO - [2026-04-20T16:42:28.525+0000] {override.py:1769} INFO - Created Permission View: can delete on DAG:frankfurter_exchange_rates
[2026-04-20T16:42:28.527+0000] {logging_mixin.py:188} INFO - [2026-04-20T16:42:28.527+0000] {override.py:1769} INFO - Created Permission View: can read on DAG:frankfurter_exchange_rates
[2026-04-20T16:42:28.527+0000] {logging_mixin.py:188} INFO - [2026-04-20T16:42:28.527+0000] {dag.py:3036} INFO - Sync 1 DAGs
[2026-04-20T16:42:28.532+0000] {logging_mixin.py:188} INFO - [2026-04-20T16:42:28.532+0000] {dag.py:3058} INFO - Creating ORM DAG for frankfurter_exchange_rates
[2026-04-20T16:42:28.536+0000] {logging_mixin.py:188} INFO - [2026-04-20T16:42:28.536+0000] {dag.py:3823} INFO - Setting next_dagrun for frankfurter_exchange_rates to 2026-04-19 00:00:00+00:00, run_after=2026-04-20 00:00:00+00:00
[2026-04-20T16:42:28.541+0000] {processor.py:183} INFO - Processing /opt/airflow/dags/frankfurter_dag.py took 0.861 seconds
[2026-04-20T16:42:58.816+0000] {processor.py:161} INFO - Started process (PID=175) to work on /opt/airflow/dags/frankfurter_dag.py
[2026-04-20T16:42:58.817+0000] {processor.py:830} INFO - Processing file /opt/airflow/dags/frankfurter_dag.py for tasks to queue
[2026-04-20T16:42:58.818+0000] {logging_mixin.py:188} INFO - [2026-04-20T16:42:58.818+0000] {dagbag.py:538} INFO - Filling up the DagBag from /opt/airflow/dags/frankfurter_dag.py
[2026-04-20T16:42:59.114+0000] {processor.py:840} INFO - DAG(s) 'frankfurter_exchange_rates' retrieved from /opt/airflow/dags/frankfurter_dag.py
[2026-04-20T16:42:59.123+0000] {logging_mixin.py:188} INFO - [2026-04-20T16:42:59.123+0000] {dag.py:3036} INFO - Sync 1 DAGs
[2026-04-20T16:42:59.130+0000] {logging_mixin.py:188} INFO - [2026-04-20T16:42:59.130+0000] {dag.py:3823} INFO - Setting next_dagrun for frankfurter_exchange_rates to 2026-04-19 00:00:00+00:00, run_after=2026-04-20 00:00:00+00:00
[2026-04-20T16:42:59.135+0000] {processor.py:183} INFO - Processing /opt/airflow/dags/frankfurter_dag.py took 0.322 seconds
[2026-04-20T16:43:29.408+0000] {processor.py:161} INFO - Started process (PID=181) to work on /opt/airflow/dags/frankfurter_dag.py
[2026-04-20T16:43:29.409+0000] {processor.py:830} INFO - Processing file /opt/airflow/dags/frankfurter_dag.py for tasks to queue
[2026-04-20T16:43:29.409+0000] {logging_mixin.py:188} INFO - [2026-04-20T16:43:29.409+0000] {dagbag.py:538} INFO - Filling up the DagBag from /opt/airflow/dags/frankfurter_dag.py
[2026-04-20T16:43:29.680+0000] {processor.py:840} INFO - DAG(s) 'frankfurter_exchange_rates' retrieved from /opt/airflow/dags/frankfurter_dag.py
[2026-04-20T16:43:29.691+0000] {logging_mixin.py:188} INFO - [2026-04-20T16:43:29.691+0000] {dag.py:3036} INFO - Sync 1 DAGs
[2026-04-20T16:43:29.698+0000] {logging_mixin.py:188} INFO - [2026-04-20T16:43:29.698+0000] {dag.py:3823} INFO - Setting next_dagrun for frankfurter_exchange_rates to 2026-04-19 00:00:00+00:00, run_after=2026-04-20 00:00:00+00:00
[2026-04-20T16:43:29.704+0000] {processor.py:183} INFO - Processing /opt/airflow/dags/frankfurter_dag.py took 0.299 seconds
[2026-04-20T16:43:59.968+0000] {processor.py:161} INFO - Started process (PID=187) to work on /opt/airflow/dags/frankfurter_dag.py
[2026-04-20T16:43:59.970+0000] {processor.py:830} INFO - Processing file /opt/airflow/dags/frankfurter_dag.py for tasks to queue
[2026-04-20T16:43:59.971+0000] {logging_mixin.py:188} INFO - [2026-04-20T16:43:59.970+0000] {dagbag.py:538} INFO - Filling up the DagBag from /opt/airflow/dags/frankfurter_dag.py
[2026-04-20T16:44:00.243+0000] {processor.py:840} INFO - DAG(s) 'frankfurter_exchange_rates' retrieved from /opt/airflow/dags/frankfurter_dag.py
[2026-04-20T16:44:00.253+0000] {logging_mixin.py:188} INFO - [2026-04-20T16:44:00.253+0000] {dag.py:3036} INFO - Sync 1 DAGs
[2026-04-20T16:44:00.259+0000] {logging_mixin.py:188} INFO - [2026-04-20T16:44:00.259+0000] {dag.py:3823} INFO - Setting next_dagrun for frankfurter_exchange_rates to 2026-04-19 00:00:00+00:00, run_after=2026-04-20 00:00:00+00:00
[2026-04-20T16:44:00.265+0000] {processor.py:183} INFO - Processing /opt/airflow/dags/frankfurter_dag.py took 0.301 seconds
[2026-04-20T16:44:30.519+0000] {processor.py:161} INFO - Started process (PID=193) to work on /opt/airflow/dags/frankfurter_dag.py
[2026-04-20T16:44:30.521+0000] {processor.py:830} INFO - Processing file /opt/airflow/dags/frankfurter_dag.py for tasks to queue
[2026-04-20T16:44:30.522+0000] {logging_mixin.py:188} INFO - [2026-04-20T16:44:30.521+0000] {dagbag.py:538} INFO - Filling up the DagBag from /opt/airflow/dags/frankfurter_dag.py
[2026-04-20T16:44:30.798+0000] {processor.py:840} INFO - DAG(s) 'frankfurter_exchange_rates' retrieved from /opt/airflow/dags/frankfurter_dag.py
[2026-04-20T16:44:30.808+0000] {logging_mixin.py:188} INFO - [2026-04-20T16:44:30.808+0000] {dag.py:3036} INFO - Sync 1 DAGs
[2026-04-20T16:44:30.816+0000] {logging_mixin.py:188} INFO - [2026-04-20T16:44:30.816+0000] {dag.py:3823} INFO - Setting next_dagrun for frankfurter_exchange_rates to 2026-04-19 00:00:00+00:00, run_after=2026-04-20 00:00:00+00:00
[2026-04-20T16:44:30.823+0000] {processor.py:183} INFO - Processing /opt/airflow/dags/frankfurter_dag.py took 0.306 seconds
[2026-04-20T16:45:01.103+0000] {processor.py:161} INFO - Started process (PID=199) to work on /opt/airflow/dags/frankfurter_dag.py
[2026-04-20T16:45:01.105+0000] {processor.py:830} INFO - Processing file /opt/airflow/dags/frankfurter_dag.py for tasks to queue
[2026-04-20T16:45:01.107+0000] {logging_mixin.py:188} INFO - [2026-04-20T16:45:01.106+0000] {dagbag.py:538} INFO - Filling up the DagBag from /opt/airflow/dags/frankfurter_dag.py
[2026-04-20T16:45:01.384+0000] {processor.py:840} INFO - DAG(s) 'frankfurter_exchange_rates' retrieved from /opt/airflow/dags/frankfurter_dag.py
[2026-04-20T16:45:01.397+0000] {logging_mixin.py:188} INFO - [2026-04-20T16:45:01.397+0000] {dag.py:3036} INFO - Sync 1 DAGs
[2026-04-20T16:45:01.405+0000] {logging_mixin.py:188} INFO - [2026-04-20T16:45:01.405+0000] {dag.py:3823} INFO - Setting next_dagrun for frankfurter_exchange_rates to 2026-04-19 00:00:00+00:00, run_after=2026-04-20 00:00:00+00:00
[2026-04-20T16:45:01.412+0000] {processor.py:183} INFO - Processing /opt/airflow/dags/frankfurter_dag.py took 0.312 seconds
[2026-04-20T16:45:31.661+0000] {processor.py:161} INFO - Started process (PID=205) to work on /opt/airflow/dags/frankfurter_dag.py
[2026-04-20T16:45:31.663+0000] {processor.py:830} INFO - Processing file /opt/airflow/dags/frankfurter_dag.py for tasks to queue
[2026-04-20T16:45:31.664+0000] {logging_mixin.py:188} INFO - [2026-04-20T16:45:31.663+0000] {dagbag.py:538} INFO - Filling up the DagBag from /opt/airflow/dags/frankfurter_dag.py
[2026-04-20T16:45:31.944+0000] {processor.py:840} INFO - DAG(s) 'frankfurter_exchange_rates' retrieved from /opt/airflow/dags/frankfurter_dag.py
[2026-04-20T16:45:31.953+0000] {logging_mixin.py:188} INFO - [2026-04-20T16:45:31.952+0000] {dag.py:3036} INFO - Sync 1 DAGs
[2026-04-20T16:45:31.960+0000] {logging_mixin.py:188} INFO - [2026-04-20T16:45:31.960+0000] {dag.py:3823} INFO - Setting next_dagrun for frankfurter_exchange_rates to 2026-04-19 00:00:00+00:00, run_after=2026-04-20 00:00:00+00:00
[2026-04-20T16:45:31.965+0000] {processor.py:183} INFO - Processing /opt/airflow/dags/frankfurter_dag.py took 0.309 seconds
[2026-04-20T16:46:02.287+0000] {processor.py:161} INFO - Started process (PID=217) to work on /opt/airflow/dags/frankfurter_dag.py
[2026-04-20T16:46:02.289+0000] {processor.py:830} INFO - Processing file /opt/airflow/dags/frankfurter_dag.py for tasks to queue
[2026-04-20T16:46:02.290+0000] {logging_mixin.py:188} INFO - [2026-04-20T16:46:02.289+0000] {dagbag.py:538} INFO - Filling up the DagBag from /opt/airflow/dags/frankfurter_dag.py
[2026-04-20T16:46:02.565+0000] {processor.py:840} INFO - DAG(s) 'frankfurter_exchange_rates' retrieved from /opt/airflow/dags/frankfurter_dag.py
[2026-04-20T16:46:02.575+0000] {logging_mixin.py:188} INFO - [2026-04-20T16:46:02.575+0000] {dag.py:3036} INFO - Sync 1 DAGs
[2026-04-20T16:46:02.583+0000] {logging_mixin.py:188} INFO - [2026-04-20T16:46:02.583+0000] {dag.py:3823} INFO - Setting next_dagrun for frankfurter_exchange_rates to 2026-04-20 00:00:00+00:00, run_after=2026-04-21 00:00:00+00:00
[2026-04-20T16:46:02.588+0000] {processor.py:183} INFO - Processing /opt/airflow/dags/frankfurter_dag.py took 0.306 seconds
[2026-04-20T16:46:32.843+0000] {processor.py:161} INFO - Started process (PID=223) to work on /opt/airflow/dags/frankfurter_dag.py
[2026-04-20T16:46:32.844+0000] {processor.py:830} INFO - Processing file /opt/airflow/dags/frankfurter_dag.py for tasks to queue
[2026-04-20T16:46:32.845+0000] {logging_mixin.py:188} INFO - [2026-04-20T16:46:32.845+0000] {dagbag.py:538} INFO - Filling up the DagBag from /opt/airflow/dags/frankfurter_dag.py
[2026-04-20T16:46:33.036+0000] {processor.py:840} INFO - DAG(s) 'frankfurter_exchange_rates' retrieved from /opt/airflow/dags/frankfurter_dag.py
[2026-04-20T16:46:33.043+0000] {logging_mixin.py:188} INFO - [2026-04-20T16:46:33.043+0000] {dag.py:3036} INFO - Sync 1 DAGs
[2026-04-20T16:46:33.049+0000] {logging_mixin.py:188} INFO - [2026-04-20T16:46:33.049+0000] {dag.py:3823} INFO - Setting next_dagrun for frankfurter_exchange_rates to 2026-04-20 00:00:00+00:00, run_after=2026-04-21 00:00:00+00:00
[2026-04-20T16:46:33.054+0000] {processor.py:183} INFO - Processing /opt/airflow/dags/frankfurter_dag.py took 0.214 seconds
[2026-04-20T16:47:03.155+0000] {processor.py:161} INFO - Started process (PID=229) to work on /opt/airflow/dags/frankfurter_dag.py
[2026-04-20T16:47:03.157+0000] {processor.py:830} INFO - Processing file /opt/airflow/dags/frankfurter_dag.py for tasks to queue
[2026-04-20T16:47:03.158+0000] {logging_mixin.py:188} INFO - [2026-04-20T16:47:03.157+0000] {dagbag.py:538} INFO - Filling up the DagBag from /opt/airflow/dags/frankfurter_dag.py
[2026-04-20T16:47:03.434+0000] {processor.py:840} INFO - DAG(s) 'frankfurter_exchange_rates' retrieved from /opt/airflow/dags/frankfurter_dag.py
[2026-04-20T16:47:03.447+0000] {logging_mixin.py:188} INFO - [2026-04-20T16:47:03.447+0000] {dag.py:3036} INFO - Sync 1 DAGs
[2026-04-20T16:47:03.454+0000] {logging_mixin.py:188} INFO - [2026-04-20T16:47:03.454+0000] {dag.py:3823} INFO - Setting next_dagrun for frankfurter_exchange_rates to 2026-04-20 00:00:00+00:00, run_after=2026-04-21 00:00:00+00:00
[2026-04-20T16:47:03.459+0000] {processor.py:183} INFO - Processing /opt/airflow/dags/frankfurter_dag.py took 0.309 seconds
[2026-04-20T16:47:33.617+0000] {processor.py:161} INFO - Started process (PID=235) to work on /opt/airflow/dags/frankfurter_dag.py
[2026-04-20T16:47:33.618+0000] {processor.py:830} INFO - Processing file /opt/airflow/dags/frankfurter_dag.py for tasks to queue
[2026-04-20T16:47:33.618+0000] {logging_mixin.py:188} INFO - [2026-04-20T16:47:33.618+0000] {dagbag.py:538} INFO - Filling up the DagBag from /opt/airflow/dags/frankfurter_dag.py
[2026-04-20T16:47:33.810+0000] {processor.py:840} INFO - DAG(s) 'frankfurter_exchange_rates' retrieved from /opt/airflow/dags/frankfurter_dag.py
[2026-04-20T16:47:33.817+0000] {logging_mixin.py:188} INFO - [2026-04-20T16:47:33.817+0000] {dag.py:3036} INFO - Sync 1 DAGs
[2026-04-20T16:47:33.824+0000] {logging_mixin.py:188} INFO - [2026-04-20T16:47:33.823+0000] {dag.py:3823} INFO - Setting next_dagrun for frankfurter_exchange_rates to 2026-04-20 00:00:00+00:00, run_after=2026-04-21 00:00:00+00:00
[2026-04-20T16:47:33.829+0000] {processor.py:183} INFO - Processing /opt/airflow/dags/frankfurter_dag.py took 0.215 seconds
[2026-04-20T16:48:03.928+0000] {processor.py:161} INFO - Started process (PID=241) to work on /opt/airflow/dags/frankfurter_dag.py
[2026-04-20T16:48:03.929+0000] {processor.py:830} INFO - Processing file /opt/airflow/dags/frankfurter_dag.py for tasks to queue
[2026-04-20T16:48:03.930+0000] {logging_mixin.py:188} INFO - [2026-04-20T16:48:03.930+0000] {dagbag.py:538} INFO - Filling up the DagBag from /opt/airflow/dags/frankfurter_dag.py
[2026-04-20T16:48:04.118+0000] {processor.py:840} INFO - DAG(s) 'frankfurter_exchange_rates' retrieved from /opt/airflow/dags/frankfurter_dag.py
[2026-04-20T16:48:04.125+0000] {logging_mixin.py:188} INFO - [2026-04-20T16:48:04.124+0000] {dag.py:3036} INFO - Sync 1 DAGs
[2026-04-20T16:48:04.131+0000] {logging_mixin.py:188} INFO - [2026-04-20T16:48:04.131+0000] {dag.py:3823} INFO - Setting next_dagrun for frankfurter_exchange_rates to 2026-04-20 00:00:00+00:00, run_after=2026-04-21 00:00:00+00:00
[2026-04-20T16:48:04.136+0000] {processor.py:183} INFO - Processing /opt/airflow/dags/frankfurter_dag.py took 0.212 seconds
[2026-04-20T16:48:34.392+0000] {processor.py:161} INFO - Started process (PID=247) to work on /opt/airflow/dags/frankfurter_dag.py
[2026-04-20T16:48:34.393+0000] {processor.py:830} INFO - Processing file /opt/airflow/dags/frankfurter_dag.py for tasks to queue
[2026-04-20T16:48:34.394+0000] {logging_mixin.py:188} INFO - [2026-04-20T16:48:34.394+0000] {dagbag.py:538} INFO - Filling up the DagBag from /opt/airflow/dags/frankfurter_dag.py
[2026-04-20T16:48:34.581+0000] {processor.py:840} INFO - DAG(s) 'frankfurter_exchange_rates' retrieved from /opt/airflow/dags/frankfurter_dag.py
[2026-04-20T16:48:34.588+0000] {logging_mixin.py:188} INFO - [2026-04-20T16:48:34.587+0000] {dag.py:3036} INFO - Sync 1 DAGs
[2026-04-20T16:48:34.594+0000] {logging_mixin.py:188} INFO - [2026-04-20T16:48:34.594+0000] {dag.py:3823} INFO - Setting next_dagrun for frankfurter_exchange_rates to 2026-04-20 00:00:00+00:00, run_after=2026-04-21 00:00:00+00:00
[2026-04-20T16:48:34.599+0000] {processor.py:183} INFO - Processing /opt/airflow/dags/frankfurter_dag.py took 0.210 seconds
[2026-04-20T16:49:04.685+0000] {processor.py:161} INFO - Started process (PID=253) to work on /opt/airflow/dags/frankfurter_dag.py
[2026-04-20T16:49:04.687+0000] {processor.py:830} INFO - Processing file /opt/airflow/dags/frankfurter_dag.py for tasks to queue
[2026-04-20T16:49:04.688+0000] {logging_mixin.py:188} INFO - [2026-04-20T16:49:04.687+0000] {dagbag.py:538} INFO - Filling up the DagBag from /opt/airflow/dags/frankfurter_dag.py
[2026-04-20T16:49:04.887+0000] {processor.py:840} INFO - DAG(s) 'frankfurter_exchange_rates' retrieved from /opt/airflow/dags/frankfurter_dag.py
[2026-04-20T16:49:04.894+0000] {logging_mixin.py:188} INFO - [2026-04-20T16:49:04.894+0000] {dag.py:3036} INFO - Sync 1 DAGs
[2026-04-20T16:49:04.901+0000] {logging_mixin.py:188} INFO - [2026-04-20T16:49:04.901+0000] {dag.py:3823} INFO - Setting next_dagrun for frankfurter_exchange_rates to 2026-04-20 00:00:00+00:00, run_after=2026-04-21 00:00:00+00:00
[2026-04-20T16:49:04.906+0000] {processor.py:183} INFO - Processing /opt/airflow/dags/frankfurter_dag.py took 0.225 seconds
[2026-04-20T16:49:35.159+0000] {processor.py:161} INFO - Started process (PID=259) to work on /opt/airflow/dags/frankfurter_dag.py
[2026-04-20T16:49:35.160+0000] {processor.py:830} INFO - Processing file /opt/airflow/dags/frankfurter_dag.py for tasks to queue
[2026-04-20T16:49:35.161+0000] {logging_mixin.py:188} INFO - [2026-04-20T16:49:35.161+0000] {dagbag.py:538} INFO - Filling up the DagBag from /opt/airflow/dags/frankfurter_dag.py
[2026-04-20T16:49:35.348+0000] {processor.py:840} INFO - DAG(s) 'frankfurter_exchange_rates' retrieved from /opt/airflow/dags/frankfurter_dag.py
[2026-04-20T16:49:35.355+0000] {logging_mixin.py:188} INFO - [2026-04-20T16:49:35.355+0000] {dag.py:3036} INFO - Sync 1 DAGs
[2026-04-20T16:49:35.361+0000] {logging_mixin.py:188} INFO - [2026-04-20T16:49:35.361+0000] {dag.py:3823} INFO - Setting next_dagrun for frankfurter_exchange_rates to 2026-04-20 00:00:00+00:00, run_after=2026-04-21 00:00:00+00:00
[2026-04-20T16:49:35.366+0000] {processor.py:183} INFO - Processing /opt/airflow/dags/frankfurter_dag.py took 0.211 seconds
[2026-04-20T16:50:05.440+0000] {processor.py:161} INFO - Started process (PID=265) to work on /opt/airflow/dags/frankfurter_dag.py
[2026-04-20T16:50:05.441+0000] {processor.py:830} INFO - Processing file /opt/airflow/dags/frankfurter_dag.py for tasks to queue
[2026-04-20T16:50:05.442+0000] {logging_mixin.py:188} INFO - [2026-04-20T16:50:05.442+0000] {dagbag.py:538} INFO - Filling up the DagBag from /opt/airflow/dags/frankfurter_dag.py
[2026-04-20T16:50:05.632+0000] {processor.py:840} INFO - DAG(s) 'frankfurter_exchange_rates' retrieved from /opt/airflow/dags/frankfurter_dag.py
[2026-04-20T16:50:05.639+0000] {logging_mixin.py:188} INFO - [2026-04-20T16:50:05.639+0000] {dag.py:3036} INFO - Sync 1 DAGs
[2026-04-20T16:50:05.645+0000] {logging_mixin.py:188} INFO - [2026-04-20T16:50:05.645+0000] {dag.py:3823} INFO - Setting next_dagrun for frankfurter_exchange_rates to 2026-04-20 00:00:00+00:00, run_after=2026-04-21 00:00:00+00:00
[2026-04-20T16:50:05.650+0000] {processor.py:183} INFO - Processing /opt/airflow/dags/frankfurter_dag.py took 0.214 seconds
[2026-04-20T16:50:35.890+0000] {processor.py:161} INFO - Started process (PID=271) to work on /opt/airflow/dags/frankfurter_dag.py
[2026-04-20T16:50:35.891+0000] {processor.py:830} INFO - Processing file /opt/airflow/dags/frankfurter_dag.py for tasks to queue
[2026-04-20T16:50:35.892+0000] {logging_mixin.py:188} INFO - [2026-04-20T16:50:35.891+0000] {dagbag.py:538} INFO - Filling up the DagBag from /opt/airflow/dags/frankfurter_dag.py
[2026-04-20T16:50:36.085+0000] {processor.py:840} INFO - DAG(s) 'frankfurter_exchange_rates' retrieved from /opt/airflow/dags/frankfurter_dag.py
[2026-04-20T16:50:36.092+0000] {logging_mixin.py:188} INFO - [2026-04-20T16:50:36.092+0000] {dag.py:3036} INFO - Sync 1 DAGs
[2026-04-20T16:50:36.098+0000] {logging_mixin.py:188} INFO - [2026-04-20T16:50:36.098+0000] {dag.py:3823} INFO - Setting next_dagrun for frankfurter_exchange_rates to 2026-04-20 00:00:00+00:00, run_after=2026-04-21 00:00:00+00:00
[2026-04-20T16:50:36.103+0000] {processor.py:183} INFO - Processing /opt/airflow/dags/frankfurter_dag.py took 0.215 seconds
[2026-04-20T16:51:06.252+0000] {processor.py:161} INFO - Started process (PID=280) to work on /opt/airflow/dags/frankfurter_dag.py
[2026-04-20T16:51:06.252+0000] {processor.py:830} INFO - Processing file /opt/airflow/dags/frankfurter_dag.py for tasks to queue
[2026-04-20T16:51:06.253+0000] {logging_mixin.py:188} INFO - [2026-04-20T16:51:06.253+0000] {dagbag.py:538} INFO - Filling up the DagBag from /opt/airflow/dags/frankfurter_dag.py
[2026-04-20T16:51:06.494+0000] {processor.py:840} INFO - DAG(s) 'frankfurter_exchange_rates' retrieved from /opt/airflow/dags/frankfurter_dag.py
[2026-04-20T16:51:06.501+0000] {logging_mixin.py:188} INFO - [2026-04-20T16:51:06.501+0000] {dag.py:3036} INFO - Sync 1 DAGs
[2026-04-20T16:51:06.507+0000] {logging_mixin.py:188} INFO - [2026-04-20T16:51:06.507+0000] {dag.py:3823} INFO - Setting next_dagrun for frankfurter_exchange_rates to 2026-04-20 00:00:00+00:00, run_after=2026-04-21 00:00:00+00:00
[2026-04-20T16:51:06.513+0000] {processor.py:183} INFO - Processing /opt/airflow/dags/frankfurter_dag.py took 0.264 seconds
[2026-04-20T16:51:36.770+0000] {processor.py:161} INFO - Started process (PID=286) to work on /opt/airflow/dags/frankfurter_dag.py
[2026-04-20T16:51:36.772+0000] {processor.py:830} INFO - Processing file /opt/airflow/dags/frankfurter_dag.py for tasks to queue
[2026-04-20T16:51:36.773+0000] {logging_mixin.py:188} INFO - [2026-04-20T16:51:36.773+0000] {dagbag.py:538} INFO - Filling up the DagBag from /opt/airflow/dags/frankfurter_dag.py
[2026-04-20T16:51:37.019+0000] {processor.py:840} INFO - DAG(s) 'frankfurter_exchange_rates' retrieved from /opt/airflow/dags/frankfurter_dag.py
[2026-04-20T16:51:37.027+0000] {logging_mixin.py:188} INFO - [2026-04-20T16:51:37.027+0000] {dag.py:3036} INFO - Sync 1 DAGs
[2026-04-20T16:51:37.040+0000] {logging_mixin.py:188} INFO - [2026-04-20T16:51:37.040+0000] {dag.py:3823} INFO - Setting next_dagrun for frankfurter_exchange_rates to 2026-04-20 00:00:00+00:00, run_after=2026-04-21 00:00:00+00:00
[2026-04-20T16:51:37.046+0000] {processor.py:183} INFO - Processing /opt/airflow/dags/frankfurter_dag.py took 0.281 seconds
[2026-04-20T16:52:07.164+0000] {processor.py:161} INFO - Started process (PID=292) to work on /opt/airflow/dags/frankfurter_dag.py
[2026-04-20T16:52:07.165+0000] {processor.py:830} INFO - Processing file /opt/airflow/dags/frankfurter_dag.py for tasks to queue
[2026-04-20T16:52:07.166+0000] {logging_mixin.py:188} INFO - [2026-04-20T16:52:07.166+0000] {dagbag.py:538} INFO - Filling up the DagBag from /opt/airflow/dags/frankfurter_dag.py
[2026-04-20T16:52:07.397+0000] {processor.py:840} INFO - DAG(s) 'frankfurter_exchange_rates' retrieved from /opt/airflow/dags/frankfurter_dag.py
[2026-04-20T16:52:07.405+0000] {logging_mixin.py:188} INFO - [2026-04-20T16:52:07.405+0000] {dag.py:3036} INFO - Sync 1 DAGs
[2026-04-20T16:52:07.412+0000] {logging_mixin.py:188} INFO - [2026-04-20T16:52:07.412+0000] {dag.py:3823} INFO - Setting next_dagrun for frankfurter_exchange_rates to 2026-04-20 00:00:00+00:00, run_after=2026-04-21 00:00:00+00:00
[2026-04-20T16:52:07.417+0000] {processor.py:183} INFO - Processing /opt/airflow/dags/frankfurter_dag.py took 0.256 seconds
[2026-04-20T16:52:37.735+0000] {processor.py:161} INFO - Started process (PID=298) to work on /opt/airflow/dags/frankfurter_dag.py
[2026-04-20T16:52:37.736+0000] {processor.py:830} INFO - Processing file /opt/airflow/dags/frankfurter_dag.py for tasks to queue
[2026-04-20T16:52:37.737+0000] {logging_mixin.py:188} INFO - [2026-04-20T16:52:37.736+0000] {dagbag.py:538} INFO - Filling up the DagBag from /opt/airflow/dags/frankfurter_dag.py
[2026-04-20T16:52:37.925+0000] {processor.py:840} INFO - DAG(s) 'frankfurter_exchange_rates' retrieved from /opt/airflow/dags/frankfurter_dag.py
[2026-04-20T16:52:37.933+0000] {logging_mixin.py:188} INFO - [2026-04-20T16:52:37.933+0000] {dag.py:3036} INFO - Sync 1 DAGs
[2026-04-20T16:52:37.939+0000] {logging_mixin.py:188} INFO - [2026-04-20T16:52:37.939+0000] {dag.py:3823} INFO - Setting next_dagrun for frankfurter_exchange_rates to 2026-04-20 00:00:00+00:00, run_after=2026-04-21 00:00:00+00:00
[2026-04-20T16:52:37.944+0000] {processor.py:183} INFO - Processing /opt/airflow/dags/frankfurter_dag.py took 0.212 seconds
[2026-04-20T16:53:08.117+0000] {processor.py:161} INFO - Started process (PID=304) to work on /opt/airflow/dags/frankfurter_dag.py
[2026-04-20T16:53:08.118+0000] {processor.py:830} INFO - Processing file /opt/airflow/dags/frankfurter_dag.py for tasks to queue
[2026-04-20T16:53:08.119+0000] {logging_mixin.py:188} INFO - [2026-04-20T16:53:08.118+0000] {dagbag.py:538} INFO - Filling up the DagBag from /opt/airflow/dags/frankfurter_dag.py
[2026-04-20T16:53:08.307+0000] {processor.py:840} INFO - DAG(s) 'frankfurter_exchange_rates' retrieved from /opt/airflow/dags/frankfurter_dag.py
[2026-04-20T16:53:08.313+0000] {logging_mixin.py:188} INFO - [2026-04-20T16:53:08.313+0000] {dag.py:3036} INFO - Sync 1 DAGs
[2026-04-20T16:53:08.319+0000] {logging_mixin.py:188} INFO - [2026-04-20T16:53:08.319+0000] {dag.py:3823} INFO - Setting next_dagrun for frankfurter_exchange_rates to 2026-04-20 00:00:00+00:00, run_after=2026-04-21 00:00:00+00:00
[2026-04-20T16:53:08.324+0000] {processor.py:183} INFO - Processing /opt/airflow/dags/frankfurter_dag.py took 0.211 seconds
[2026-04-20T16:53:38.438+0000] {processor.py:161} INFO - Started process (PID=310) to work on /opt/airflow/dags/frankfurter_dag.py
[2026-04-20T16:53:38.439+0000] {processor.py:830} INFO - Processing file /opt/airflow/dags/frankfurter_dag.py for tasks to queue
[2026-04-20T16:53:38.440+0000] {logging_mixin.py:188} INFO - [2026-04-20T16:53:38.439+0000] {dagbag.py:538} INFO - Filling up the DagBag from /opt/airflow/dags/frankfurter_dag.py
[2026-04-20T16:53:38.629+0000] {processor.py:840} INFO - DAG(s) 'frankfurter_exchange_rates' retrieved from /opt/airflow/dags/frankfurter_dag.py
[2026-04-20T16:53:38.636+0000] {logging_mixin.py:188} INFO - [2026-04-20T16:53:38.636+0000] {dag.py:3036} INFO - Sync 1 DAGs
[2026-04-20T16:53:38.642+0000] {logging_mixin.py:188} INFO - [2026-04-20T16:53:38.642+0000] {dag.py:3823} INFO - Setting next_dagrun for frankfurter_exchange_rates to 2026-04-20 00:00:00+00:00, run_after=2026-04-21 00:00:00+00:00
[2026-04-20T16:53:38.647+0000] {processor.py:183} INFO - Processing /opt/airflow/dags/frankfurter_dag.py took 0.213 seconds
[2026-04-20T16:54:08.943+0000] {processor.py:161} INFO - Started process (PID=316) to work on /opt/airflow/dags/frankfurter_dag.py
[2026-04-20T16:54:08.945+0000] {processor.py:830} INFO - Processing file /opt/airflow/dags/frankfurter_dag.py for tasks to queue
[2026-04-20T16:54:08.946+0000] {logging_mixin.py:188} INFO - [2026-04-20T16:54:08.945+0000] {dagbag.py:538} INFO - Filling up the DagBag from /opt/airflow/dags/frankfurter_dag.py
[2026-04-20T16:54:09.200+0000] {processor.py:840} INFO - DAG(s) 'frankfurter_exchange_rates' retrieved from /opt/airflow/dags/frankfurter_dag.py
[2026-04-20T16:54:09.209+0000] {logging_mixin.py:188} INFO - [2026-04-20T16:54:09.208+0000] {dag.py:3036} INFO - Sync 1 DAGs
[2026-04-20T16:54:09.216+0000] {logging_mixin.py:188} INFO - [2026-04-20T16:54:09.216+0000] {dag.py:3823} INFO - Setting next_dagrun for frankfurter_exchange_rates to 2026-04-20 00:00:00+00:00, run_after=2026-04-21 00:00:00+00:00
[2026-04-20T16:54:09.221+0000] {processor.py:183} INFO - Processing /opt/airflow/dags/frankfurter_dag.py took 0.290 seconds
[2026-04-20T16:54:39.263+0000] {processor.py:161} INFO - Started process (PID=322) to work on /opt/airflow/dags/frankfurter_dag.py
[2026-04-20T16:54:39.264+0000] {processor.py:830} INFO - Processing file /opt/airflow/dags/frankfurter_dag.py for tasks to queue
[2026-04-20T16:54:39.265+0000] {logging_mixin.py:188} INFO - [2026-04-20T16:54:39.264+0000] {dagbag.py:538} INFO - Filling up the DagBag from /opt/airflow/dags/frankfurter_dag.py
[2026-04-20T16:54:39.454+0000] {processor.py:840} INFO - DAG(s) 'frankfurter_exchange_rates' retrieved from /opt/airflow/dags/frankfurter_dag.py
[2026-04-20T16:54:39.461+0000] {logging_mixin.py:188} INFO - [2026-04-20T16:54:39.461+0000] {dag.py:3036} INFO - Sync 1 DAGs
[2026-04-20T16:54:39.468+0000] {logging_mixin.py:188} INFO - [2026-04-20T16:54:39.468+0000] {dag.py:3823} INFO - Setting next_dagrun for frankfurter_exchange_rates to 2026-04-20 00:00:00+00:00, run_after=2026-04-21 00:00:00+00:00
[2026-04-20T16:54:39.473+0000] {processor.py:183} INFO - Processing /opt/airflow/dags/frankfurter_dag.py took 0.215 seconds
[2026-04-20T16:55:09.623+0000] {processor.py:161} INFO - Started process (PID=328) to work on /opt/airflow/dags/frankfurter_dag.py
[2026-04-20T16:55:09.624+0000] {processor.py:830} INFO - Processing file /opt/airflow/dags/frankfurter_dag.py for tasks to queue
[2026-04-20T16:55:09.625+0000] {logging_mixin.py:188} INFO - [2026-04-20T16:55:09.625+0000] {dagbag.py:538} INFO - Filling up the DagBag from /opt/airflow/dags/frankfurter_dag.py
[2026-04-20T16:55:09.813+0000] {processor.py:840} INFO - DAG(s) 'frankfurter_exchange_rates' retrieved from /opt/airflow/dags/frankfurter_dag.py
[2026-04-20T16:55:09.821+0000] {logging_mixin.py:188} INFO - [2026-04-20T16:55:09.821+0000] {dag.py:3036} INFO - Sync 1 DAGs
[2026-04-20T16:55:09.827+0000] {logging_mixin.py:188} INFO - [2026-04-20T16:55:09.827+0000] {dag.py:3823} INFO - Setting next_dagrun for frankfurter_exchange_rates to 2026-04-20 00:00:00+00:00, run_after=2026-04-21 00:00:00+00:00
[2026-04-20T16:55:09.832+0000] {processor.py:183} INFO - Processing /opt/airflow/dags/frankfurter_dag.py took 0.213 seconds
[2026-04-20T16:55:40.151+0000] {processor.py:161} INFO - Started process (PID=334) to work on /opt/airflow/dags/frankfurter_dag.py
[2026-04-20T16:55:40.152+0000] {processor.py:830} INFO - Processing file /opt/airflow/dags/frankfurter_dag.py for tasks to queue
[2026-04-20T16:55:40.152+0000] {logging_mixin.py:188} INFO - [2026-04-20T16:55:40.152+0000] {dagbag.py:538} INFO - Filling up the DagBag from /opt/airflow/dags/frankfurter_dag.py
[2026-04-20T16:55:40.339+0000] {processor.py:840} INFO - DAG(s) 'frankfurter_exchange_rates' retrieved from /opt/airflow/dags/frankfurter_dag.py
[2026-04-20T16:55:40.346+0000] {logging_mixin.py:188} INFO - [2026-04-20T16:55:40.346+0000] {dag.py:3036} INFO - Sync 1 DAGs
[2026-04-20T16:55:40.352+0000] {logging_mixin.py:188} INFO - [2026-04-20T16:55:40.352+0000] {dag.py:3823} INFO - Setting next_dagrun for frankfurter_exchange_rates to 2026-04-20 00:00:00+00:00, run_after=2026-04-21 00:00:00+00:00
[2026-04-20T16:55:40.357+0000] {processor.py:183} INFO - Processing /opt/airflow/dags/frankfurter_dag.py took 0.210 seconds
[2026-04-20T16:56:10.475+0000] {processor.py:161} INFO - Started process (PID=340) to work on /opt/airflow/dags/frankfurter_dag.py
[2026-04-20T16:56:10.476+0000] {processor.py:830} INFO - Processing file /opt/airflow/dags/frankfurter_dag.py for tasks to queue
[2026-04-20T16:56:10.477+0000] {logging_mixin.py:188} INFO - [2026-04-20T16:56:10.477+0000] {dagbag.py:538} INFO - Filling up the DagBag from /opt/airflow/dags/frankfurter_dag.py
[2026-04-20T16:56:10.754+0000] {processor.py:840} INFO - DAG(s) 'frankfurter_exchange_rates' retrieved from /opt/airflow/dags/frankfurter_dag.py
[2026-04-20T16:56:10.763+0000] {logging_mixin.py:188} INFO - [2026-04-20T16:56:10.763+0000] {dag.py:3036} INFO - Sync 1 DAGs
[2026-04-20T16:56:10.770+0000] {logging_mixin.py:188} INFO - [2026-04-20T16:56:10.770+0000] {dag.py:3823} INFO - Setting next_dagrun for frankfurter_exchange_rates to 2026-04-20 00:00:00+00:00, run_after=2026-04-21 00:00:00+00:00
[2026-04-20T16:56:10.775+0000] {processor.py:183} INFO - Processing /opt/airflow/dags/frankfurter_dag.py took 0.304 seconds
[2026-04-20T16:56:41.149+0000] {processor.py:161} INFO - Started process (PID=346) to work on /opt/airflow/dags/frankfurter_dag.py
[2026-04-20T16:56:41.150+0000] {processor.py:830} INFO - Processing file /opt/airflow/dags/frankfurter_dag.py for tasks to queue
[2026-04-20T16:56:41.151+0000] {logging_mixin.py:188} INFO - [2026-04-20T16:56:41.151+0000] {dagbag.py:538} INFO - Filling up the DagBag from /opt/airflow/dags/frankfurter_dag.py
[2026-04-20T16:56:41.397+0000] {processor.py:840} INFO - DAG(s) 'frankfurter_exchange_rates' retrieved from /opt/airflow/dags/frankfurter_dag.py
[2026-04-20T16:56:41.405+0000] {logging_mixin.py:188} INFO - [2026-04-20T16:56:41.405+0000] {dag.py:3036} INFO - Sync 1 DAGs
[2026-04-20T16:56:41.412+0000] {logging_mixin.py:188} INFO - [2026-04-20T16:56:41.412+0000] {dag.py:3823} INFO - Setting next_dagrun for frankfurter_exchange_rates to 2026-04-20 00:00:00+00:00, run_after=2026-04-21 00:00:00+00:00
[2026-04-20T16:56:41.418+0000] {processor.py:183} INFO - Processing /opt/airflow/dags/frankfurter_dag.py took 0.273 seconds
[2026-04-20T16:57:11.471+0000] {processor.py:161} INFO - Started process (PID=352) to work on /opt/airflow/dags/frankfurter_dag.py
[2026-04-20T16:57:11.472+0000] {processor.py:830} INFO - Processing file /opt/airflow/dags/frankfurter_dag.py for tasks to queue
[2026-04-20T16:57:11.472+0000] {logging_mixin.py:188} INFO - [2026-04-20T16:57:11.472+0000] {dagbag.py:538} INFO - Filling up the DagBag from /opt/airflow/dags/frankfurter_dag.py
[2026-04-20T16:57:11.659+0000] {processor.py:840} INFO - DAG(s) 'frankfurter_exchange_rates' retrieved from /opt/airflow/dags/frankfurter_dag.py
[2026-04-20T16:57:11.667+0000] {logging_mixin.py:188} INFO - [2026-04-20T16:57:11.667+0000] {dag.py:3036} INFO - Sync 1 DAGs
[2026-04-20T16:57:11.673+0000] {logging_mixin.py:188} INFO - [2026-04-20T16:57:11.673+0000] {dag.py:3823} INFO - Setting next_dagrun for frankfurter_exchange_rates to 2026-04-20 00:00:00+00:00, run_after=2026-04-21 00:00:00+00:00
[2026-04-20T16:57:11.678+0000] {processor.py:183} INFO - Processing /opt/airflow/dags/frankfurter_dag.py took 0.211 seconds
[2026-04-20T16:57:41.741+0000] {processor.py:161} INFO - Started process (PID=358) to work on /opt/airflow/dags/frankfurter_dag.py
[2026-04-20T16:57:41.742+0000] {processor.py:830} INFO - Processing file /opt/airflow/dags/frankfurter_dag.py for tasks to queue
[2026-04-20T16:57:41.743+0000] {logging_mixin.py:188} INFO - [2026-04-20T16:57:41.743+0000] {dagbag.py:538} INFO - Filling up the DagBag from /opt/airflow/dags/frankfurter_dag.py
[2026-04-20T16:57:41.926+0000] {processor.py:840} INFO - DAG(s) 'frankfurter_exchange_rates' retrieved from /opt/airflow/dags/frankfurter_dag.py
[2026-04-20T16:57:41.934+0000] {logging_mixin.py:188} INFO - [2026-04-20T16:57:41.934+0000] {dag.py:3036} INFO - Sync 1 DAGs
[2026-04-20T16:57:41.943+0000] {logging_mixin.py:188} INFO - [2026-04-20T16:57:41.943+0000] {dag.py:3823} INFO - Setting next_dagrun for frankfurter_exchange_rates to 2026-04-20 00:00:00+00:00, run_after=2026-04-21 00:00:00+00:00
[2026-04-20T16:57:41.948+0000] {processor.py:183} INFO - Processing /opt/airflow/dags/frankfurter_dag.py took 0.211 seconds
[2026-04-20T16:58:12.080+0000] {processor.py:161} INFO - Started process (PID=364) to work on /opt/airflow/dags/frankfurter_dag.py
[2026-04-20T16:58:12.081+0000] {processor.py:830} INFO - Processing file /opt/airflow/dags/frankfurter_dag.py for tasks to queue
[2026-04-20T16:58:12.081+0000] {logging_mixin.py:188} INFO - [2026-04-20T16:58:12.081+0000] {dagbag.py:538} INFO - Filling up the DagBag from /opt/airflow/dags/frankfurter_dag.py
[2026-04-20T16:58:12.264+0000] {processor.py:840} INFO - DAG(s) 'frankfurter_exchange_rates' retrieved from /opt/airflow/dags/frankfurter_dag.py
[2026-04-20T16:58:12.271+0000] {logging_mixin.py:188} INFO - [2026-04-20T16:58:12.271+0000] {dag.py:3036} INFO - Sync 1 DAGs
[2026-04-20T16:58:12.278+0000] {logging_mixin.py:188} INFO - [2026-04-20T16:58:12.278+0000] {dag.py:3823} INFO - Setting next_dagrun for frankfurter_exchange_rates to 2026-04-20 00:00:00+00:00, run_after=2026-04-21 00:00:00+00:00
[2026-04-20T16:58:12.283+0000] {processor.py:183} INFO - Processing /opt/airflow/dags/frankfurter_dag.py took 0.207 seconds
[2026-04-20T16:58:42.607+0000] {processor.py:161} INFO - Started process (PID=370) to work on /opt/airflow/dags/frankfurter_dag.py
[2026-04-20T16:58:42.609+0000] {processor.py:830} INFO - Processing file /opt/airflow/dags/frankfurter_dag.py for tasks to queue
[2026-04-20T16:58:42.610+0000] {logging_mixin.py:188} INFO - [2026-04-20T16:58:42.609+0000] {dagbag.py:538} INFO - Filling up the DagBag from /opt/airflow/dags/frankfurter_dag.py
[2026-04-20T16:58:42.813+0000] {processor.py:840} INFO - DAG(s) 'frankfurter_exchange_rates' retrieved from /opt/airflow/dags/frankfurter_dag.py
[2026-04-20T16:58:42.821+0000] {logging_mixin.py:188} INFO - [2026-04-20T16:58:42.821+0000] {dag.py:3036} INFO - Sync 1 DAGs
[2026-04-20T16:58:42.827+0000] {logging_mixin.py:188} INFO - [2026-04-20T16:58:42.827+0000] {dag.py:3823} INFO - Setting next_dagrun for frankfurter_exchange_rates to 2026-04-20 00:00:00+00:00, run_after=2026-04-21 00:00:00+00:00
[2026-04-20T16:58:42.832+0000] {processor.py:183} INFO - Processing /opt/airflow/dags/frankfurter_dag.py took 0.229 seconds
[2026-04-20T16:59:12.946+0000] {processor.py:161} INFO - Started process (PID=376) to work on /opt/airflow/dags/frankfurter_dag.py
[2026-04-20T16:59:12.947+0000] {processor.py:830} INFO - Processing file /opt/airflow/dags/frankfurter_dag.py for tasks to queue
[2026-04-20T16:59:12.948+0000] {logging_mixin.py:188} INFO - [2026-04-20T16:59:12.947+0000] {dagbag.py:538} INFO - Filling up the DagBag from /opt/airflow/dags/frankfurter_dag.py
[2026-04-20T16:59:13.164+0000] {processor.py:840} INFO - DAG(s) 'frankfurter_exchange_rates' retrieved from /opt/airflow/dags/frankfurter_dag.py
[2026-04-20T16:59:13.172+0000] {logging_mixin.py:188} INFO - [2026-04-20T16:59:13.172+0000] {dag.py:3036} INFO - Sync 1 DAGs
[2026-04-20T16:59:13.179+0000] {logging_mixin.py:188} INFO - [2026-04-20T16:59:13.178+0000] {dag.py:3823} INFO - Setting next_dagrun for frankfurter_exchange_rates to 2026-04-20 00:00:00+00:00, run_after=2026-04-21 00:00:00+00:00
[2026-04-20T16:59:13.184+0000] {processor.py:183} INFO - Processing /opt/airflow/dags/frankfurter_dag.py took 0.242 seconds
[2026-04-20T16:59:43.454+0000] {processor.py:161} INFO - Started process (PID=382) to work on /opt/airflow/dags/frankfurter_dag.py
[2026-04-20T16:59:43.455+0000] {processor.py:830} INFO - Processing file /opt/airflow/dags/frankfurter_dag.py for tasks to queue
[2026-04-20T16:59:43.455+0000] {logging_mixin.py:188} INFO - [2026-04-20T16:59:43.455+0000] {dagbag.py:538} INFO - Filling up the DagBag from /opt/airflow/dags/frankfurter_dag.py
[2026-04-20T16:59:43.639+0000] {processor.py:840} INFO - DAG(s) 'frankfurter_exchange_rates' retrieved from /opt/airflow/dags/frankfurter_dag.py
[2026-04-20T16:59:43.647+0000] {logging_mixin.py:188} INFO - [2026-04-20T16:59:43.647+0000] {dag.py:3036} INFO - Sync 1 DAGs
[2026-04-20T16:59:43.653+0000] {logging_mixin.py:188} INFO - [2026-04-20T16:59:43.653+0000] {dag.py:3823} INFO - Setting next_dagrun for frankfurter_exchange_rates to 2026-04-20 00:00:00+00:00, run_after=2026-04-21 00:00:00+00:00
[2026-04-20T16:59:43.659+0000] {processor.py:183} INFO - Processing /opt/airflow/dags/frankfurter_dag.py took 0.208 seconds
[2026-04-20T17:00:13.809+0000] {processor.py:161} INFO - Started process (PID=388) to work on /opt/airflow/dags/frankfurter_dag.py
[2026-04-20T17:00:13.810+0000] {processor.py:830} INFO - Processing file /opt/airflow/dags/frankfurter_dag.py for tasks to queue
[2026-04-20T17:00:13.811+0000] {logging_mixin.py:188} INFO - [2026-04-20T17:00:13.811+0000] {dagbag.py:538} INFO - Filling up the DagBag from /opt/airflow/dags/frankfurter_dag.py
[2026-04-20T17:00:13.999+0000] {processor.py:840} INFO - DAG(s) 'frankfurter_exchange_rates' retrieved from /opt/airflow/dags/frankfurter_dag.py
[2026-04-20T17:00:14.006+0000] {logging_mixin.py:188} INFO - [2026-04-20T17:00:14.006+0000] {dag.py:3036} INFO - Sync 1 DAGs
[2026-04-20T17:00:14.013+0000] {logging_mixin.py:188} INFO - [2026-04-20T17:00:14.012+0000] {dag.py:3823} INFO - Setting next_dagrun for frankfurter_exchange_rates to 2026-04-20 00:00:00+00:00, run_after=2026-04-21 00:00:00+00:00
[2026-04-20T17:00:14.017+0000] {processor.py:183} INFO - Processing /opt/airflow/dags/frankfurter_dag.py took 0.212 seconds
[2026-04-20T17:00:44.319+0000] {processor.py:161} INFO - Started process (PID=394) to work on /opt/airflow/dags/frankfurter_dag.py
[2026-04-20T17:00:44.320+0000] {processor.py:830} INFO - Processing file /opt/airflow/dags/frankfurter_dag.py for tasks to queue
[2026-04-20T17:00:44.320+0000] {logging_mixin.py:188} INFO - [2026-04-20T17:00:44.320+0000] {dagbag.py:538} INFO - Filling up the DagBag from /opt/airflow/dags/frankfurter_dag.py
[2026-04-20T17:00:44.505+0000] {processor.py:840} INFO - DAG(s) 'frankfurter_exchange_rates' retrieved from /opt/airflow/dags/frankfurter_dag.py
[2026-04-20T17:00:44.512+0000] {logging_mixin.py:188} INFO - [2026-04-20T17:00:44.512+0000] {dag.py:3036} INFO - Sync 1 DAGs
[2026-04-20T17:00:44.519+0000] {logging_mixin.py:188} INFO - [2026-04-20T17:00:44.519+0000] {dag.py:3823} INFO - Setting next_dagrun for frankfurter_exchange_rates to 2026-04-20 00:00:00+00:00, run_after=2026-04-21 00:00:00+00:00
[2026-04-20T17:00:44.523+0000] {processor.py:183} INFO - Processing /opt/airflow/dags/frankfurter_dag.py took 0.208 seconds
[2026-04-20T17:01:14.589+0000] {processor.py:161} INFO - Started process (PID=400) to work on /opt/airflow/dags/frankfurter_dag.py
[2026-04-20T17:01:14.590+0000] {processor.py:830} INFO - Processing file /opt/airflow/dags/frankfurter_dag.py for tasks to queue
[2026-04-20T17:01:14.590+0000] {logging_mixin.py:188} INFO - [2026-04-20T17:01:14.590+0000] {dagbag.py:538} INFO - Filling up the DagBag from /opt/airflow/dags/frankfurter_dag.py
[2026-04-20T17:01:14.770+0000] {processor.py:840} INFO - DAG(s) 'frankfurter_exchange_rates' retrieved from /opt/airflow/dags/frankfurter_dag.py
[2026-04-20T17:01:14.778+0000] {logging_mixin.py:188} INFO - [2026-04-20T17:01:14.777+0000] {dag.py:3036} INFO - Sync 1 DAGs
[2026-04-20T17:01:14.784+0000] {logging_mixin.py:188} INFO - [2026-04-20T17:01:14.784+0000] {dag.py:3823} INFO - Setting next_dagrun for frankfurter_exchange_rates to 2026-04-20 00:00:00+00:00, run_after=2026-04-21 00:00:00+00:00
[2026-04-20T17:01:14.790+0000] {processor.py:183} INFO - Processing /opt/airflow/dags/frankfurter_dag.py took 0.204 seconds
[2026-04-20T17:01:45.145+0000] {processor.py:161} INFO - Started process (PID=406) to work on /opt/airflow/dags/frankfurter_dag.py
[2026-04-20T17:01:45.146+0000] {processor.py:830} INFO - Processing file /opt/airflow/dags/frankfurter_dag.py for tasks to queue
[2026-04-20T17:01:45.146+0000] {logging_mixin.py:188} INFO - [2026-04-20T17:01:45.146+0000] {dagbag.py:538} INFO - Filling up the DagBag from /opt/airflow/dags/frankfurter_dag.py
[2026-04-20T17:01:45.334+0000] {processor.py:840} INFO - DAG(s) 'frankfurter_exchange_rates' retrieved from /opt/airflow/dags/frankfurter_dag.py
[2026-04-20T17:01:45.341+0000] {logging_mixin.py:188} INFO - [2026-04-20T17:01:45.341+0000] {dag.py:3036} INFO - Sync 1 DAGs
[2026-04-20T17:01:45.347+0000] {logging_mixin.py:188} INFO - [2026-04-20T17:01:45.347+0000] {dag.py:3823} INFO - Setting next_dagrun for frankfurter_exchange_rates to 2026-04-20 00:00:00+00:00, run_after=2026-04-21 00:00:00+00:00
[2026-04-20T17:01:45.352+0000] {processor.py:183} INFO - Processing /opt/airflow/dags/frankfurter_dag.py took 0.210 seconds
[2026-04-20T17:02:15.481+0000] {processor.py:161} INFO - Started process (PID=412) to work on /opt/airflow/dags/frankfurter_dag.py
[2026-04-20T17:02:15.482+0000] {processor.py:830} INFO - Processing file /opt/airflow/dags/frankfurter_dag.py for tasks to queue
[2026-04-20T17:02:15.483+0000] {logging_mixin.py:188} INFO - [2026-04-20T17:02:15.483+0000] {dagbag.py:538} INFO - Filling up the DagBag from /opt/airflow/dags/frankfurter_dag.py
[2026-04-20T17:02:15.665+0000] {processor.py:840} INFO - DAG(s) 'frankfurter_exchange_rates' retrieved from /opt/airflow/dags/frankfurter_dag.py
[2026-04-20T17:02:15.673+0000] {logging_mixin.py:188} INFO - [2026-04-20T17:02:15.672+0000] {dag.py:3036} INFO - Sync 1 DAGs
[2026-04-20T17:02:15.680+0000] {logging_mixin.py:188} INFO - [2026-04-20T17:02:15.680+0000] {dag.py:3823} INFO - Setting next_dagrun for frankfurter_exchange_rates to 2026-04-20 00:00:00+00:00, run_after=2026-04-21 00:00:00+00:00
[2026-04-20T17:02:15.685+0000] {processor.py:183} INFO - Processing /opt/airflow/dags/frankfurter_dag.py took 0.207 seconds
[2026-04-20T17:02:46.068+0000] {processor.py:161} INFO - Started process (PID=418) to work on /opt/airflow/dags/frankfurter_dag.py
[2026-04-20T17:02:46.068+0000] {processor.py:830} INFO - Processing file /opt/airflow/dags/frankfurter_dag.py for tasks to queue
[2026-04-20T17:02:46.069+0000] {logging_mixin.py:188} INFO - [2026-04-20T17:02:46.069+0000] {dagbag.py:538} INFO - Filling up the DagBag from /opt/airflow/dags/frankfurter_dag.py
[2026-04-20T17:02:46.250+0000] {processor.py:840} INFO - DAG(s) 'frankfurter_exchange_rates' retrieved from /opt/airflow/dags/frankfurter_dag.py
[2026-04-20T17:02:46.257+0000] {logging_mixin.py:188} INFO - [2026-04-20T17:02:46.257+0000] {dag.py:3036} INFO - Sync 1 DAGs
[2026-04-20T17:02:46.264+0000] {logging_mixin.py:188} INFO - [2026-04-20T17:02:46.264+0000] {dag.py:3823} INFO - Setting next_dagrun for frankfurter_exchange_rates to 2026-04-20 00:00:00+00:00, run_after=2026-04-21 00:00:00+00:00
[2026-04-20T17:02:46.269+0000] {processor.py:183} INFO - Processing /opt/airflow/dags/frankfurter_dag.py took 0.204 seconds
[2026-04-20T17:03:16.414+0000] {processor.py:161} INFO - Started process (PID=424) to work on /opt/airflow/dags/frankfurter_dag.py
[2026-04-20T17:03:16.415+0000] {processor.py:830} INFO - Processing file /opt/airflow/dags/frankfurter_dag.py for tasks to queue
[2026-04-20T17:03:16.416+0000] {logging_mixin.py:188} INFO - [2026-04-20T17:03:16.416+0000] {dagbag.py:538} INFO - Filling up the DagBag from /opt/airflow/dags/frankfurter_dag.py
[2026-04-20T17:03:16.607+0000] {processor.py:840} INFO - DAG(s) 'frankfurter_exchange_rates' retrieved from /opt/airflow/dags/frankfurter_dag.py
[2026-04-20T17:03:16.614+0000] {logging_mixin.py:188} INFO - [2026-04-20T17:03:16.613+0000] {dag.py:3036} INFO - Sync 1 DAGs
[2026-04-20T17:03:16.620+0000] {logging_mixin.py:188} INFO - [2026-04-20T17:03:16.620+0000] {dag.py:3823} INFO - Setting next_dagrun for frankfurter_exchange_rates to 2026-04-20 00:00:00+00:00, run_after=2026-04-21 00:00:00+00:00
[2026-04-20T17:03:16.625+0000] {processor.py:183} INFO - Processing /opt/airflow/dags/frankfurter_dag.py took 0.215 seconds
[2026-04-20T17:03:46.826+0000] {processor.py:161} INFO - Started process (PID=430) to work on /opt/airflow/dags/frankfurter_dag.py
[2026-04-20T17:03:46.829+0000] {processor.py:830} INFO - Processing file /opt/airflow/dags/frankfurter_dag.py for tasks to queue
[2026-04-20T17:03:46.830+0000] {logging_mixin.py:188} INFO - [2026-04-20T17:03:46.830+0000] {dagbag.py:538} INFO - Filling up the DagBag from /opt/airflow/dags/frankfurter_dag.py
[2026-04-20T17:03:47.096+0000] {processor.py:840} INFO - DAG(s) 'frankfurter_exchange_rates' retrieved from /opt/airflow/dags/frankfurter_dag.py
[2026-04-20T17:03:47.105+0000] {logging_mixin.py:188} INFO - [2026-04-20T17:03:47.105+0000] {dag.py:3036} INFO - Sync 1 DAGs
[2026-04-20T17:03:47.111+0000] {logging_mixin.py:188} INFO - [2026-04-20T17:03:47.111+0000] {dag.py:3823} INFO - Setting next_dagrun for frankfurter_exchange_rates to 2026-04-20 00:00:00+00:00, run_after=2026-04-21 00:00:00+00:00
[2026-04-20T17:03:47.115+0000] {processor.py:183} INFO - Processing /opt/airflow/dags/frankfurter_dag.py took 0.294 seconds
[2026-04-20T17:04:17.374+0000] {processor.py:161} INFO - Started process (PID=436) to work on /opt/airflow/dags/frankfurter_dag.py
[2026-04-20T17:04:17.375+0000] {processor.py:830} INFO - Processing file /opt/airflow/dags/frankfurter_dag.py for tasks to queue
[2026-04-20T17:04:17.376+0000] {logging_mixin.py:188} INFO - [2026-04-20T17:04:17.375+0000] {dagbag.py:538} INFO - Filling up the DagBag from /opt/airflow/dags/frankfurter_dag.py
[2026-04-20T17:04:17.560+0000] {processor.py:840} INFO - DAG(s) 'frankfurter_exchange_rates' retrieved from /opt/airflow/dags/frankfurter_dag.py
[2026-04-20T17:04:17.568+0000] {logging_mixin.py:188} INFO - [2026-04-20T17:04:17.568+0000] {dag.py:3036} INFO - Sync 1 DAGs
[2026-04-20T17:04:17.574+0000] {logging_mixin.py:188} INFO - [2026-04-20T17:04:17.574+0000] {dag.py:3823} INFO - Setting next_dagrun for frankfurter_exchange_rates to 2026-04-20 00:00:00+00:00, run_after=2026-04-21 00:00:00+00:00
[2026-04-20T17:04:17.579+0000] {processor.py:183} INFO - Processing /opt/airflow/dags/frankfurter_dag.py took 0.208 seconds
[2026-04-20T17:04:47.652+0000] {processor.py:161} INFO - Started process (PID=442) to work on /opt/airflow/dags/frankfurter_dag.py
[2026-04-20T17:04:47.653+0000] {processor.py:830} INFO - Processing file /opt/airflow/dags/frankfurter_dag.py for tasks to queue
[2026-04-20T17:04:47.653+0000] {logging_mixin.py:188} INFO - [2026-04-20T17:04:47.653+0000] {dagbag.py:538} INFO - Filling up the DagBag from /opt/airflow/dags/frankfurter_dag.py
[2026-04-20T17:04:47.887+0000] {processor.py:840} INFO - DAG(s) 'frankfurter_exchange_rates' retrieved from /opt/airflow/dags/frankfurter_dag.py
[2026-04-20T17:04:47.896+0000] {logging_mixin.py:188} INFO - [2026-04-20T17:04:47.896+0000] {dag.py:3036} INFO - Sync 1 DAGs
[2026-04-20T17:04:47.902+0000] {logging_mixin.py:188} INFO - [2026-04-20T17:04:47.902+0000] {dag.py:3823} INFO - Setting next_dagrun for frankfurter_exchange_rates to 2026-04-20 00:00:00+00:00, run_after=2026-04-21 00:00:00+00:00
[2026-04-20T17:04:47.908+0000] {processor.py:183} INFO - Processing /opt/airflow/dags/frankfurter_dag.py took 0.258 seconds
[2026-04-20T17:05:18.047+0000] {processor.py:161} INFO - Started process (PID=448) to work on /opt/airflow/dags/frankfurter_dag.py
[2026-04-20T17:05:18.048+0000] {processor.py:830} INFO - Processing file /opt/airflow/dags/frankfurter_dag.py for tasks to queue
[2026-04-20T17:05:18.048+0000] {logging_mixin.py:188} INFO - [2026-04-20T17:05:18.048+0000] {dagbag.py:538} INFO - Filling up the DagBag from /opt/airflow/dags/frankfurter_dag.py
[2026-04-20T17:05:18.241+0000] {processor.py:840} INFO - DAG(s) 'frankfurter_exchange_rates' retrieved from /opt/airflow/dags/frankfurter_dag.py
[2026-04-20T17:05:18.250+0000] {logging_mixin.py:188} INFO - [2026-04-20T17:05:18.249+0000] {dag.py:3036} INFO - Sync 1 DAGs
[2026-04-20T17:05:18.257+0000] {logging_mixin.py:188} INFO - [2026-04-20T17:05:18.257+0000] {dag.py:3823} INFO - Setting next_dagrun for frankfurter_exchange_rates to 2026-04-20 00:00:00+00:00, run_after=2026-04-21 00:00:00+00:00
[2026-04-20T17:05:18.263+0000] {processor.py:183} INFO - Processing /opt/airflow/dags/frankfurter_dag.py took 0.218 seconds
[2026-04-20T17:05:48.444+0000] {processor.py:161} INFO - Started process (PID=454) to work on /opt/airflow/dags/frankfurter_dag.py
[2026-04-20T17:05:48.445+0000] {processor.py:830} INFO - Processing file /opt/airflow/dags/frankfurter_dag.py for tasks to queue
[2026-04-20T17:05:48.446+0000] {logging_mixin.py:188} INFO - [2026-04-20T17:05:48.445+0000] {dagbag.py:538} INFO - Filling up the DagBag from /opt/airflow/dags/frankfurter_dag.py
[2026-04-20T17:05:48.676+0000] {processor.py:840} INFO - DAG(s) 'frankfurter_exchange_rates' retrieved from /opt/airflow/dags/frankfurter_dag.py
[2026-04-20T17:05:48.683+0000] {logging_mixin.py:188} INFO - [2026-04-20T17:05:48.683+0000] {dag.py:3036} INFO - Sync 1 DAGs
[2026-04-20T17:05:48.690+0000] {logging_mixin.py:188} INFO - [2026-04-20T17:05:48.690+0000] {dag.py:3823} INFO - Setting next_dagrun for frankfurter_exchange_rates to 2026-04-20 00:00:00+00:00, run_after=2026-04-21 00:00:00+00:00
[2026-04-20T17:05:48.695+0000] {processor.py:183} INFO - Processing /opt/airflow/dags/frankfurter_dag.py took 0.256 seconds
[2026-04-20T17:06:18.793+0000] {processor.py:161} INFO - Started process (PID=460) to work on /opt/airflow/dags/frankfurter_dag.py
[2026-04-20T17:06:18.794+0000] {processor.py:830} INFO - Processing file /opt/airflow/dags/frankfurter_dag.py for tasks to queue
[2026-04-20T17:06:18.795+0000] {logging_mixin.py:188} INFO - [2026-04-20T17:06:18.795+0000] {dagbag.py:538} INFO - Filling up the DagBag from /opt/airflow/dags/frankfurter_dag.py
[2026-04-20T17:06:18.993+0000] {processor.py:840} INFO - DAG(s) 'frankfurter_exchange_rates' retrieved from /opt/airflow/dags/frankfurter_dag.py
[2026-04-20T17:06:19.002+0000] {logging_mixin.py:188} INFO - [2026-04-20T17:06:19.002+0000] {dag.py:3036} INFO - Sync 1 DAGs
[2026-04-20T17:06:19.009+0000] {logging_mixin.py:188} INFO - [2026-04-20T17:06:19.008+0000] {dag.py:3823} INFO - Setting next_dagrun for frankfurter_exchange_rates to 2026-04-20 00:00:00+00:00, run_after=2026-04-21 00:00:00+00:00
[2026-04-20T17:06:19.013+0000] {processor.py:183} INFO - Processing /opt/airflow/dags/frankfurter_dag.py took 0.224 seconds
[2026-04-20T17:06:49.297+0000] {processor.py:161} INFO - Started process (PID=466) to work on /opt/airflow/dags/frankfurter_dag.py
[2026-04-20T17:06:49.299+0000] {processor.py:830} INFO - Processing file /opt/airflow/dags/frankfurter_dag.py for tasks to queue
[2026-04-20T17:06:49.300+0000] {logging_mixin.py:188} INFO - [2026-04-20T17:06:49.299+0000] {dagbag.py:538} INFO - Filling up the DagBag from /opt/airflow/dags/frankfurter_dag.py
[2026-04-20T17:06:49.535+0000] {processor.py:840} INFO - DAG(s) 'frankfurter_exchange_rates' retrieved from /opt/airflow/dags/frankfurter_dag.py
[2026-04-20T17:06:49.543+0000] {logging_mixin.py:188} INFO - [2026-04-20T17:06:49.543+0000] {dag.py:3036} INFO - Sync 1 DAGs
[2026-04-20T17:06:49.550+0000] {logging_mixin.py:188} INFO - [2026-04-20T17:06:49.550+0000] {dag.py:3823} INFO - Setting next_dagrun for frankfurter_exchange_rates to 2026-04-20 00:00:00+00:00, run_after=2026-04-21 00:00:00+00:00
[2026-04-20T17:06:49.555+0000] {processor.py:183} INFO - Processing /opt/airflow/dags/frankfurter_dag.py took 0.262 seconds
[2026-04-20T17:07:19.818+0000] {processor.py:161} INFO - Started process (PID=472) to work on /opt/airflow/dags/frankfurter_dag.py
[2026-04-20T17:07:19.819+0000] {processor.py:830} INFO - Processing file /opt/airflow/dags/frankfurter_dag.py for tasks to queue
[2026-04-20T17:07:19.820+0000] {logging_mixin.py:188} INFO - [2026-04-20T17:07:19.820+0000] {dagbag.py:538} INFO - Filling up the DagBag from /opt/airflow/dags/frankfurter_dag.py
[2026-04-20T17:07:20.027+0000] {processor.py:840} INFO - DAG(s) 'frankfurter_exchange_rates' retrieved from /opt/airflow/dags/frankfurter_dag.py
[2026-04-20T17:07:20.039+0000] {logging_mixin.py:188} INFO - [2026-04-20T17:07:20.038+0000] {dag.py:3036} INFO - Sync 1 DAGs
[2026-04-20T17:07:20.048+0000] {logging_mixin.py:188} INFO - [2026-04-20T17:07:20.048+0000] {dag.py:3823} INFO - Setting next_dagrun for frankfurter_exchange_rates to 2026-04-20 00:00:00+00:00, run_after=2026-04-21 00:00:00+00:00
[2026-04-20T17:07:20.056+0000] {processor.py:183} INFO - Processing /opt/airflow/dags/frankfurter_dag.py took 0.240 seconds
[2026-04-20T17:07:50.105+0000] {processor.py:161} INFO - Started process (PID=478) to work on /opt/airflow/dags/frankfurter_dag.py
[2026-04-20T17:07:50.105+0000] {processor.py:830} INFO - Processing file /opt/airflow/dags/frankfurter_dag.py for tasks to queue
[2026-04-20T17:07:50.106+0000] {logging_mixin.py:188} INFO - [2026-04-20T17:07:50.106+0000] {dagbag.py:538} INFO - Filling up the DagBag from /opt/airflow/dags/frankfurter_dag.py
[2026-04-20T17:07:50.369+0000] {processor.py:840} INFO - DAG(s) 'frankfurter_exchange_rates' retrieved from /opt/airflow/dags/frankfurter_dag.py
[2026-04-20T17:07:50.379+0000] {logging_mixin.py:188} INFO - [2026-04-20T17:07:50.379+0000] {dag.py:3036} INFO - Sync 1 DAGs
[2026-04-20T17:07:50.387+0000] {logging_mixin.py:188} INFO - [2026-04-20T17:07:50.386+0000] {dag.py:3823} INFO - Setting next_dagrun for frankfurter_exchange_rates to 2026-04-20 00:00:00+00:00, run_after=2026-04-21 00:00:00+00:00
[2026-04-20T17:07:50.392+0000] {processor.py:183} INFO - Processing /opt/airflow/dags/frankfurter_dag.py took 0.290 seconds
[2026-04-20T17:08:20.571+0000] {processor.py:161} INFO - Started process (PID=484) to work on /opt/airflow/dags/frankfurter_dag.py
[2026-04-20T17:08:20.573+0000] {processor.py:830} INFO - Processing file /opt/airflow/dags/frankfurter_dag.py for tasks to queue
[2026-04-20T17:08:20.575+0000] {logging_mixin.py:188} INFO - [2026-04-20T17:08:20.574+0000] {dagbag.py:538} INFO - Filling up the DagBag from /opt/airflow/dags/frankfurter_dag.py
[2026-04-20T17:08:20.857+0000] {processor.py:840} INFO - DAG(s) 'frankfurter_exchange_rates' retrieved from /opt/airflow/dags/frankfurter_dag.py
[2026-04-20T17:08:20.868+0000] {logging_mixin.py:188} INFO - [2026-04-20T17:08:20.868+0000] {dag.py:3036} INFO - Sync 1 DAGs
[2026-04-20T17:08:20.876+0000] {logging_mixin.py:188} INFO - [2026-04-20T17:08:20.876+0000] {dag.py:3823} INFO - Setting next_dagrun for frankfurter_exchange_rates to 2026-04-20 00:00:00+00:00, run_after=2026-04-21 00:00:00+00:00
[2026-04-20T17:08:20.881+0000] {processor.py:183} INFO - Processing /opt/airflow/dags/frankfurter_dag.py took 0.314 seconds
[2026-04-20T17:08:50.965+0000] {processor.py:161} INFO - Started process (PID=490) to work on /opt/airflow/dags/frankfurter_dag.py
[2026-04-20T17:08:50.967+0000] {processor.py:830} INFO - Processing file /opt/airflow/dags/frankfurter_dag.py for tasks to queue
[2026-04-20T17:08:50.968+0000] {logging_mixin.py:188} INFO - [2026-04-20T17:08:50.967+0000] {dagbag.py:538} INFO - Filling up the DagBag from /opt/airflow/dags/frankfurter_dag.py
[2026-04-20T17:08:51.231+0000] {processor.py:840} INFO - DAG(s) 'frankfurter_exchange_rates' retrieved from /opt/airflow/dags/frankfurter_dag.py
[2026-04-20T17:08:51.241+0000] {logging_mixin.py:188} INFO - [2026-04-20T17:08:51.241+0000] {dag.py:3036} INFO - Sync 1 DAGs
[2026-04-20T17:08:51.250+0000] {logging_mixin.py:188} INFO - [2026-04-20T17:08:51.249+0000] {dag.py:3823} INFO - Setting next_dagrun for frankfurter_exchange_rates to 2026-04-20 00:00:00+00:00, run_after=2026-04-21 00:00:00+00:00
[2026-04-20T17:08:51.254+0000] {processor.py:183} INFO - Processing /opt/airflow/dags/frankfurter_dag.py took 0.294 seconds
[2026-04-20T17:09:21.432+0000] {processor.py:161} INFO - Started process (PID=496) to work on /opt/airflow/dags/frankfurter_dag.py
[2026-04-20T17:09:21.434+0000] {processor.py:830} INFO - Processing file /opt/airflow/dags/frankfurter_dag.py for tasks to queue
[2026-04-20T17:09:21.435+0000] {logging_mixin.py:188} INFO - [2026-04-20T17:09:21.434+0000] {dagbag.py:538} INFO - Filling up the DagBag from /opt/airflow/dags/frankfurter_dag.py
[2026-04-20T17:09:21.717+0000] {processor.py:840} INFO - DAG(s) 'frankfurter_exchange_rates' retrieved from /opt/airflow/dags/frankfurter_dag.py
[2026-04-20T17:09:21.728+0000] {logging_mixin.py:188} INFO - [2026-04-20T17:09:21.728+0000] {dag.py:3036} INFO - Sync 1 DAGs
[2026-04-20T17:09:21.737+0000] {logging_mixin.py:188} INFO - [2026-04-20T17:09:21.737+0000] {dag.py:3823} INFO - Setting next_dagrun for frankfurter_exchange_rates to 2026-04-20 00:00:00+00:00, run_after=2026-04-21 00:00:00+00:00
[2026-04-20T17:09:21.742+0000] {processor.py:183} INFO - Processing /opt/airflow/dags/frankfurter_dag.py took 0.314 seconds
[2026-04-20T17:09:51.788+0000] {processor.py:161} INFO - Started process (PID=502) to work on /opt/airflow/dags/frankfurter_dag.py
[2026-04-20T17:09:51.789+0000] {processor.py:830} INFO - Processing file /opt/airflow/dags/frankfurter_dag.py for tasks to queue
[2026-04-20T17:09:51.790+0000] {logging_mixin.py:188} INFO - [2026-04-20T17:09:51.789+0000] {dagbag.py:538} INFO - Filling up the DagBag from /opt/airflow/dags/frankfurter_dag.py
[2026-04-20T17:09:52.080+0000] {processor.py:840} INFO - DAG(s) 'frankfurter_exchange_rates' retrieved from /opt/airflow/dags/frankfurter_dag.py
[2026-04-20T17:09:52.092+0000] {logging_mixin.py:188} INFO - [2026-04-20T17:09:52.092+0000] {dag.py:3036} INFO - Sync 1 DAGs
[2026-04-20T17:09:52.102+0000] {logging_mixin.py:188} INFO - [2026-04-20T17:09:52.102+0000] {dag.py:3823} INFO - Setting next_dagrun for frankfurter_exchange_rates to 2026-04-20 00:00:00+00:00, run_after=2026-04-21 00:00:00+00:00
[2026-04-20T17:09:52.112+0000] {processor.py:183} INFO - Processing /opt/airflow/dags/frankfurter_dag.py took 0.327 seconds
[2026-04-20T17:10:22.275+0000] {processor.py:161} INFO - Started process (PID=508) to work on /opt/airflow/dags/frankfurter_dag.py
[2026-04-20T17:10:22.278+0000] {processor.py:830} INFO - Processing file /opt/airflow/dags/frankfurter_dag.py for tasks to queue
[2026-04-20T17:10:22.279+0000] {logging_mixin.py:188} INFO - [2026-04-20T17:10:22.279+0000] {dagbag.py:538} INFO - Filling up the DagBag from /opt/airflow/dags/frankfurter_dag.py
[2026-04-20T17:10:22.558+0000] {processor.py:840} INFO - DAG(s) 'frankfurter_exchange_rates' retrieved from /opt/airflow/dags/frankfurter_dag.py
[2026-04-20T17:10:22.568+0000] {logging_mixin.py:188} INFO - [2026-04-20T17:10:22.567+0000] {dag.py:3036} INFO - Sync 1 DAGs
[2026-04-20T17:10:22.574+0000] {logging_mixin.py:188} INFO - [2026-04-20T17:10:22.574+0000] {dag.py:3823} INFO - Setting next_dagrun for frankfurter_exchange_rates to 2026-04-20 00:00:00+00:00, run_after=2026-04-21 00:00:00+00:00
[2026-04-20T17:10:22.579+0000] {processor.py:183} INFO - Processing /opt/airflow/dags/frankfurter_dag.py took 0.308 seconds
[2026-04-20T17:10:52.622+0000] {processor.py:161} INFO - Started process (PID=514) to work on /opt/airflow/dags/frankfurter_dag.py
[2026-04-20T17:10:52.624+0000] {processor.py:830} INFO - Processing file /opt/airflow/dags/frankfurter_dag.py for tasks to queue
[2026-04-20T17:10:52.626+0000] {logging_mixin.py:188} INFO - [2026-04-20T17:10:52.625+0000] {dagbag.py:538} INFO - Filling up the DagBag from /opt/airflow/dags/frankfurter_dag.py
[2026-04-20T17:10:52.862+0000] {processor.py:840} INFO - DAG(s) 'frankfurter_exchange_rates' retrieved from /opt/airflow/dags/frankfurter_dag.py
[2026-04-20T17:10:52.870+0000] {logging_mixin.py:188} INFO - [2026-04-20T17:10:52.870+0000] {dag.py:3036} INFO - Sync 1 DAGs
[2026-04-20T17:10:52.877+0000] {logging_mixin.py:188} INFO - [2026-04-20T17:10:52.877+0000] {dag.py:3823} INFO - Setting next_dagrun for frankfurter_exchange_rates to 2026-04-20 00:00:00+00:00, run_after=2026-04-21 00:00:00+00:00
[2026-04-20T17:10:52.883+0000] {processor.py:183} INFO - Processing /opt/airflow/dags/frankfurter_dag.py took 0.265 seconds
[2026-04-20T17:11:23.140+0000] {processor.py:161} INFO - Started process (PID=520) to work on /opt/airflow/dags/frankfurter_dag.py
[2026-04-20T17:11:23.142+0000] {processor.py:830} INFO - Processing file /opt/airflow/dags/frankfurter_dag.py for tasks to queue
[2026-04-20T17:11:23.145+0000] {logging_mixin.py:188} INFO - [2026-04-20T17:11:23.144+0000] {dagbag.py:538} INFO - Filling up the DagBag from /opt/airflow/dags/frankfurter_dag.py
[2026-04-20T17:11:23.372+0000] {processor.py:840} INFO - DAG(s) 'frankfurter_exchange_rates' retrieved from /opt/airflow/dags/frankfurter_dag.py
[2026-04-20T17:11:23.379+0000] {logging_mixin.py:188} INFO - [2026-04-20T17:11:23.379+0000] {dag.py:3036} INFO - Sync 1 DAGs
[2026-04-20T17:11:23.386+0000] {logging_mixin.py:188} INFO - [2026-04-20T17:11:23.386+0000] {dag.py:3823} INFO - Setting next_dagrun for frankfurter_exchange_rates to 2026-04-20 00:00:00+00:00, run_after=2026-04-21 00:00:00+00:00
[2026-04-20T17:11:23.391+0000] {processor.py:183} INFO - Processing /opt/airflow/dags/frankfurter_dag.py took 0.255 seconds
[2026-04-20T17:11:41.320+0000] {processor.py:161} INFO - Started process (PID=526) to work on /opt/airflow/dags/frankfurter_dag.py
[2026-04-20T17:11:41.321+0000] {processor.py:830} INFO - Processing file /opt/airflow/dags/frankfurter_dag.py for tasks to queue
[2026-04-20T17:11:41.321+0000] {logging_mixin.py:188} INFO - [2026-04-20T17:11:41.321+0000] {dagbag.py:538} INFO - Filling up the DagBag from /opt/airflow/dags/frankfurter_dag.py
[2026-04-20T17:11:41.594+0000] {processor.py:840} INFO - DAG(s) 'frankfurter_exchange_rates' retrieved from /opt/airflow/dags/frankfurter_dag.py
[2026-04-20T17:11:41.612+0000] {logging_mixin.py:188} INFO - [2026-04-20T17:11:41.612+0000] {dag.py:3036} INFO - Sync 1 DAGs
[2026-04-20T17:11:41.625+0000] {logging_mixin.py:188} INFO - [2026-04-20T17:11:41.625+0000] {dag.py:3823} INFO - Setting next_dagrun for frankfurter_exchange_rates to 2026-04-20 00:00:00+00:00, run_after=2026-04-21 00:00:00+00:00
[2026-04-20T17:11:41.631+0000] {processor.py:183} INFO - Processing /opt/airflow/dags/frankfurter_dag.py took 0.313 seconds
[2026-04-20T17:12:11.790+0000] {processor.py:161} INFO - Started process (PID=532) to work on /opt/airflow/dags/frankfurter_dag.py
[2026-04-20T17:12:11.791+0000] {processor.py:830} INFO - Processing file /opt/airflow/dags/frankfurter_dag.py for tasks to queue
[2026-04-20T17:12:11.792+0000] {logging_mixin.py:188} INFO - [2026-04-20T17:12:11.791+0000] {dagbag.py:538} INFO - Filling up the DagBag from /opt/airflow/dags/frankfurter_dag.py
[2026-04-20T17:12:12.067+0000] {processor.py:840} INFO - DAG(s) 'frankfurter_exchange_rates' retrieved from /opt/airflow/dags/frankfurter_dag.py
[2026-04-20T17:12:12.077+0000] {logging_mixin.py:188} INFO - [2026-04-20T17:12:12.077+0000] {dag.py:3036} INFO - Sync 1 DAGs
[2026-04-20T17:12:12.084+0000] {logging_mixin.py:188} INFO - [2026-04-20T17:12:12.084+0000] {dag.py:3823} INFO - Setting next_dagrun for frankfurter_exchange_rates to 2026-04-20 00:00:00+00:00, run_after=2026-04-21 00:00:00+00:00
[2026-04-20T17:12:12.089+0000] {processor.py:183} INFO - Processing /opt/airflow/dags/frankfurter_dag.py took 0.304 seconds
[2026-04-20T17:12:42.154+0000] {processor.py:161} INFO - Started process (PID=538) to work on /opt/airflow/dags/frankfurter_dag.py
[2026-04-20T17:12:42.157+0000] {processor.py:830} INFO - Processing file /opt/airflow/dags/frankfurter_dag.py for tasks to queue
[2026-04-20T17:12:42.158+0000] {logging_mixin.py:188} INFO - [2026-04-20T17:12:42.157+0000] {dagbag.py:538} INFO - Filling up the DagBag from /opt/airflow/dags/frankfurter_dag.py
[2026-04-20T17:12:42.449+0000] {processor.py:840} INFO - DAG(s) 'frankfurter_exchange_rates' retrieved from /opt/airflow/dags/frankfurter_dag.py
[2026-04-20T17:12:42.459+0000] {logging_mixin.py:188} INFO - [2026-04-20T17:12:42.458+0000] {dag.py:3036} INFO - Sync 1 DAGs
[2026-04-20T17:12:42.465+0000] {logging_mixin.py:188} INFO - [2026-04-20T17:12:42.465+0000] {dag.py:3823} INFO - Setting next_dagrun for frankfurter_exchange_rates to 2026-04-20 00:00:00+00:00, run_after=2026-04-21 00:00:00+00:00
[2026-04-20T17:12:42.471+0000] {processor.py:183} INFO - Processing /opt/airflow/dags/frankfurter_dag.py took 0.322 seconds
[2026-04-20T17:13:12.625+0000] {processor.py:161} INFO - Started process (PID=544) to work on /opt/airflow/dags/frankfurter_dag.py
[2026-04-20T17:13:12.626+0000] {processor.py:830} INFO - Processing file /opt/airflow/dags/frankfurter_dag.py for tasks to queue
[2026-04-20T17:13:12.627+0000] {logging_mixin.py:188} INFO - [2026-04-20T17:13:12.627+0000] {dagbag.py:538} INFO - Filling up the DagBag from /opt/airflow/dags/frankfurter_dag.py
[2026-04-20T17:13:12.897+0000] {processor.py:840} INFO - DAG(s) 'frankfurter_exchange_rates' retrieved from /opt/airflow/dags/frankfurter_dag.py
[2026-04-20T17:13:12.906+0000] {logging_mixin.py:188} INFO - [2026-04-20T17:13:12.905+0000] {dag.py:3036} INFO - Sync 1 DAGs
[2026-04-20T17:13:12.912+0000] {logging_mixin.py:188} INFO - [2026-04-20T17:13:12.912+0000] {dag.py:3823} INFO - Setting next_dagrun for frankfurter_exchange_rates to 2026-04-20 00:00:00+00:00, run_after=2026-04-21 00:00:00+00:00
[2026-04-20T17:13:12.917+0000] {processor.py:183} INFO - Processing /opt/airflow/dags/frankfurter_dag.py took 0.299 seconds
[2026-04-20T17:13:42.992+0000] {processor.py:161} INFO - Started process (PID=550) to work on /opt/airflow/dags/frankfurter_dag.py
[2026-04-20T17:13:42.993+0000] {processor.py:830} INFO - Processing file /opt/airflow/dags/frankfurter_dag.py for tasks to queue
[2026-04-20T17:13:42.994+0000] {logging_mixin.py:188} INFO - [2026-04-20T17:13:42.993+0000] {dagbag.py:538} INFO - Filling up the DagBag from /opt/airflow/dags/frankfurter_dag.py
[2026-04-20T17:13:43.242+0000] {processor.py:840} INFO - DAG(s) 'frankfurter_exchange_rates' retrieved from /opt/airflow/dags/frankfurter_dag.py
[2026-04-20T17:13:43.251+0000] {logging_mixin.py:188} INFO - [2026-04-20T17:13:43.251+0000] {dag.py:3036} INFO - Sync 1 DAGs
[2026-04-20T17:13:43.258+0000] {logging_mixin.py:188} INFO - [2026-04-20T17:13:43.258+0000] {dag.py:3823} INFO - Setting next_dagrun for frankfurter_exchange_rates to 2026-04-20 00:00:00+00:00, run_after=2026-04-21 00:00:00+00:00
[2026-04-20T17:13:43.264+0000] {processor.py:183} INFO - Processing /opt/airflow/dags/frankfurter_dag.py took 0.278 seconds
[2026-04-20T17:14:13.486+0000] {processor.py:161} INFO - Started process (PID=556) to work on /opt/airflow/dags/frankfurter_dag.py
[2026-04-20T17:14:13.488+0000] {processor.py:830} INFO - Processing file /opt/airflow/dags/frankfurter_dag.py for tasks to queue
[2026-04-20T17:14:13.488+0000] {logging_mixin.py:188} INFO - [2026-04-20T17:14:13.488+0000] {dagbag.py:538} INFO - Filling up the DagBag from /opt/airflow/dags/frankfurter_dag.py
[2026-04-20T17:14:13.726+0000] {processor.py:840} INFO - DAG(s) 'frankfurter_exchange_rates' retrieved from /opt/airflow/dags/frankfurter_dag.py
[2026-04-20T17:14:13.735+0000] {logging_mixin.py:188} INFO - [2026-04-20T17:14:13.735+0000] {dag.py:3036} INFO - Sync 1 DAGs
[2026-04-20T17:14:13.743+0000] {logging_mixin.py:188} INFO - [2026-04-20T17:14:13.743+0000] {dag.py:3823} INFO - Setting next_dagrun for frankfurter_exchange_rates to 2026-04-20 00:00:00+00:00, run_after=2026-04-21 00:00:00+00:00
[2026-04-20T17:14:13.749+0000] {processor.py:183} INFO - Processing /opt/airflow/dags/frankfurter_dag.py took 0.265 seconds
[2026-04-20T17:14:44.023+0000] {processor.py:161} INFO - Started process (PID=562) to work on /opt/airflow/dags/frankfurter_dag.py
[2026-04-20T17:14:44.024+0000] {processor.py:830} INFO - Processing file /opt/airflow/dags/frankfurter_dag.py for tasks to queue
[2026-04-20T17:14:44.024+0000] {logging_mixin.py:188} INFO - [2026-04-20T17:14:44.024+0000] {dagbag.py:538} INFO - Filling up the DagBag from /opt/airflow/dags/frankfurter_dag.py
[2026-04-20T17:14:44.210+0000] {processor.py:840} INFO - DAG(s) 'frankfurter_exchange_rates' retrieved from /opt/airflow/dags/frankfurter_dag.py
[2026-04-20T17:14:44.219+0000] {logging_mixin.py:188} INFO - [2026-04-20T17:14:44.219+0000] {dag.py:3036} INFO - Sync 1 DAGs
[2026-04-20T17:14:44.226+0000] {logging_mixin.py:188} INFO - [2026-04-20T17:14:44.226+0000] {dag.py:3823} INFO - Setting next_dagrun for frankfurter_exchange_rates to 2026-04-20 00:00:00+00:00, run_after=2026-04-21 00:00:00+00:00
[2026-04-20T17:14:44.232+0000] {processor.py:183} INFO - Processing /opt/airflow/dags/frankfurter_dag.py took 0.212 seconds
[2026-04-20T17:15:14.286+0000] {processor.py:161} INFO - Started process (PID=568) to work on /opt/airflow/dags/frankfurter_dag.py
[2026-04-20T17:15:14.287+0000] {processor.py:830} INFO - Processing file /opt/airflow/dags/frankfurter_dag.py for tasks to queue
[2026-04-20T17:15:14.288+0000] {logging_mixin.py:188} INFO - [2026-04-20T17:15:14.288+0000] {dagbag.py:538} INFO - Filling up the DagBag from /opt/airflow/dags/frankfurter_dag.py
[2026-04-20T17:15:14.478+0000] {processor.py:840} INFO - DAG(s) 'frankfurter_exchange_rates' retrieved from /opt/airflow/dags/frankfurter_dag.py
[2026-04-20T17:15:14.486+0000] {logging_mixin.py:188} INFO - [2026-04-20T17:15:14.486+0000] {dag.py:3036} INFO - Sync 1 DAGs
[2026-04-20T17:15:14.492+0000] {logging_mixin.py:188} INFO - [2026-04-20T17:15:14.491+0000] {dag.py:3823} INFO - Setting next_dagrun for frankfurter_exchange_rates to 2026-04-20 00:00:00+00:00, run_after=2026-04-21 00:00:00+00:00
[2026-04-20T17:15:14.496+0000] {processor.py:183} INFO - Processing /opt/airflow/dags/frankfurter_dag.py took 0.214 seconds
[2026-04-20T17:15:44.753+0000] {processor.py:161} INFO - Started process (PID=574) to work on /opt/airflow/dags/frankfurter_dag.py
[2026-04-20T17:15:44.754+0000] {processor.py:830} INFO - Processing file /opt/airflow/dags/frankfurter_dag.py for tasks to queue
[2026-04-20T17:15:44.755+0000] {logging_mixin.py:188} INFO - [2026-04-20T17:15:44.754+0000] {dagbag.py:538} INFO - Filling up the DagBag from /opt/airflow/dags/frankfurter_dag.py
[2026-04-20T17:15:45.033+0000] {processor.py:840} INFO - DAG(s) 'frankfurter_exchange_rates' retrieved from /opt/airflow/dags/frankfurter_dag.py
[2026-04-20T17:15:45.041+0000] {logging_mixin.py:188} INFO - [2026-04-20T17:15:45.041+0000] {dag.py:3036} INFO - Sync 1 DAGs
[2026-04-20T17:15:45.048+0000] {logging_mixin.py:188} INFO - [2026-04-20T17:15:45.048+0000] {dag.py:3823} INFO - Setting next_dagrun for frankfurter_exchange_rates to 2026-04-20 00:00:00+00:00, run_after=2026-04-21 00:00:00+00:00
[2026-04-20T17:15:45.053+0000] {processor.py:183} INFO - Processing /opt/airflow/dags/frankfurter_dag.py took 0.304 seconds
[2026-04-20T17:16:04.932+0000] {processor.py:161} INFO - Started process (PID=580) to work on /opt/airflow/dags/frankfurter_dag.py
[2026-04-20T17:16:04.933+0000] {processor.py:830} INFO - Processing file /opt/airflow/dags/frankfurter_dag.py for tasks to queue
[2026-04-20T17:16:04.934+0000] {logging_mixin.py:188} INFO - [2026-04-20T17:16:04.934+0000] {dagbag.py:538} INFO - Filling up the DagBag from /opt/airflow/dags/frankfurter_dag.py
[2026-04-20T17:16:05.126+0000] {processor.py:840} INFO - DAG(s) 'frankfurter_exchange_rates' retrieved from /opt/airflow/dags/frankfurter_dag.py
[2026-04-20T17:16:05.135+0000] {logging_mixin.py:188} INFO - [2026-04-20T17:16:05.134+0000] {dag.py:3036} INFO - Sync 1 DAGs
[2026-04-20T17:16:05.141+0000] {logging_mixin.py:188} INFO - [2026-04-20T17:16:05.141+0000] {dag.py:3823} INFO - Setting next_dagrun for frankfurter_exchange_rates to 2026-04-20 00:00:00+00:00, run_after=2026-04-21 00:00:00+00:00
[2026-04-20T17:16:05.146+0000] {processor.py:183} INFO - Processing /opt/airflow/dags/frankfurter_dag.py took 0.218 seconds
