[0m15:36:09.097983 [debug] [MainThread]: Sending event: {'category': 'dbt', 'action': 'invocation', 'label': 'start', 'context': [<snowplow_tracker.self_describing_json.SelfDescribingJson object at 0x104645fd0>, <snowplow_tracker.self_describing_json.SelfDescribingJson object at 0x1059154c0>, <snowplow_tracker.self_describing_json.SelfDescribingJson object at 0x1059152e0>]}


============================== 15:36:09.100245 | 4d8bc317-9535-4896-86f0-ccc6bc6f6dcc ==============================
[0m15:36:09.100245 [info ] [MainThread]: Running with dbt=1.11.0-b3
[0m15:36:09.100502 [debug] [MainThread]: running dbt with arguments {'use_experimental_parser': 'False', 'fail_fast': 'False', 'log_path': '/Users/eli/franktfurter-pipeline/frankfurter_pipeline/logs', 'send_anonymous_usage_stats': 'True', 'introspect': 'True', 'log_cache_events': 'False', 'indirect_selection': 'eager', 'static_parser': 'True', 'profiles_dir': '/Users/eli/.dbt', 'cache_selected_only': 'False', 'warn_error_options': 'WarnErrorOptionsV2(error=[], warn=[], silence=[])', 'empty': 'None', 'printer_width': '80', 'target_path': 'None', 'quiet': 'False', 'use_colors': 'True', 'debug': 'False', 'log_format': 'default', 'partial_parse': 'True', 'warn_error': 'None', 'no_print': 'None', 'write_json': 'True', 'version_check': 'True', 'invocation_command': 'dbt debug'}
[0m15:36:09.107542 [info ] [MainThread]: dbt version: 1.11.0-b3
[0m15:36:09.107717 [info ] [MainThread]: python version: 3.9.6
[0m15:36:09.107848 [info ] [MainThread]: python path: /Library/Developer/CommandLineTools/usr/bin/python3
[0m15:36:09.107972 [info ] [MainThread]: os info: macOS-15.7.4-arm64-arm-64bit
[0m15:36:10.457173 [info ] [MainThread]: Using profiles dir at /Users/eli/.dbt
[0m15:36:10.457432 [info ] [MainThread]: Using profiles.yml file at /Users/eli/.dbt/profiles.yml
[0m15:36:10.457579 [info ] [MainThread]: Using dbt_project.yml file at /Users/eli/franktfurter-pipeline/frankfurter_pipeline/dbt_project.yml
[0m15:36:10.457730 [info ] [MainThread]: adapter type: bigquery
[0m15:36:10.457853 [info ] [MainThread]: adapter version: 1.10.2
[0m15:36:10.503425 [info ] [MainThread]: Configuration:
[0m15:36:10.503681 [info ] [MainThread]:   profiles.yml file [[32mOK found and valid[0m]
[0m15:36:10.503818 [info ] [MainThread]:   dbt_project.yml file [[32mOK found and valid[0m]
[0m15:36:10.503939 [info ] [MainThread]: Required dependencies:
[0m15:36:10.504123 [debug] [MainThread]: Executing "git --help"
[0m15:36:10.521899 [debug] [MainThread]: STDOUT: "b"usage: git [-v | --version] [-h | --help] [-C <path>] [-c <name>=<value>]\n           [--exec-path[=<path>]] [--html-path] [--man-path] [--info-path]\n           [-p | --paginate | -P | --no-pager] [--no-replace-objects] [--bare]\n           [--git-dir=<path>] [--work-tree=<path>] [--namespace=<name>]\n           [--super-prefix=<path>] [--config-env=<name>=<envvar>]\n           <command> [<args>]\n\nThese are common Git commands used in various situations:\n\nstart a working area (see also: git help tutorial)\n   clone     Clone a repository into a new directory\n   init      Create an empty Git repository or reinitialize an existing one\n\nwork on the current change (see also: git help everyday)\n   add       Add file contents to the index\n   mv        Move or rename a file, a directory, or a symlink\n   restore   Restore working tree files\n   rm        Remove files from the working tree and from the index\n\nexamine the history and state (see also: git help revisions)\n   bisect    Use binary search to find the commit that introduced a bug\n   diff      Show changes between commits, commit and working tree, etc\n   grep      Print lines matching a pattern\n   log       Show commit logs\n   show      Show various types of objects\n   status    Show the working tree status\n\ngrow, mark and tweak your common history\n   branch    List, create, or delete branches\n   commit    Record changes to the repository\n   merge     Join two or more development histories together\n   rebase    Reapply commits on top of another base tip\n   reset     Reset current HEAD to the specified state\n   switch    Switch branches\n   tag       Create, list, delete or verify a tag object signed with GPG\n\ncollaborate (see also: git help workflows)\n   fetch     Download objects and refs from another repository\n   pull      Fetch from and integrate with another repository or a local branch\n   push      Update remote refs along with associated objects\n\n'git help -a' and 'git help -g' list available subcommands and some\nconcept guides. See 'git help <command>' or 'git help <concept>'\nto read about a specific subcommand or concept.\nSee 'git help git' for an overview of the system.\n""
[0m15:36:10.522414 [debug] [MainThread]: STDERR: "b''"
[0m15:36:10.522598 [info ] [MainThread]:  - git [[32mOK found[0m]

[0m15:36:10.522758 [info ] [MainThread]: Connection:
[0m15:36:10.522959 [info ] [MainThread]:   method: oauth
[0m15:36:10.523087 [info ] [MainThread]:   database: frankfurter-pipeline
[0m15:36:10.523222 [info ] [MainThread]:   execution_project: frankfurter-pipeline
[0m15:36:10.523337 [info ] [MainThread]:   schema: frankfurter_dev
[0m15:36:10.523452 [info ] [MainThread]:   location: EU
[0m15:36:10.523571 [info ] [MainThread]:   priority: interactive
[0m15:36:10.523690 [info ] [MainThread]:   maximum_bytes_billed: None
[0m15:36:10.523802 [info ] [MainThread]:   impersonate_service_account: None
[0m15:36:10.523919 [info ] [MainThread]:   job_retry_deadline_seconds: None
[0m15:36:10.524040 [info ] [MainThread]:   job_retries: 1
[0m15:36:10.524225 [info ] [MainThread]:   job_creation_timeout_seconds: None
[0m15:36:10.524429 [info ] [MainThread]:   job_execution_timeout_seconds: 1
[0m15:36:10.524577 [info ] [MainThread]:   timeout_seconds: 1
[0m15:36:10.524696 [info ] [MainThread]:   client_id: None
[0m15:36:10.524849 [info ] [MainThread]:   token_uri: None
[0m15:36:10.525007 [info ] [MainThread]:   compute_region: None
[0m15:36:10.525143 [info ] [MainThread]:   dataproc_cluster_name: None
[0m15:36:10.525260 [info ] [MainThread]:   gcs_bucket: None
[0m15:36:10.525378 [info ] [MainThread]:   dataproc_batch: None
[0m15:36:10.525930 [info ] [MainThread]: Registered adapter: bigquery=1.10.2
[0m15:36:10.640806 [debug] [MainThread]: Acquiring new bigquery connection 'debug'
[0m15:36:10.641169 [debug] [MainThread]: On debug: select 1 as id
[0m15:36:10.641356 [debug] [MainThread]: Opening a new connection, currently in state init
[0m15:36:11.624496 [debug] [MainThread]: BigQuery adapter: https://console.cloud.google.com/bigquery?project=frankfurter-pipeline&j=bq:EU:c3ace7c0-e2f5-468a-ba47-09b0dc5fde61&page=queryresults
[0m15:36:11.993588 [info ] [MainThread]:   Connection test: [[32mOK connection ok[0m]

[0m15:36:11.994353 [info ] [MainThread]: [32mAll checks passed![0m
[0m15:36:11.999659 [debug] [MainThread]: Resource report: {"command_name": "debug", "command_success": true, "command_wall_clock_time": 2.934151, "process_in_blocks": "0", "process_kernel_time": 0.297083, "process_mem_max_rss": "355483648", "process_out_blocks": "0", "process_user_time": 1.534152}
[0m15:36:12.000413 [debug] [MainThread]: Command `dbt debug` succeeded at 15:36:12.000268 after 2.93 seconds
[0m15:36:12.000852 [debug] [MainThread]: Connection 'debug' was properly closed.
[0m15:36:12.001241 [debug] [MainThread]: Sending event: {'category': 'dbt', 'action': 'invocation', 'label': 'end', 'context': [<snowplow_tracker.self_describing_json.SelfDescribingJson object at 0x104645fd0>, <snowplow_tracker.self_describing_json.SelfDescribingJson object at 0x1436cbdc0>, <snowplow_tracker.self_describing_json.SelfDescribingJson object at 0x1436cbbb0>]}
[0m15:36:12.001751 [debug] [MainThread]: Flushing usage events
[0m15:36:12.727729 [debug] [MainThread]: An error was encountered while trying to flush usage events
[0m18:22:37.824608 [debug] [MainThread]: Sending event: {'category': 'dbt', 'action': 'invocation', 'label': 'start', 'context': [<snowplow_tracker.self_describing_json.SelfDescribingJson object at 0x1048c5fa0>, <snowplow_tracker.self_describing_json.SelfDescribingJson object at 0x105c974f0>, <snowplow_tracker.self_describing_json.SelfDescribingJson object at 0x105c97310>]}


============================== 18:22:37.827425 | 8d4bf455-7f77-4e71-9d92-7b473d322698 ==============================
[0m18:22:37.827425 [info ] [MainThread]: Running with dbt=1.11.0-b3
[0m18:22:37.827687 [debug] [MainThread]: running dbt with arguments {'fail_fast': 'False', 'indirect_selection': 'eager', 'partial_parse': 'True', 'target_path': 'None', 'quiet': 'False', 'printer_width': '80', 'empty': 'None', 'warn_error': 'None', 'write_json': 'True', 'introspect': 'True', 'cache_selected_only': 'False', 'log_path': '/Users/eli/franktfurter-pipeline/dbt/logs', 'use_colors': 'True', 'log_cache_events': 'False', 'log_format': 'default', 'debug': 'False', 'profiles_dir': '/Users/eli/.dbt', 'static_parser': 'True', 'no_print': 'None', 'invocation_command': 'dbt debug', 'use_experimental_parser': 'False', 'warn_error_options': 'WarnErrorOptionsV2(error=[], warn=[], silence=[])', 'version_check': 'True', 'send_anonymous_usage_stats': 'True'}
[0m18:22:37.834794 [info ] [MainThread]: dbt version: 1.11.0-b3
[0m18:22:37.835001 [info ] [MainThread]: python version: 3.9.6
[0m18:22:37.835136 [info ] [MainThread]: python path: /Library/Developer/CommandLineTools/usr/bin/python3
[0m18:22:37.835261 [info ] [MainThread]: os info: macOS-15.7.4-arm64-arm-64bit
[0m18:22:39.179763 [info ] [MainThread]: Using profiles dir at /Users/eli/.dbt
[0m18:22:39.180025 [info ] [MainThread]: Using profiles.yml file at /Users/eli/.dbt/profiles.yml
[0m18:22:39.180161 [info ] [MainThread]: Using dbt_project.yml file at /Users/eli/franktfurter-pipeline/dbt/dbt_project.yml
[0m18:22:39.180297 [info ] [MainThread]: adapter type: bigquery
[0m18:22:39.180417 [info ] [MainThread]: adapter version: 1.10.2
[0m18:22:39.227345 [info ] [MainThread]: Configuration:
[0m18:22:39.227580 [info ] [MainThread]:   profiles.yml file [[32mOK found and valid[0m]
[0m18:22:39.227724 [info ] [MainThread]:   dbt_project.yml file [[32mOK found and valid[0m]
[0m18:22:39.227842 [info ] [MainThread]: Required dependencies:
[0m18:22:39.228008 [debug] [MainThread]: Executing "git --help"
[0m18:22:39.244859 [debug] [MainThread]: STDOUT: "b"usage: git [-v | --version] [-h | --help] [-C <path>] [-c <name>=<value>]\n           [--exec-path[=<path>]] [--html-path] [--man-path] [--info-path]\n           [-p | --paginate | -P | --no-pager] [--no-replace-objects] [--bare]\n           [--git-dir=<path>] [--work-tree=<path>] [--namespace=<name>]\n           [--super-prefix=<path>] [--config-env=<name>=<envvar>]\n           <command> [<args>]\n\nThese are common Git commands used in various situations:\n\nstart a working area (see also: git help tutorial)\n   clone     Clone a repository into a new directory\n   init      Create an empty Git repository or reinitialize an existing one\n\nwork on the current change (see also: git help everyday)\n   add       Add file contents to the index\n   mv        Move or rename a file, a directory, or a symlink\n   restore   Restore working tree files\n   rm        Remove files from the working tree and from the index\n\nexamine the history and state (see also: git help revisions)\n   bisect    Use binary search to find the commit that introduced a bug\n   diff      Show changes between commits, commit and working tree, etc\n   grep      Print lines matching a pattern\n   log       Show commit logs\n   show      Show various types of objects\n   status    Show the working tree status\n\ngrow, mark and tweak your common history\n   branch    List, create, or delete branches\n   commit    Record changes to the repository\n   merge     Join two or more development histories together\n   rebase    Reapply commits on top of another base tip\n   reset     Reset current HEAD to the specified state\n   switch    Switch branches\n   tag       Create, list, delete or verify a tag object signed with GPG\n\ncollaborate (see also: git help workflows)\n   fetch     Download objects and refs from another repository\n   pull      Fetch from and integrate with another repository or a local branch\n   push      Update remote refs along with associated objects\n\n'git help -a' and 'git help -g' list available subcommands and some\nconcept guides. See 'git help <command>' or 'git help <concept>'\nto read about a specific subcommand or concept.\nSee 'git help git' for an overview of the system.\n""
[0m18:22:39.245287 [debug] [MainThread]: STDERR: "b''"
[0m18:22:39.245455 [info ] [MainThread]:  - git [[32mOK found[0m]

[0m18:22:39.245623 [info ] [MainThread]: Connection:
[0m18:22:39.245808 [info ] [MainThread]:   method: oauth
[0m18:22:39.245930 [info ] [MainThread]:   database: frankfurter-pipeline
[0m18:22:39.246053 [info ] [MainThread]:   execution_project: frankfurter-pipeline
[0m18:22:39.246175 [info ] [MainThread]:   schema: frankfurter_dev
[0m18:22:39.246293 [info ] [MainThread]:   location: EU
[0m18:22:39.246413 [info ] [MainThread]:   priority: interactive
[0m18:22:39.246532 [info ] [MainThread]:   maximum_bytes_billed: None
[0m18:22:39.246651 [info ] [MainThread]:   impersonate_service_account: None
[0m18:22:39.246769 [info ] [MainThread]:   job_retry_deadline_seconds: None
[0m18:22:39.246884 [info ] [MainThread]:   job_retries: 1
[0m18:22:39.247005 [info ] [MainThread]:   job_creation_timeout_seconds: None
[0m18:22:39.247122 [info ] [MainThread]:   job_execution_timeout_seconds: 1
[0m18:22:39.247239 [info ] [MainThread]:   timeout_seconds: 1
[0m18:22:39.247357 [info ] [MainThread]:   client_id: None
[0m18:22:39.247468 [info ] [MainThread]:   token_uri: None
[0m18:22:39.247583 [info ] [MainThread]:   compute_region: None
[0m18:22:39.247702 [info ] [MainThread]:   dataproc_cluster_name: None
[0m18:22:39.247819 [info ] [MainThread]:   gcs_bucket: None
[0m18:22:39.247931 [info ] [MainThread]:   dataproc_batch: None
[0m18:22:39.248307 [info ] [MainThread]: Registered adapter: bigquery=1.10.2
[0m18:22:39.366879 [debug] [MainThread]: Acquiring new bigquery connection 'debug'
[0m18:22:39.367168 [debug] [MainThread]: On debug: select 1 as id
[0m18:22:39.367311 [debug] [MainThread]: Opening a new connection, currently in state init
[0m18:22:40.622346 [debug] [MainThread]: BigQuery adapter: https://console.cloud.google.com/bigquery?project=frankfurter-pipeline&j=bq:EU:b0eb3411-8364-4ec1-a58b-cdb79d3bbcfc&page=queryresults
[0m18:22:40.961118 [info ] [MainThread]:   Connection test: [[32mOK connection ok[0m]

[0m18:22:40.961937 [info ] [MainThread]: [32mAll checks passed![0m
[0m18:22:40.968194 [debug] [MainThread]: Resource report: {"command_name": "debug", "command_success": true, "command_wall_clock_time": 3.1816566, "process_in_blocks": "0", "process_kernel_time": 0.322, "process_mem_max_rss": "351649792", "process_out_blocks": "0", "process_user_time": 1.606512}
[0m18:22:40.968870 [debug] [MainThread]: Command `dbt debug` succeeded at 18:22:40.968729 after 3.18 seconds
[0m18:22:40.969282 [debug] [MainThread]: Connection 'debug' was properly closed.
[0m18:22:40.969707 [debug] [MainThread]: Sending event: {'category': 'dbt', 'action': 'invocation', 'label': 'end', 'context': [<snowplow_tracker.self_describing_json.SelfDescribingJson object at 0x1048c5fa0>, <snowplow_tracker.self_describing_json.SelfDescribingJson object at 0x102e59e50>, <snowplow_tracker.self_describing_json.SelfDescribingJson object at 0x12f9e3df0>]}
[0m18:22:40.970205 [debug] [MainThread]: Flushing usage events
[0m18:22:41.488037 [debug] [MainThread]: An error was encountered while trying to flush usage events
[0m18:23:44.820606 [debug] [MainThread]: Sending event: {'category': 'dbt', 'action': 'invocation', 'label': 'start', 'context': [<snowplow_tracker.self_describing_json.SelfDescribingJson object at 0x1072fef70>, <snowplow_tracker.self_describing_json.SelfDescribingJson object at 0x10839f4c0>, <snowplow_tracker.self_describing_json.SelfDescribingJson object at 0x10839f2e0>]}


============================== 18:23:44.823023 | 8a9678c6-47a7-49a2-beb3-2b50ec8ce2b8 ==============================
[0m18:23:44.823023 [info ] [MainThread]: Running with dbt=1.11.0-b3
[0m18:23:44.823276 [debug] [MainThread]: running dbt with arguments {'partial_parse': 'True', 'use_colors': 'True', 'warn_error_options': 'WarnErrorOptionsV2(error=[], warn=[], silence=[])', 'introspect': 'True', 'log_format': 'default', 'debug': 'False', 'indirect_selection': 'eager', 'profiles_dir': '/Users/eli/.dbt', 'log_path': '/Users/eli/franktfurter-pipeline/dbt/logs', 'send_anonymous_usage_stats': 'True', 'invocation_command': 'dbt run', 'empty': 'False', 'printer_width': '80', 'version_check': 'True', 'cache_selected_only': 'False', 'target_path': 'None', 'warn_error': 'None', 'log_cache_events': 'False', 'write_json': 'True', 'static_parser': 'True', 'use_experimental_parser': 'False', 'quiet': 'False', 'no_print': 'None', 'fail_fast': 'False'}
[0m18:23:46.212581 [debug] [MainThread]: Sending event: {'category': 'dbt', 'action': 'project_id', 'label': '8a9678c6-47a7-49a2-beb3-2b50ec8ce2b8', 'context': [<snowplow_tracker.self_describing_json.SelfDescribingJson object at 0x105a88340>]}
[0m18:23:46.238839 [debug] [MainThread]: Sending event: {'category': 'dbt', 'action': 'adapter_info', 'label': '8a9678c6-47a7-49a2-beb3-2b50ec8ce2b8', 'context': [<snowplow_tracker.self_describing_json.SelfDescribingJson object at 0x1083586a0>]}
[0m18:23:46.239145 [info ] [MainThread]: Registered adapter: bigquery=1.10.2
[0m18:23:46.365654 [debug] [MainThread]: checksum: e63134dccc1251cfb572caf0e4aa952f030c125ee3634f3bf2c0a2e1bb6ae349, vars: {}, profile: , target: , version: 1.11.0b3
[0m18:23:46.366049 [info ] [MainThread]: Unable to do partial parsing because saved manifest not found. Starting full parse.
[0m18:23:46.366227 [debug] [MainThread]: Sending event: {'category': 'dbt', 'action': 'partial_parser', 'label': '8a9678c6-47a7-49a2-beb3-2b50ec8ce2b8', 'context': [<snowplow_tracker.self_describing_json.SelfDescribingJson object at 0x13208afa0>]}
[0m18:23:46.926650 [warn ] [MainThread]: [[33mWARNING[0m]: Configuration paths exist in your dbt_project.yml file which do not apply to any resources.
There are 1 unused configuration paths:
- models.frankfurter_pipeline.example
[0m18:23:46.931773 [debug] [MainThread]: Sending event: {'category': 'dbt', 'action': 'load_project', 'label': '8a9678c6-47a7-49a2-beb3-2b50ec8ce2b8', 'context': [<snowplow_tracker.self_describing_json.SelfDescribingJson object at 0x133427130>]}
[0m18:23:46.970043 [debug] [MainThread]: Wrote artifact WritableManifest to /Users/eli/franktfurter-pipeline/dbt/target/manifest.json
[0m18:23:46.971207 [debug] [MainThread]: Wrote artifact SemanticManifest to /Users/eli/franktfurter-pipeline/dbt/target/semantic_manifest.json
[0m18:23:46.982212 [debug] [MainThread]: Sending event: {'category': 'dbt', 'action': 'resource_counts', 'label': '8a9678c6-47a7-49a2-beb3-2b50ec8ce2b8', 'context': [<snowplow_tracker.self_describing_json.SelfDescribingJson object at 0x133444c40>]}
[0m18:23:46.982427 [info ] [MainThread]: Found 1 model, 1 source, 508 macros
[0m18:23:46.982580 [debug] [MainThread]: Sending event: {'category': 'dbt', 'action': 'runnable_timing', 'label': '8a9678c6-47a7-49a2-beb3-2b50ec8ce2b8', 'context': [<snowplow_tracker.self_describing_json.SelfDescribingJson object at 0x106d318e0>]}
[0m18:23:46.983170 [info ] [MainThread]: 
[0m18:23:46.983332 [info ] [MainThread]: Concurrency: 1 threads (target='dev')
[0m18:23:46.983452 [info ] [MainThread]: 
[0m18:23:46.983677 [debug] [MainThread]: Acquiring new bigquery connection 'master'
[0m18:23:46.984058 [debug] [ThreadPool]: Acquiring new bigquery connection 'list_frankfurter-pipeline'
[0m18:23:46.984231 [debug] [ThreadPool]: Opening a new connection, currently in state init
[0m18:23:47.886382 [debug] [ThreadPool]: Re-using an available connection from the pool (formerly list_frankfurter-pipeline, now list_frankfurter-pipeline_frankfurter_dev)
[0m18:23:47.887116 [debug] [ThreadPool]: Opening a new connection, currently in state closed
[0m18:23:48.138010 [debug] [MainThread]: Sending event: {'category': 'dbt', 'action': 'runnable_timing', 'label': '8a9678c6-47a7-49a2-beb3-2b50ec8ce2b8', 'context': [<snowplow_tracker.self_describing_json.SelfDescribingJson object at 0x133427280>]}
[0m18:23:48.139170 [debug] [MainThread]: Opening a new connection, currently in state init
[0m18:23:48.147067 [debug] [Thread-1  ]: Began running node model.frankfurter_pipeline.stg_exchange_rates
[0m18:23:48.147939 [info ] [Thread-1  ]: 1 of 1 START sql view model frankfurter_dev.stg_exchange_rates ................. [RUN]
[0m18:23:48.148573 [debug] [Thread-1  ]: Re-using an available connection from the pool (formerly list_frankfurter-pipeline_frankfurter_dev, now model.frankfurter_pipeline.stg_exchange_rates)
[0m18:23:48.148970 [debug] [Thread-1  ]: Began compiling node model.frankfurter_pipeline.stg_exchange_rates
[0m18:23:48.160521 [debug] [Thread-1  ]: Writing injected SQL for node "model.frankfurter_pipeline.stg_exchange_rates"
[0m18:23:48.161485 [debug] [Thread-1  ]: Began executing node model.frankfurter_pipeline.stg_exchange_rates
[0m18:23:48.183137 [debug] [Thread-1  ]: Writing runtime sql for node "model.frankfurter_pipeline.stg_exchange_rates"
[0m18:23:48.183863 [debug] [Thread-1  ]: On model.frankfurter_pipeline.stg_exchange_rates: /* {"app": "dbt", "dbt_version": "1.11.0b3", "profile_name": "frankfurter_pipeline", "target_name": "dev", "node_id": "model.frankfurter_pipeline.stg_exchange_rates"} */


  create or replace view `frankfurter-pipeline`.`frankfurter_dev`.`stg_exchange_rates`
  OPTIONS()
  as with source as (
    select
        date,
        base_currency,
        target_currency,
        rate
    from `frankfurter-pipeline`.`frankfurter_dev`.`exchange_rates`
),
renamed as (
    select
        date,
        base_currency,
        target_currency,
        cast(rate as FLOAT64) as rate
    from source
)
select * from renamed;


[0m18:23:48.184136 [debug] [Thread-1  ]: Opening a new connection, currently in state closed
[0m18:23:48.719739 [debug] [Thread-1  ]: BigQuery adapter: https://console.cloud.google.com/bigquery?project=frankfurter-pipeline&j=bq:EU:ab78baf5-205c-4d19-ab45-c64c6ac026a3&page=queryresults
[0m18:23:49.273328 [debug] [Thread-1  ]: Sending event: {'category': 'dbt', 'action': 'run_model', 'label': '8a9678c6-47a7-49a2-beb3-2b50ec8ce2b8', 'context': [<snowplow_tracker.self_describing_json.SelfDescribingJson object at 0x106daabb0>]}
[0m18:23:49.273651 [info ] [Thread-1  ]: 1 of 1 OK created sql view model frankfurter_dev.stg_exchange_rates ............ [[32mCREATE VIEW (0 processed)[0m in 1.12s]
[0m18:23:49.273920 [debug] [Thread-1  ]: Finished running node model.frankfurter_pipeline.stg_exchange_rates
[0m18:23:49.274377 [debug] [MainThread]: Opening a new connection, currently in state closed
[0m18:23:49.274638 [debug] [MainThread]: Connection 'master' was properly closed.
[0m18:23:49.274753 [debug] [MainThread]: Connection 'model.frankfurter_pipeline.stg_exchange_rates' was properly closed.
[0m18:23:49.274872 [info ] [MainThread]: 
[0m18:23:49.275018 [info ] [MainThread]: Finished running 1 view model in 0 hours 0 minutes and 2.29 seconds (2.29s).
[0m18:23:49.275300 [debug] [MainThread]: Command end result
[0m18:23:49.286231 [debug] [MainThread]: Wrote artifact WritableManifest to /Users/eli/franktfurter-pipeline/dbt/target/manifest.json
[0m18:23:49.287113 [debug] [MainThread]: Wrote artifact SemanticManifest to /Users/eli/franktfurter-pipeline/dbt/target/semantic_manifest.json
[0m18:23:49.289943 [debug] [MainThread]: Wrote artifact RunExecutionResult to /Users/eli/franktfurter-pipeline/dbt/target/run_results.json
[0m18:23:49.290074 [info ] [MainThread]: 
[0m18:23:49.290256 [info ] [MainThread]: [32mCompleted successfully[0m
[0m18:23:49.290387 [info ] [MainThread]: 
[0m18:23:49.290525 [info ] [MainThread]: Done. PASS=1 WARN=0 ERROR=0 SKIP=0 NO-OP=0 TOTAL=1
[0m18:23:49.292607 [debug] [MainThread]: Resource report: {"command_name": "run", "command_success": true, "command_wall_clock_time": 4.510063, "process_in_blocks": "0", "process_kernel_time": 0.365155, "process_mem_max_rss": "358432768", "process_out_blocks": "0", "process_user_time": 2.344287}
[0m18:23:49.292770 [debug] [MainThread]: Command `dbt run` succeeded at 18:23:49.292736 after 4.51 seconds
[0m18:23:49.292931 [debug] [MainThread]: Sending event: {'category': 'dbt', 'action': 'invocation', 'label': 'end', 'context': [<snowplow_tracker.self_describing_json.SelfDescribingJson object at 0x1072fef70>, <snowplow_tracker.self_describing_json.SelfDescribingJson object at 0x133263730>, <snowplow_tracker.self_describing_json.SelfDescribingJson object at 0x1075ab850>]}
[0m18:23:49.293082 [debug] [MainThread]: Flushing usage events
[0m18:23:49.825355 [debug] [MainThread]: An error was encountered while trying to flush usage events
[0m18:28:43.507836 [debug] [MainThread]: Sending event: {'category': 'dbt', 'action': 'invocation', 'label': 'start', 'context': [<snowplow_tracker.self_describing_json.SelfDescribingJson object at 0x10760dfa0>, <snowplow_tracker.self_describing_json.SelfDescribingJson object at 0x1086af490>, <snowplow_tracker.self_describing_json.SelfDescribingJson object at 0x1086af2b0>]}


============================== 18:28:43.510230 | 217b6b28-23e2-4ad7-b403-01bfac6250b6 ==============================
[0m18:28:43.510230 [info ] [MainThread]: Running with dbt=1.11.0-b3
[0m18:28:43.510506 [debug] [MainThread]: running dbt with arguments {'send_anonymous_usage_stats': 'True', 'warn_error': 'None', 'partial_parse': 'True', 'log_format': 'default', 'empty': 'False', 'no_print': 'None', 'use_colors': 'True', 'version_check': 'True', 'quiet': 'False', 'fail_fast': 'False', 'use_experimental_parser': 'False', 'printer_width': '80', 'write_json': 'True', 'indirect_selection': 'eager', 'invocation_command': 'dbt run', 'static_parser': 'True', 'profiles_dir': '/Users/eli/.dbt', 'log_cache_events': 'False', 'cache_selected_only': 'False', 'target_path': 'None', 'introspect': 'True', 'warn_error_options': 'WarnErrorOptionsV2(error=[], warn=[], silence=[])', 'debug': 'False', 'log_path': '/Users/eli/franktfurter-pipeline/dbt/logs'}
[0m18:28:44.889889 [debug] [MainThread]: Sending event: {'category': 'dbt', 'action': 'project_id', 'label': '217b6b28-23e2-4ad7-b403-01bfac6250b6', 'context': [<snowplow_tracker.self_describing_json.SelfDescribingJson object at 0x105d98370>]}
[0m18:28:44.916050 [debug] [MainThread]: Sending event: {'category': 'dbt', 'action': 'adapter_info', 'label': '217b6b28-23e2-4ad7-b403-01bfac6250b6', 'context': [<snowplow_tracker.self_describing_json.SelfDescribingJson object at 0x11ca1efa0>]}
[0m18:28:44.916331 [info ] [MainThread]: Registered adapter: bigquery=1.10.2
[0m18:28:45.041807 [debug] [MainThread]: checksum: e63134dccc1251cfb572caf0e4aa952f030c125ee3634f3bf2c0a2e1bb6ae349, vars: {}, profile: , target: , version: 1.11.0b3
[0m18:28:45.112234 [debug] [MainThread]: Partial parsing enabled: 0 files deleted, 2 files added, 0 files changed.
[0m18:28:45.112488 [debug] [MainThread]: Partial parsing: added file: frankfurter_pipeline://models/marts/exchange_rates_by_currency.sql
[0m18:28:45.112642 [debug] [MainThread]: Partial parsing: added file: frankfurter_pipeline://models/marts/exchange_rates_daily.sql
[0m18:28:45.224291 [warn ] [MainThread]: [[33mWARNING[0m]: Configuration paths exist in your dbt_project.yml file which do not apply to any resources.
There are 1 unused configuration paths:
- models.frankfurter_pipeline.example
[0m18:28:45.231181 [debug] [MainThread]: Sending event: {'category': 'dbt', 'action': 'load_project', 'label': '217b6b28-23e2-4ad7-b403-01bfac6250b6', 'context': [<snowplow_tracker.self_describing_json.SelfDescribingJson object at 0x11d1ef130>]}
[0m18:28:45.271235 [debug] [MainThread]: Wrote artifact WritableManifest to /Users/eli/franktfurter-pipeline/dbt/target/manifest.json
[0m18:28:45.272466 [debug] [MainThread]: Wrote artifact SemanticManifest to /Users/eli/franktfurter-pipeline/dbt/target/semantic_manifest.json
[0m18:28:45.281050 [debug] [MainThread]: Sending event: {'category': 'dbt', 'action': 'resource_counts', 'label': '217b6b28-23e2-4ad7-b403-01bfac6250b6', 'context': [<snowplow_tracker.self_describing_json.SelfDescribingJson object at 0x11d1ef2b0>]}
[0m18:28:45.281269 [info ] [MainThread]: Found 3 models, 1 source, 508 macros
[0m18:28:45.281420 [debug] [MainThread]: Sending event: {'category': 'dbt', 'action': 'runnable_timing', 'label': '217b6b28-23e2-4ad7-b403-01bfac6250b6', 'context': [<snowplow_tracker.self_describing_json.SelfDescribingJson object at 0x11d18b070>]}
[0m18:28:45.282023 [info ] [MainThread]: 
[0m18:28:45.282174 [info ] [MainThread]: Concurrency: 1 threads (target='dev')
[0m18:28:45.282297 [info ] [MainThread]: 
[0m18:28:45.282518 [debug] [MainThread]: Acquiring new bigquery connection 'master'
[0m18:28:45.284502 [debug] [ThreadPool]: Acquiring new bigquery connection 'list_frankfurter-pipeline'
[0m18:28:45.284663 [debug] [ThreadPool]: Opening a new connection, currently in state init
[0m18:28:46.168648 [debug] [ThreadPool]: Re-using an available connection from the pool (formerly list_frankfurter-pipeline, now list_frankfurter-pipeline_frankfurter_dev)
[0m18:28:46.169505 [debug] [ThreadPool]: Opening a new connection, currently in state closed
[0m18:28:46.400807 [debug] [MainThread]: Sending event: {'category': 'dbt', 'action': 'runnable_timing', 'label': '217b6b28-23e2-4ad7-b403-01bfac6250b6', 'context': [<snowplow_tracker.self_describing_json.SelfDescribingJson object at 0x11d120c10>]}
[0m18:28:46.401905 [debug] [MainThread]: Opening a new connection, currently in state init
[0m18:28:46.406690 [debug] [Thread-1  ]: Began running node model.frankfurter_pipeline.stg_exchange_rates
[0m18:28:46.407480 [info ] [Thread-1  ]: 1 of 3 START sql view model frankfurter_dev.stg_exchange_rates ................. [RUN]
[0m18:28:46.408020 [debug] [Thread-1  ]: Re-using an available connection from the pool (formerly list_frankfurter-pipeline_frankfurter_dev, now model.frankfurter_pipeline.stg_exchange_rates)
[0m18:28:46.408640 [debug] [Thread-1  ]: Began compiling node model.frankfurter_pipeline.stg_exchange_rates
[0m18:28:46.419915 [debug] [Thread-1  ]: Writing injected SQL for node "model.frankfurter_pipeline.stg_exchange_rates"
[0m18:28:46.420858 [debug] [Thread-1  ]: Began executing node model.frankfurter_pipeline.stg_exchange_rates
[0m18:28:46.442679 [debug] [Thread-1  ]: Writing runtime sql for node "model.frankfurter_pipeline.stg_exchange_rates"
[0m18:28:46.443178 [debug] [Thread-1  ]: On model.frankfurter_pipeline.stg_exchange_rates: /* {"app": "dbt", "dbt_version": "1.11.0b3", "profile_name": "frankfurter_pipeline", "target_name": "dev", "node_id": "model.frankfurter_pipeline.stg_exchange_rates"} */


  create or replace view `frankfurter-pipeline`.`frankfurter_dev`.`stg_exchange_rates`
  OPTIONS()
  as with source as (
    select
        date,
        base_currency,
        target_currency,
        rate
    from `frankfurter-pipeline`.`frankfurter_dev`.`exchange_rates`
),
renamed as (
    select
        date,
        base_currency,
        target_currency,
        cast(rate as FLOAT64) as rate
    from source
)
select * from renamed;


[0m18:28:46.443450 [debug] [Thread-1  ]: Opening a new connection, currently in state closed
[0m18:28:46.997629 [debug] [Thread-1  ]: BigQuery adapter: https://console.cloud.google.com/bigquery?project=frankfurter-pipeline&j=bq:EU:b364671b-d4ab-455a-abc0-11fce564fef0&page=queryresults
[0m18:28:47.296957 [debug] [Thread-1  ]: Sending event: {'category': 'dbt', 'action': 'run_model', 'label': '217b6b28-23e2-4ad7-b403-01bfac6250b6', 'context': [<snowplow_tracker.self_describing_json.SelfDescribingJson object at 0x11d2d3490>]}
[0m18:28:47.297397 [info ] [Thread-1  ]: 1 of 3 OK created sql view model frankfurter_dev.stg_exchange_rates ............ [[32mCREATE VIEW (0 processed)[0m in 0.89s]
[0m18:28:47.297732 [debug] [Thread-1  ]: Finished running node model.frankfurter_pipeline.stg_exchange_rates
[0m18:28:47.298158 [debug] [Thread-1  ]: Began running node model.frankfurter_pipeline.exchange_rates_by_currency
[0m18:28:47.298486 [info ] [Thread-1  ]: 2 of 3 START sql view model frankfurter_dev.exchange_rates_by_currency ......... [RUN]
[0m18:28:47.298746 [debug] [Thread-1  ]: Re-using an available connection from the pool (formerly model.frankfurter_pipeline.stg_exchange_rates, now model.frankfurter_pipeline.exchange_rates_by_currency)
[0m18:28:47.298954 [debug] [Thread-1  ]: Began compiling node model.frankfurter_pipeline.exchange_rates_by_currency
[0m18:28:47.300956 [debug] [Thread-1  ]: Writing injected SQL for node "model.frankfurter_pipeline.exchange_rates_by_currency"
[0m18:28:47.301380 [debug] [Thread-1  ]: Began executing node model.frankfurter_pipeline.exchange_rates_by_currency
[0m18:28:47.302988 [debug] [Thread-1  ]: Writing runtime sql for node "model.frankfurter_pipeline.exchange_rates_by_currency"
[0m18:28:47.303472 [debug] [Thread-1  ]: On model.frankfurter_pipeline.exchange_rates_by_currency: /* {"app": "dbt", "dbt_version": "1.11.0b3", "profile_name": "frankfurter_pipeline", "target_name": "dev", "node_id": "model.frankfurter_pipeline.exchange_rates_by_currency"} */


  create or replace view `frankfurter-pipeline`.`frankfurter_dev`.`exchange_rates_by_currency`
  OPTIONS()
  as with base as (
    select
        target_currency,
        rate
    from `frankfurter-pipeline`.`frankfurter_dev`.`stg_exchange_rates`
)
select
    target_currency,
    AVG(rate) as avg_rate,
    MIN(rate) as min_rate,
    MAX(rate) as max_rate,
    COUNT(*) as total_records
from base
group by target_currency
order by avg_rate desc;


[0m18:28:47.303677 [debug] [Thread-1  ]: Opening a new connection, currently in state closed
[0m18:28:47.921946 [debug] [Thread-1  ]: BigQuery adapter: https://console.cloud.google.com/bigquery?project=frankfurter-pipeline&j=bq:EU:814a0840-acdd-4c35-88d7-523b85bcee87&page=queryresults
[0m18:28:48.225941 [debug] [Thread-1  ]: Sending event: {'category': 'dbt', 'action': 'run_model', 'label': '217b6b28-23e2-4ad7-b403-01bfac6250b6', 'context': [<snowplow_tracker.self_describing_json.SelfDescribingJson object at 0x11d6be160>]}
[0m18:28:48.226692 [info ] [Thread-1  ]: 2 of 3 OK created sql view model frankfurter_dev.exchange_rates_by_currency .... [[32mCREATE VIEW (0 processed)[0m in 0.93s]
[0m18:28:48.227119 [debug] [Thread-1  ]: Finished running node model.frankfurter_pipeline.exchange_rates_by_currency
[0m18:28:48.227398 [debug] [Thread-1  ]: Began running node model.frankfurter_pipeline.exchange_rates_daily
[0m18:28:48.227808 [info ] [Thread-1  ]: 3 of 3 START sql view model frankfurter_dev.exchange_rates_daily ............... [RUN]
[0m18:28:48.228206 [debug] [Thread-1  ]: Re-using an available connection from the pool (formerly model.frankfurter_pipeline.exchange_rates_by_currency, now model.frankfurter_pipeline.exchange_rates_daily)
[0m18:28:48.228485 [debug] [Thread-1  ]: Began compiling node model.frankfurter_pipeline.exchange_rates_daily
[0m18:28:48.231086 [debug] [Thread-1  ]: Writing injected SQL for node "model.frankfurter_pipeline.exchange_rates_daily"
[0m18:28:48.231812 [debug] [Thread-1  ]: Began executing node model.frankfurter_pipeline.exchange_rates_daily
[0m18:28:48.233884 [debug] [Thread-1  ]: Writing runtime sql for node "model.frankfurter_pipeline.exchange_rates_daily"
[0m18:28:48.234386 [debug] [Thread-1  ]: On model.frankfurter_pipeline.exchange_rates_daily: /* {"app": "dbt", "dbt_version": "1.11.0b3", "profile_name": "frankfurter_pipeline", "target_name": "dev", "node_id": "model.frankfurter_pipeline.exchange_rates_daily"} */


  create or replace view `frankfurter-pipeline`.`frankfurter_dev`.`exchange_rates_daily`
  OPTIONS()
  as with base as (
    select
        date,
        base_currency,
        target_currency,
        rate
    from `frankfurter-pipeline`.`frankfurter_dev`.`stg_exchange_rates`
)
select
    date,
    base_currency,
    target_currency,
    rate,
    AVG(rate) OVER (
        PARTITION BY target_currency
        ORDER BY date
        ROWS BETWEEN 6 PRECEDING AND CURRENT ROW
    ) as rate_7day_avg
from base
order by date desc;


[0m18:28:48.234655 [debug] [Thread-1  ]: Opening a new connection, currently in state closed
[0m18:28:48.950521 [debug] [Thread-1  ]: BigQuery adapter: https://console.cloud.google.com/bigquery?project=frankfurter-pipeline&j=bq:EU:afa5eee9-d092-4589-a559-0bfe1854113f&page=queryresults
[0m18:28:49.279771 [debug] [Thread-1  ]: Sending event: {'category': 'dbt', 'action': 'run_model', 'label': '217b6b28-23e2-4ad7-b403-01bfac6250b6', 'context': [<snowplow_tracker.self_describing_json.SelfDescribingJson object at 0x11d6be160>]}
[0m18:28:49.281058 [info ] [Thread-1  ]: 3 of 3 OK created sql view model frankfurter_dev.exchange_rates_daily .......... [[32mCREATE VIEW (0 processed)[0m in 1.05s]
[0m18:28:49.281808 [debug] [Thread-1  ]: Finished running node model.frankfurter_pipeline.exchange_rates_daily
[0m18:28:49.283265 [debug] [MainThread]: Opening a new connection, currently in state closed
[0m18:28:49.284217 [debug] [MainThread]: Connection 'master' was properly closed.
[0m18:28:49.284600 [debug] [MainThread]: Connection 'model.frankfurter_pipeline.exchange_rates_daily' was properly closed.
[0m18:28:49.285093 [info ] [MainThread]: 
[0m18:28:49.285514 [info ] [MainThread]: Finished running 3 view models in 0 hours 0 minutes and 4.00 seconds (4.00s).
[0m18:28:49.286639 [debug] [MainThread]: Command end result
[0m18:28:49.313069 [debug] [MainThread]: Wrote artifact WritableManifest to /Users/eli/franktfurter-pipeline/dbt/target/manifest.json
[0m18:28:49.314788 [debug] [MainThread]: Wrote artifact SemanticManifest to /Users/eli/franktfurter-pipeline/dbt/target/semantic_manifest.json
[0m18:28:49.319669 [debug] [MainThread]: Wrote artifact RunExecutionResult to /Users/eli/franktfurter-pipeline/dbt/target/run_results.json
[0m18:28:49.319876 [info ] [MainThread]: 
[0m18:28:49.320116 [info ] [MainThread]: [32mCompleted successfully[0m
[0m18:28:49.320304 [info ] [MainThread]: 
[0m18:28:49.320503 [info ] [MainThread]: Done. PASS=3 WARN=0 ERROR=0 SKIP=0 NO-OP=0 TOTAL=3
[0m18:28:49.323476 [debug] [MainThread]: Resource report: {"command_name": "run", "command_success": true, "command_wall_clock_time": 5.8548408, "process_in_blocks": "0", "process_kernel_time": 0.367761, "process_mem_max_rss": "370622464", "process_out_blocks": "0", "process_user_time": 1.966783}
[0m18:28:49.323729 [debug] [MainThread]: Command `dbt run` succeeded at 18:28:49.323676 after 5.86 seconds
[0m18:28:49.323952 [debug] [MainThread]: Sending event: {'category': 'dbt', 'action': 'invocation', 'label': 'end', 'context': [<snowplow_tracker.self_describing_json.SelfDescribingJson object at 0x10760dfa0>, <snowplow_tracker.self_describing_json.SelfDescribingJson object at 0x11cb769a0>, <snowplow_tracker.self_describing_json.SelfDescribingJson object at 0x11d1ef2b0>]}
[0m18:28:49.324175 [debug] [MainThread]: Flushing usage events
[0m18:28:49.848324 [debug] [MainThread]: An error was encountered while trying to flush usage events
