[2026-04-21T00:16:26.528+0000] {taskinstance.py:1956} INFO - Dependencies all met for dep_context=non-requeueable deps ti=<TaskInstance: frankfurter_exchange_rates.save_to_gcs scheduled__2026-04-20T00:00:00+00:00 [queued]>
[2026-04-21T00:16:26.530+0000] {taskinstance.py:1956} INFO - Dependencies all met for dep_context=requeueable deps ti=<TaskInstance: frankfurter_exchange_rates.save_to_gcs scheduled__2026-04-20T00:00:00+00:00 [queued]>
[2026-04-21T00:16:26.530+0000] {taskinstance.py:2170} INFO - Starting attempt 2 of 2
[2026-04-21T00:16:26.534+0000] {taskinstance.py:2191} INFO - Executing <Task(PythonOperator): save_to_gcs> on 2026-04-20 00:00:00+00:00
[2026-04-21T00:16:26.536+0000] {standard_task_runner.py:60} INFO - Started process 1140 to run task
[2026-04-21T00:16:26.537+0000] {standard_task_runner.py:87} INFO - Running: ['***', 'tasks', 'run', 'frankfurter_exchange_rates', 'save_to_gcs', 'scheduled__2026-04-20T00:00:00+00:00', '--job-id', '7', '--raw', '--subdir', 'DAGS_FOLDER/frankfurter_dag.py', '--cfg-path', '/tmp/tmpi4dz5no5']
[2026-04-21T00:16:26.538+0000] {standard_task_runner.py:88} INFO - Job 7: Subtask save_to_gcs
[2026-04-21T00:16:26.552+0000] {task_command.py:423} INFO - Running <TaskInstance: frankfurter_exchange_rates.save_to_gcs scheduled__2026-04-20T00:00:00+00:00 [running]> on host e56095cf499a
[2026-04-21T00:16:26.572+0000] {taskinstance.py:2480} INFO - Exporting env vars: AIRFLOW_CTX_DAG_OWNER='***' AIRFLOW_CTX_DAG_ID='frankfurter_exchange_rates' AIRFLOW_CTX_TASK_ID='save_to_gcs' AIRFLOW_CTX_EXECUTION_DATE='2026-04-20T00:00:00+00:00' AIRFLOW_CTX_TRY_NUMBER='2' AIRFLOW_CTX_DAG_RUN_ID='scheduled__2026-04-20T00:00:00+00:00'
[2026-04-21T00:16:26.577+0000] {taskinstance.py:2698} ERROR - Task failed with exception
Traceback (most recent call last):
  File "/home/airflow/.local/lib/python3.8/site-packages/airflow/models/taskinstance.py", line 433, in _execute_task
    result = execute_callable(context=context, **execute_callable_kwargs)
  File "/home/airflow/.local/lib/python3.8/site-packages/airflow/operators/python.py", line 199, in execute
    return_value = self.execute_callable()
  File "/home/airflow/.local/lib/python3.8/site-packages/airflow/operators/python.py", line 216, in execute_callable
    return self.python_callable(*self.op_args, **self.op_kwargs)
  File "/opt/airflow/dags/frankfurter_dag.py", line 25, in save_to_gcs
    bucket = client.bucket('frankfurter-dl"')
  File "/home/airflow/.local/lib/python3.8/site-packages/google/cloud/storage/client.py", line 310, in bucket
    return Bucket(client=self, name=bucket_name, user_project=user_project)
  File "/home/airflow/.local/lib/python3.8/site-packages/google/cloud/storage/bucket.py", line 665, in __init__
    name = _validate_name(name)
  File "/home/airflow/.local/lib/python3.8/site-packages/google/cloud/storage/_helpers.py", line 100, in _validate_name
    raise ValueError("Bucket names must start and end with a number or letter.")
ValueError: Bucket names must start and end with a number or letter.
[2026-04-21T00:16:26.579+0000] {taskinstance.py:1138} INFO - Marking task as FAILED. dag_id=frankfurter_exchange_rates, task_id=save_to_gcs, execution_date=20260420T000000, start_date=20260421T001626, end_date=20260421T001626
[2026-04-21T00:16:26.582+0000] {standard_task_runner.py:107} ERROR - Failed to execute job 7 for task save_to_gcs (Bucket names must start and end with a number or letter.; 1140)
[2026-04-21T00:16:26.599+0000] {local_task_job_runner.py:234} INFO - Task exited with return code 1
[2026-04-21T00:16:26.606+0000] {taskinstance.py:3280} INFO - 0 downstream tasks scheduled from follow-on schedule check
