[2026-04-21T00:00:02.279+0000] {taskinstance.py:1956} INFO - Dependencies all met for dep_context=non-requeueable deps ti=<TaskInstance: frankfurter_exchange_rates.save_to_gcs scheduled__2026-04-20T00:00:00+00:00 [queued]>
[2026-04-21T00:00:02.281+0000] {taskinstance.py:1956} INFO - Dependencies all met for dep_context=requeueable deps ti=<TaskInstance: frankfurter_exchange_rates.save_to_gcs scheduled__2026-04-20T00:00:00+00:00 [queued]>
[2026-04-21T00:00:02.281+0000] {taskinstance.py:2170} INFO - Starting attempt 1 of 2
[2026-04-21T00:00:02.285+0000] {taskinstance.py:2191} INFO - Executing <Task(PythonOperator): save_to_gcs> on 2026-04-20 00:00:00+00:00
[2026-04-21T00:00:02.287+0000] {standard_task_runner.py:60} INFO - Started process 1125 to run task
[2026-04-21T00:00:02.288+0000] {standard_task_runner.py:87} INFO - Running: ['***', 'tasks', 'run', 'frankfurter_exchange_rates', 'save_to_gcs', 'scheduled__2026-04-20T00:00:00+00:00', '--job-id', '6', '--raw', '--subdir', 'DAGS_FOLDER/frankfurter_dag.py', '--cfg-path', '/tmp/tmpub0itxp9']
[2026-04-21T00:00:02.289+0000] {standard_task_runner.py:88} INFO - Job 6: Subtask save_to_gcs
[2026-04-21T00:00:02.303+0000] {task_command.py:423} INFO - Running <TaskInstance: frankfurter_exchange_rates.save_to_gcs scheduled__2026-04-20T00:00:00+00:00 [running]> on host e56095cf499a
[2026-04-21T00:00:02.323+0000] {taskinstance.py:2480} INFO - Exporting env vars: AIRFLOW_CTX_DAG_OWNER='***' AIRFLOW_CTX_DAG_ID='frankfurter_exchange_rates' AIRFLOW_CTX_TASK_ID='save_to_gcs' AIRFLOW_CTX_EXECUTION_DATE='2026-04-20T00:00:00+00:00' AIRFLOW_CTX_TRY_NUMBER='1' AIRFLOW_CTX_DAG_RUN_ID='scheduled__2026-04-20T00:00:00+00:00'
[2026-04-21T00:00:02.328+0000] {taskinstance.py:2698} ERROR - Task failed with exception
Traceback (most recent call last):
  File "/home/airflow/.local/lib/python3.8/site-packages/airflow/models/taskinstance.py", line 433, in _execute_task
    result = execute_callable(context=context, **execute_callable_kwargs)
  File "/home/airflow/.local/lib/python3.8/site-packages/airflow/operators/python.py", line 199, in execute
    return_value = self.execute_callable()
  File "/home/airflow/.local/lib/python3.8/site-packages/airflow/operators/python.py", line 216, in execute_callable
    return self.python_callable(*self.op_args, **self.op_kwargs)
  File "/opt/airflow/dags/frankfurter_dag.py", line 25, in save_to_gcs
    bucket = client.bucket('frankfurter-dl"')
  File "/home/airflow/.local/lib/python3.8/site-packages/google/cloud/storage/client.py", line 310, in bucket
    return Bucket(client=self, name=bucket_name, user_project=user_project)
  File "/home/airflow/.local/lib/python3.8/site-packages/google/cloud/storage/bucket.py", line 665, in __init__
    name = _validate_name(name)
  File "/home/airflow/.local/lib/python3.8/site-packages/google/cloud/storage/_helpers.py", line 100, in _validate_name
    raise ValueError("Bucket names must start and end with a number or letter.")
ValueError: Bucket names must start and end with a number or letter.
[2026-04-21T00:00:02.331+0000] {taskinstance.py:1138} INFO - Marking task as UP_FOR_RETRY. dag_id=frankfurter_exchange_rates, task_id=save_to_gcs, execution_date=20260420T000000, start_date=20260421T000002, end_date=20260421T000002
[2026-04-21T00:00:02.333+0000] {standard_task_runner.py:107} ERROR - Failed to execute job 6 for task save_to_gcs (Bucket names must start and end with a number or letter.; 1125)
[2026-04-21T00:00:02.346+0000] {local_task_job_runner.py:234} INFO - Task exited with return code 1
[2026-04-21T00:00:02.353+0000] {taskinstance.py:3280} INFO - 0 downstream tasks scheduled from follow-on schedule check
[2026-04-21T06:45:15.829+0000] {taskinstance.py:1956} INFO - Dependencies all met for dep_context=non-requeueable deps ti=<TaskInstance: frankfurter_exchange_rates.save_to_gcs scheduled__2026-04-20T00:00:00+00:00 [queued]>
[2026-04-21T06:45:15.833+0000] {taskinstance.py:1956} INFO - Dependencies all met for dep_context=requeueable deps ti=<TaskInstance: frankfurter_exchange_rates.save_to_gcs scheduled__2026-04-20T00:00:00+00:00 [queued]>
[2026-04-21T06:45:15.833+0000] {taskinstance.py:2170} INFO - Starting attempt 1 of 2
[2026-04-21T06:45:15.836+0000] {taskinstance.py:2191} INFO - Executing <Task(PythonOperator): save_to_gcs> on 2026-04-20 00:00:00+00:00
[2026-04-21T06:45:15.838+0000] {standard_task_runner.py:60} INFO - Started process 180 to run task
[2026-04-21T06:45:15.840+0000] {standard_task_runner.py:87} INFO - Running: ['***', 'tasks', 'run', 'frankfurter_exchange_rates', 'save_to_gcs', 'scheduled__2026-04-20T00:00:00+00:00', '--job-id', '3', '--raw', '--subdir', 'DAGS_FOLDER/frankfurter_dag.py', '--cfg-path', '/tmp/tmp3tvoq3m9']
[2026-04-21T06:45:15.840+0000] {standard_task_runner.py:88} INFO - Job 3: Subtask save_to_gcs
[2026-04-21T06:45:15.856+0000] {task_command.py:423} INFO - Running <TaskInstance: frankfurter_exchange_rates.save_to_gcs scheduled__2026-04-20T00:00:00+00:00 [running]> on host 8fe1493e3034
[2026-04-21T06:45:15.881+0000] {taskinstance.py:2480} INFO - Exporting env vars: AIRFLOW_CTX_DAG_OWNER='***' AIRFLOW_CTX_DAG_ID='frankfurter_exchange_rates' AIRFLOW_CTX_TASK_ID='save_to_gcs' AIRFLOW_CTX_EXECUTION_DATE='2026-04-20T00:00:00+00:00' AIRFLOW_CTX_TRY_NUMBER='1' AIRFLOW_CTX_DAG_RUN_ID='scheduled__2026-04-20T00:00:00+00:00'
[2026-04-21T06:45:16.319+0000] {logging_mixin.py:188} INFO - Saved data for 2026-04-20 to GCS
[2026-04-21T06:45:16.320+0000] {python.py:201} INFO - Done. Returned value was: None
[2026-04-21T06:45:16.332+0000] {taskinstance.py:1138} INFO - Marking task as SUCCESS. dag_id=frankfurter_exchange_rates, task_id=save_to_gcs, execution_date=20260420T000000, start_date=20260421T064515, end_date=20260421T064516
[2026-04-21T06:45:16.359+0000] {local_task_job_runner.py:234} INFO - Task exited with return code 0
[2026-04-21T06:45:16.374+0000] {taskinstance.py:3280} INFO - 1 downstream tasks scheduled from follow-on schedule check
