[2026-04-21T00:00:01.207+0000] {taskinstance.py:1956} INFO - Dependencies all met for dep_context=non-requeueable deps ti=<TaskInstance: frankfurter_exchange_rates.fetch_rates scheduled__2026-04-20T00:00:00+00:00 [queued]>
[2026-04-21T00:00:01.209+0000] {taskinstance.py:1956} INFO - Dependencies all met for dep_context=requeueable deps ti=<TaskInstance: frankfurter_exchange_rates.fetch_rates scheduled__2026-04-20T00:00:00+00:00 [queued]>
[2026-04-21T00:00:01.210+0000] {taskinstance.py:2170} INFO - Starting attempt 1 of 2
[2026-04-21T00:00:01.213+0000] {taskinstance.py:2191} INFO - Executing <Task(PythonOperator): fetch_rates> on 2026-04-20 00:00:00+00:00
[2026-04-21T00:00:01.215+0000] {standard_task_runner.py:60} INFO - Started process 1122 to run task
[2026-04-21T00:00:01.217+0000] {standard_task_runner.py:87} INFO - Running: ['***', 'tasks', 'run', 'frankfurter_exchange_rates', 'fetch_rates', 'scheduled__2026-04-20T00:00:00+00:00', '--job-id', '5', '--raw', '--subdir', 'DAGS_FOLDER/frankfurter_dag.py', '--cfg-path', '/tmp/tmp5d_q0164']
[2026-04-21T00:00:01.217+0000] {standard_task_runner.py:88} INFO - Job 5: Subtask fetch_rates
[2026-04-21T00:00:01.232+0000] {task_command.py:423} INFO - Running <TaskInstance: frankfurter_exchange_rates.fetch_rates scheduled__2026-04-20T00:00:00+00:00 [running]> on host e56095cf499a
[2026-04-21T00:00:01.252+0000] {taskinstance.py:2480} INFO - Exporting env vars: AIRFLOW_CTX_DAG_OWNER='***' AIRFLOW_CTX_DAG_ID='frankfurter_exchange_rates' AIRFLOW_CTX_TASK_ID='fetch_rates' AIRFLOW_CTX_EXECUTION_DATE='2026-04-20T00:00:00+00:00' AIRFLOW_CTX_TRY_NUMBER='1' AIRFLOW_CTX_DAG_RUN_ID='scheduled__2026-04-20T00:00:00+00:00'
[2026-04-21T00:00:01.673+0000] {python.py:201} INFO - Done. Returned value was: {'amount': 1.0, 'base': 'EUR', 'date': '2026-04-20', 'rates': {'AUD': 1.6432, 'BRL': 5.8601, 'CAD': 1.6105, 'CHF': 0.9189, 'CNY': 8.0176, 'CZK': 24.289, 'DKK': 7.4734, 'GBP': 0.87045, 'HKD': 9.2105, 'HUF': 362.48, 'IDR': 20144.41, 'ILS': 3.5228, 'INR': 109.4525, 'ISK': 143.2, 'JPY': 186.88, 'KRW': 1729.01, 'MXN': 20.4036, 'MYR': 4.6481, 'NOK': 10.9745, 'NZD': 2.0003, 'PHP': 70.411, 'PLN': 4.2335, 'RON': 5.0989, 'SEK': 10.7685, 'SGD': 1.4952, 'THB': 37.72, 'TRY': 52.7784, 'USD': 1.176, 'ZAR': 19.2275}}
[2026-04-21T00:00:01.697+0000] {taskinstance.py:1138} INFO - Marking task as SUCCESS. dag_id=frankfurter_exchange_rates, task_id=fetch_rates, execution_date=20260420T000000, start_date=20260421T000001, end_date=20260421T000001
[2026-04-21T00:00:01.728+0000] {local_task_job_runner.py:234} INFO - Task exited with return code 0
[2026-04-21T00:00:01.745+0000] {taskinstance.py:3280} INFO - 1 downstream tasks scheduled from follow-on schedule check
[2026-04-21T06:45:14.789+0000] {taskinstance.py:1956} INFO - Dependencies all met for dep_context=non-requeueable deps ti=<TaskInstance: frankfurter_exchange_rates.fetch_rates scheduled__2026-04-20T00:00:00+00:00 [queued]>
[2026-04-21T06:45:14.791+0000] {taskinstance.py:1956} INFO - Dependencies all met for dep_context=requeueable deps ti=<TaskInstance: frankfurter_exchange_rates.fetch_rates scheduled__2026-04-20T00:00:00+00:00 [queued]>
[2026-04-21T06:45:14.792+0000] {taskinstance.py:2170} INFO - Starting attempt 1 of 2
[2026-04-21T06:45:14.795+0000] {taskinstance.py:2191} INFO - Executing <Task(PythonOperator): fetch_rates> on 2026-04-20 00:00:00+00:00
[2026-04-21T06:45:14.797+0000] {standard_task_runner.py:60} INFO - Started process 177 to run task
[2026-04-21T06:45:14.798+0000] {standard_task_runner.py:87} INFO - Running: ['***', 'tasks', 'run', 'frankfurter_exchange_rates', 'fetch_rates', 'scheduled__2026-04-20T00:00:00+00:00', '--job-id', '2', '--raw', '--subdir', 'DAGS_FOLDER/frankfurter_dag.py', '--cfg-path', '/tmp/tmp_uzchb6t']
[2026-04-21T06:45:14.800+0000] {standard_task_runner.py:88} INFO - Job 2: Subtask fetch_rates
[2026-04-21T06:45:14.817+0000] {task_command.py:423} INFO - Running <TaskInstance: frankfurter_exchange_rates.fetch_rates scheduled__2026-04-20T00:00:00+00:00 [running]> on host 8fe1493e3034
[2026-04-21T06:45:14.840+0000] {taskinstance.py:2480} INFO - Exporting env vars: AIRFLOW_CTX_DAG_OWNER='***' AIRFLOW_CTX_DAG_ID='frankfurter_exchange_rates' AIRFLOW_CTX_TASK_ID='fetch_rates' AIRFLOW_CTX_EXECUTION_DATE='2026-04-20T00:00:00+00:00' AIRFLOW_CTX_TRY_NUMBER='1' AIRFLOW_CTX_DAG_RUN_ID='scheduled__2026-04-20T00:00:00+00:00'
[2026-04-21T06:45:15.194+0000] {python.py:201} INFO - Done. Returned value was: {'amount': 1.0, 'base': 'EUR', 'date': '2026-04-20', 'rates': {'AUD': 1.6432, 'BRL': 5.8601, 'CAD': 1.6105, 'CHF': 0.9189, 'CNY': 8.0176, 'CZK': 24.289, 'DKK': 7.4734, 'GBP': 0.87045, 'HKD': 9.2105, 'HUF': 362.48, 'IDR': 20144.41, 'ILS': 3.5228, 'INR': 109.4525, 'ISK': 143.2, 'JPY': 186.88, 'KRW': 1729.01, 'MXN': 20.4036, 'MYR': 4.6481, 'NOK': 10.9745, 'NZD': 2.0003, 'PHP': 70.411, 'PLN': 4.2335, 'RON': 5.0989, 'SEK': 10.7685, 'SGD': 1.4952, 'THB': 37.72, 'TRY': 52.7784, 'USD': 1.176, 'ZAR': 19.2275}}
[2026-04-21T06:45:15.212+0000] {taskinstance.py:1138} INFO - Marking task as SUCCESS. dag_id=frankfurter_exchange_rates, task_id=fetch_rates, execution_date=20260420T000000, start_date=20260421T064514, end_date=20260421T064515
[2026-04-21T06:45:15.241+0000] {local_task_job_runner.py:234} INFO - Task exited with return code 0
[2026-04-21T06:45:15.255+0000] {taskinstance.py:3280} INFO - 1 downstream tasks scheduled from follow-on schedule check
