[2026-04-20T16:45:37.558+0000] {taskinstance.py:1956} INFO - Dependencies all met for dep_context=non-requeueable deps ti=<TaskInstance: frankfurter_exchange_rates.save_to_gcs scheduled__2026-04-19T00:00:00+00:00 [queued]>
[2026-04-20T16:45:37.560+0000] {taskinstance.py:1956} INFO - Dependencies all met for dep_context=requeueable deps ti=<TaskInstance: frankfurter_exchange_rates.save_to_gcs scheduled__2026-04-19T00:00:00+00:00 [queued]>
[2026-04-20T16:45:37.560+0000] {taskinstance.py:2170} INFO - Starting attempt 1 of 2
[2026-04-20T16:45:37.564+0000] {taskinstance.py:2191} INFO - Executing <Task(PythonOperator): save_to_gcs> on 2026-04-19 00:00:00+00:00
[2026-04-20T16:45:37.565+0000] {standard_task_runner.py:60} INFO - Started process 216 to run task
[2026-04-20T16:45:37.567+0000] {standard_task_runner.py:87} INFO - Running: ['***', 'tasks', 'run', 'frankfurter_exchange_rates', 'save_to_gcs', 'scheduled__2026-04-19T00:00:00+00:00', '--job-id', '3', '--raw', '--subdir', 'DAGS_FOLDER/frankfurter_dag.py', '--cfg-path', '/tmp/tmpu0sast5y']
[2026-04-20T16:45:37.568+0000] {standard_task_runner.py:88} INFO - Job 3: Subtask save_to_gcs
[2026-04-20T16:45:37.581+0000] {task_command.py:423} INFO - Running <TaskInstance: frankfurter_exchange_rates.save_to_gcs scheduled__2026-04-19T00:00:00+00:00 [running]> on host f7a9624355af
[2026-04-20T16:45:37.601+0000] {taskinstance.py:2480} INFO - Exporting env vars: AIRFLOW_CTX_DAG_OWNER='***' AIRFLOW_CTX_DAG_ID='frankfurter_exchange_rates' AIRFLOW_CTX_TASK_ID='save_to_gcs' AIRFLOW_CTX_EXECUTION_DATE='2026-04-19T00:00:00+00:00' AIRFLOW_CTX_TRY_NUMBER='1' AIRFLOW_CTX_DAG_RUN_ID='scheduled__2026-04-19T00:00:00+00:00'
[2026-04-20T16:45:37.924+0000] {taskinstance.py:2698} ERROR - Task failed with exception
Traceback (most recent call last):
  File "/home/airflow/.local/lib/python3.8/site-packages/google/cloud/storage/blob.py", line 2607, in _prep_and_do_upload
    created_json = self._do_upload(
  File "/home/airflow/.local/lib/python3.8/site-packages/google/cloud/storage/blob.py", line 2413, in _do_upload
    response = self._do_multipart_upload(
  File "/home/airflow/.local/lib/python3.8/site-packages/google/cloud/storage/blob.py", line 1926, in _do_multipart_upload
    response = upload.transmit(
  File "/home/airflow/.local/lib/python3.8/site-packages/google/resumable_media/requests/upload.py", line 153, in transmit
    return _request_helpers.wait_and_retry(
  File "/home/airflow/.local/lib/python3.8/site-packages/google/resumable_media/requests/_request_helpers.py", line 155, in wait_and_retry
    response = func()
  File "/home/airflow/.local/lib/python3.8/site-packages/google/resumable_media/requests/upload.py", line 149, in retriable_request
    self._process_response(result)
  File "/home/airflow/.local/lib/python3.8/site-packages/google/resumable_media/_upload.py", line 125, in _process_response
    _helpers.require_status_code(response, (http.client.OK,), self._get_status_code)
  File "/home/airflow/.local/lib/python3.8/site-packages/google/resumable_media/_helpers.py", line 108, in require_status_code
    raise common.InvalidResponse(
google.resumable_media.common.InvalidResponse: ('Request failed with status code', 403, 'Expected one of', 200)

During handling of the above exception, another exception occurred:

Traceback (most recent call last):
  File "/home/airflow/.local/lib/python3.8/site-packages/airflow/models/taskinstance.py", line 433, in _execute_task
    result = execute_callable(context=context, **execute_callable_kwargs)
  File "/home/airflow/.local/lib/python3.8/site-packages/airflow/operators/python.py", line 199, in execute
    return_value = self.execute_callable()
  File "/home/airflow/.local/lib/python3.8/site-packages/airflow/operators/python.py", line 216, in execute_callable
    return self.python_callable(*self.op_args, **self.op_kwargs)
  File "/opt/airflow/dags/frankfurter_dag.py", line 27, in save_to_gcs
    blob.upload_from_string(json.dumps(data))
  File "/home/airflow/.local/lib/python3.8/site-packages/google/cloud/storage/blob.py", line 3059, in upload_from_string
    self.upload_from_file(
  File "/home/airflow/.local/lib/python3.8/site-packages/google/cloud/storage/blob.py", line 2766, in upload_from_file
    self._prep_and_do_upload(
  File "/home/airflow/.local/lib/python3.8/site-packages/google/cloud/storage/blob.py", line 2625, in _prep_and_do_upload
    _raise_from_invalid_response(exc)
  File "/home/airflow/.local/lib/python3.8/site-packages/google/cloud/storage/blob.py", line 4791, in _raise_from_invalid_response
    raise exceptions.from_http_status(response.status_code, message, response=response)
google.api_core.exceptions.Forbidden: 403 POST https://storage.googleapis.com/upload/storage/v1/b/frankfurter-data-lake-dev/o?uploadType=multipart: {
  "error": {
    "code": 403,
    "message": "zanlorense.eli@gmail.com does not have storage.objects.create access to the Google Cloud Storage object. Permission 'storage.objects.create' denied on resource (or it may not exist).",
    "errors": [
      {
        "message": "zanlorense.eli@gmail.com does not have storage.objects.create access to the Google Cloud Storage object. Permission 'storage.objects.create' denied on resource (or it may not exist).",
        "domain": "global",
        "reason": "forbidden"
      }
    ]
  }
}
: ('Request failed with status code', 403, 'Expected one of', <HTTPStatus.OK: 200>)
[2026-04-20T16:45:37.937+0000] {taskinstance.py:1138} INFO - Marking task as UP_FOR_RETRY. dag_id=frankfurter_exchange_rates, task_id=save_to_gcs, execution_date=20260419T000000, start_date=20260420T164537, end_date=20260420T164537
[2026-04-20T16:45:37.945+0000] {standard_task_runner.py:107} ERROR - Failed to execute job 3 for task save_to_gcs (403 POST https://storage.googleapis.com/upload/storage/v1/b/frankfurter-data-lake-dev/o?uploadType=multipart: {
  "error": {
    "code": 403,
    "message": "zanlorense.eli@gmail.com does not have storage.objects.create access to the Google Cloud Storage object. Permission 'storage.objects.create' denied on resource (or it may not exist).",
    "errors": [
      {
        "message": "zanlorense.eli@gmail.com does not have storage.objects.create access to the Google Cloud Storage object. Permission 'storage.objects.create' denied on resource (or it may not exist).",
        "domain": "global",
        "reason": "forbidden"
      }
    ]
  }
}
: ('Request failed with status code', 403, 'Expected one of', <HTTPStatus.OK: 200>); 216)
[2026-04-20T16:45:37.963+0000] {local_task_job_runner.py:234} INFO - Task exited with return code 1
[2026-04-20T16:45:37.977+0000] {taskinstance.py:3280} INFO - 0 downstream tasks scheduled from follow-on schedule check
