[2026-03-29T08:29:53.642+0000] {taskinstance.py:1956} INFO - Dependencies all met for dep_context=non-requeueable deps ti=<TaskInstance: frankfurter_exchange_rates.save_to_gcs scheduled__2026-03-28T00:00:00+00:00 [queued]>
[2026-03-29T08:29:53.645+0000] {taskinstance.py:1956} INFO - Dependencies all met for dep_context=requeueable deps ti=<TaskInstance: frankfurter_exchange_rates.save_to_gcs scheduled__2026-03-28T00:00:00+00:00 [queued]>
[2026-03-29T08:29:53.645+0000] {taskinstance.py:2170} INFO - Starting attempt 1 of 2
[2026-03-29T08:29:53.649+0000] {taskinstance.py:2191} INFO - Executing <Task(PythonOperator): save_to_gcs> on 2026-03-28 00:00:00+00:00
[2026-03-29T08:29:53.651+0000] {standard_task_runner.py:60} INFO - Started process 197 to run task
[2026-03-29T08:29:53.653+0000] {standard_task_runner.py:87} INFO - Running: ['***', 'tasks', 'run', 'frankfurter_exchange_rates', 'save_to_gcs', 'scheduled__2026-03-28T00:00:00+00:00', '--job-id', '3', '--raw', '--subdir', 'DAGS_FOLDER/frankfurter_dag.py', '--cfg-path', '/tmp/tmpepofqook']
[2026-03-29T08:29:53.654+0000] {standard_task_runner.py:88} INFO - Job 3: Subtask save_to_gcs
[2026-03-29T08:29:53.671+0000] {task_command.py:423} INFO - Running <TaskInstance: frankfurter_exchange_rates.save_to_gcs scheduled__2026-03-28T00:00:00+00:00 [running]> on host ea2edc6b3d5b
[2026-03-29T08:29:53.693+0000] {taskinstance.py:2480} INFO - Exporting env vars: AIRFLOW_CTX_DAG_OWNER='***' AIRFLOW_CTX_DAG_ID='frankfurter_exchange_rates' AIRFLOW_CTX_TASK_ID='save_to_gcs' AIRFLOW_CTX_EXECUTION_DATE='2026-03-28T00:00:00+00:00' AIRFLOW_CTX_TRY_NUMBER='1' AIRFLOW_CTX_DAG_RUN_ID='scheduled__2026-03-28T00:00:00+00:00'
[2026-03-29T08:29:53.701+0000] {_default.py:683} WARNING - No project ID could be determined. Consider running `gcloud config set project` or setting the GOOGLE_CLOUD_PROJECT environment variable
[2026-03-29T08:29:53.701+0000] {taskinstance.py:2698} ERROR - Task failed with exception
Traceback (most recent call last):
  File "/home/airflow/.local/lib/python3.8/site-packages/airflow/models/taskinstance.py", line 433, in _execute_task
    result = execute_callable(context=context, **execute_callable_kwargs)
  File "/home/airflow/.local/lib/python3.8/site-packages/airflow/operators/python.py", line 199, in execute
    return_value = self.execute_callable()
  File "/home/airflow/.local/lib/python3.8/site-packages/airflow/operators/python.py", line 216, in execute_callable
    return self.python_callable(*self.op_args, **self.op_kwargs)
  File "/opt/airflow/dags/frankfurter_dag.py", line 25, in save_to_gcs
    client = storage.Client()
  File "/home/airflow/.local/lib/python3.8/site-packages/google/cloud/storage/client.py", line 172, in __init__
    super(Client, self).__init__(
  File "/home/airflow/.local/lib/python3.8/site-packages/google/cloud/client/__init__.py", line 320, in __init__
    _ClientProjectMixin.__init__(self, project=project, credentials=credentials)
  File "/home/airflow/.local/lib/python3.8/site-packages/google/cloud/client/__init__.py", line 271, in __init__
    raise EnvironmentError(
OSError: Project was not passed and could not be determined from the environment.
[2026-03-29T08:29:53.703+0000] {taskinstance.py:1138} INFO - Marking task as UP_FOR_RETRY. dag_id=frankfurter_exchange_rates, task_id=save_to_gcs, execution_date=20260328T000000, start_date=20260329T082953, end_date=20260329T082953
[2026-03-29T08:29:53.706+0000] {standard_task_runner.py:107} ERROR - Failed to execute job 3 for task save_to_gcs (Project was not passed and could not be determined from the environment.; 197)
[2026-03-29T08:29:53.711+0000] {local_task_job_runner.py:234} INFO - Task exited with return code 1
[2026-03-29T08:29:53.716+0000] {taskinstance.py:3280} INFO - 0 downstream tasks scheduled from follow-on schedule check
[2026-03-29T08:41:02.464+0000] {taskinstance.py:1956} INFO - Dependencies all met for dep_context=non-requeueable deps ti=<TaskInstance: frankfurter_exchange_rates.save_to_gcs scheduled__2026-03-28T00:00:00+00:00 [queued]>
[2026-03-29T08:41:02.468+0000] {taskinstance.py:1956} INFO - Dependencies all met for dep_context=requeueable deps ti=<TaskInstance: frankfurter_exchange_rates.save_to_gcs scheduled__2026-03-28T00:00:00+00:00 [queued]>
[2026-03-29T08:41:02.468+0000] {taskinstance.py:2170} INFO - Starting attempt 1 of 2
[2026-03-29T08:41:02.473+0000] {taskinstance.py:2191} INFO - Executing <Task(PythonOperator): save_to_gcs> on 2026-03-28 00:00:00+00:00
[2026-03-29T08:41:02.475+0000] {standard_task_runner.py:60} INFO - Started process 182 to run task
[2026-03-29T08:41:02.478+0000] {standard_task_runner.py:87} INFO - Running: ['***', 'tasks', 'run', 'frankfurter_exchange_rates', 'save_to_gcs', 'scheduled__2026-03-28T00:00:00+00:00', '--job-id', '3', '--raw', '--subdir', 'DAGS_FOLDER/frankfurter_dag.py', '--cfg-path', '/tmp/tmphnxo9z2v']
[2026-03-29T08:41:02.479+0000] {standard_task_runner.py:88} INFO - Job 3: Subtask save_to_gcs
[2026-03-29T08:41:02.507+0000] {task_command.py:423} INFO - Running <TaskInstance: frankfurter_exchange_rates.save_to_gcs scheduled__2026-03-28T00:00:00+00:00 [running]> on host 3a7255b90bc3
[2026-03-29T08:41:02.542+0000] {taskinstance.py:2480} INFO - Exporting env vars: AIRFLOW_CTX_DAG_OWNER='***' AIRFLOW_CTX_DAG_ID='frankfurter_exchange_rates' AIRFLOW_CTX_TASK_ID='save_to_gcs' AIRFLOW_CTX_EXECUTION_DATE='2026-03-28T00:00:00+00:00' AIRFLOW_CTX_TRY_NUMBER='1' AIRFLOW_CTX_DAG_RUN_ID='scheduled__2026-03-28T00:00:00+00:00'
[2026-03-29T08:41:03.157+0000] {logging_mixin.py:188} INFO - Saved data for 2026-03-28 to GCS
[2026-03-29T08:41:03.158+0000] {python.py:201} INFO - Done. Returned value was: None
[2026-03-29T08:41:03.167+0000] {taskinstance.py:1138} INFO - Marking task as SUCCESS. dag_id=frankfurter_exchange_rates, task_id=save_to_gcs, execution_date=20260328T000000, start_date=20260329T084102, end_date=20260329T084103
[2026-03-29T08:41:03.205+0000] {local_task_job_runner.py:234} INFO - Task exited with return code 0
[2026-03-29T08:41:03.214+0000] {taskinstance.py:3280} INFO - 0 downstream tasks scheduled from follow-on schedule check
