[2026-03-29T08:34:54.217+0000] {taskinstance.py:1956} INFO - Dependencies all met for dep_context=non-requeueable deps ti=<TaskInstance: frankfurter_exchange_rates.save_to_gcs scheduled__2026-03-28T00:00:00+00:00 [queued]>
[2026-03-29T08:34:54.219+0000] {taskinstance.py:1956} INFO - Dependencies all met for dep_context=requeueable deps ti=<TaskInstance: frankfurter_exchange_rates.save_to_gcs scheduled__2026-03-28T00:00:00+00:00 [queued]>
[2026-03-29T08:34:54.220+0000] {taskinstance.py:2170} INFO - Starting attempt 2 of 2
[2026-03-29T08:34:54.223+0000] {taskinstance.py:2191} INFO - Executing <Task(PythonOperator): save_to_gcs> on 2026-03-28 00:00:00+00:00
[2026-03-29T08:34:54.225+0000] {standard_task_runner.py:60} INFO - Started process 249 to run task
[2026-03-29T08:34:54.226+0000] {standard_task_runner.py:87} INFO - Running: ['***', 'tasks', 'run', 'frankfurter_exchange_rates', 'save_to_gcs', 'scheduled__2026-03-28T00:00:00+00:00', '--job-id', '4', '--raw', '--subdir', 'DAGS_FOLDER/frankfurter_dag.py', '--cfg-path', '/tmp/tmpqp2jygjy']
[2026-03-29T08:34:54.227+0000] {standard_task_runner.py:88} INFO - Job 4: Subtask save_to_gcs
[2026-03-29T08:34:54.244+0000] {task_command.py:423} INFO - Running <TaskInstance: frankfurter_exchange_rates.save_to_gcs scheduled__2026-03-28T00:00:00+00:00 [running]> on host ea2edc6b3d5b
[2026-03-29T08:34:54.268+0000] {taskinstance.py:2480} INFO - Exporting env vars: AIRFLOW_CTX_DAG_OWNER='***' AIRFLOW_CTX_DAG_ID='frankfurter_exchange_rates' AIRFLOW_CTX_TASK_ID='save_to_gcs' AIRFLOW_CTX_EXECUTION_DATE='2026-03-28T00:00:00+00:00' AIRFLOW_CTX_TRY_NUMBER='2' AIRFLOW_CTX_DAG_RUN_ID='scheduled__2026-03-28T00:00:00+00:00'
[2026-03-29T08:34:54.274+0000] {_default.py:683} WARNING - No project ID could be determined. Consider running `gcloud config set project` or setting the GOOGLE_CLOUD_PROJECT environment variable
[2026-03-29T08:34:54.274+0000] {taskinstance.py:2698} ERROR - Task failed with exception
Traceback (most recent call last):
  File "/home/airflow/.local/lib/python3.8/site-packages/airflow/models/taskinstance.py", line 433, in _execute_task
    result = execute_callable(context=context, **execute_callable_kwargs)
  File "/home/airflow/.local/lib/python3.8/site-packages/airflow/operators/python.py", line 199, in execute
    return_value = self.execute_callable()
  File "/home/airflow/.local/lib/python3.8/site-packages/airflow/operators/python.py", line 216, in execute_callable
    return self.python_callable(*self.op_args, **self.op_kwargs)
  File "/opt/airflow/dags/frankfurter_dag.py", line 25, in save_to_gcs
    client = storage.Client()
  File "/home/airflow/.local/lib/python3.8/site-packages/google/cloud/storage/client.py", line 172, in __init__
    super(Client, self).__init__(
  File "/home/airflow/.local/lib/python3.8/site-packages/google/cloud/client/__init__.py", line 320, in __init__
    _ClientProjectMixin.__init__(self, project=project, credentials=credentials)
  File "/home/airflow/.local/lib/python3.8/site-packages/google/cloud/client/__init__.py", line 271, in __init__
    raise EnvironmentError(
OSError: Project was not passed and could not be determined from the environment.
[2026-03-29T08:34:54.277+0000] {taskinstance.py:1138} INFO - Marking task as FAILED. dag_id=frankfurter_exchange_rates, task_id=save_to_gcs, execution_date=20260328T000000, start_date=20260329T083454, end_date=20260329T083454
[2026-03-29T08:34:54.280+0000] {standard_task_runner.py:107} ERROR - Failed to execute job 4 for task save_to_gcs (Project was not passed and could not be determined from the environment.; 249)
[2026-03-29T08:34:54.286+0000] {local_task_job_runner.py:234} INFO - Task exited with return code 1
[2026-03-29T08:34:54.291+0000] {taskinstance.py:3280} INFO - 0 downstream tasks scheduled from follow-on schedule check
